{"meta": {"format": 3, "version": "7.14.1", "timestamp": "2026-05-27T03:36:40.993072", "branch_coverage": false, "show_contexts": false}, "files": {"ivgs-api/app/__init__.py": {"executed_lines": [], "summary": {"covered_lines": 0, "num_statements": 0, "percent_covered": 100.0, "percent_covered_display": "100", "missing_lines": 0, "excluded_lines": 0, "percent_statements_covered": 100.0, "percent_statements_covered_display": "100"}, "missing_lines": [], "excluded_lines": [], "functions": {"": {"executed_lines": [], "summary": {"covered_lines": 0, "num_statements": 0, "percent_covered": 100.0, "percent_covered_display": "100", "missing_lines": 0, "excluded_lines": 0, "percent_statements_covered": 100.0, "percent_statements_covered_display": "100"}, "missing_lines": [], "excluded_lines": [], "start_line": 1}}, "classes": {"": {"executed_lines": [], "summary": {"covered_lines": 0, "num_statements": 0, "percent_covered": 100.0, "percent_covered_display": "100", "missing_lines": 0, "excluded_lines": 0, "percent_statements_covered": 100.0, "percent_statements_covered_display": "100"}, "missing_lines": [], "excluded_lines": [], "start_line": 1}}}, "ivgs-api/app/api/__init__.py": {"executed_lines": [], "summary": {"covered_lines": 0, "num_statements": 0, "percent_covered": 100.0, "percent_covered_display": "100", "missing_lines": 0, "excluded_lines": 0, "percent_statements_covered": 100.0, "percent_statements_covered_display": "100"}, "missing_lines": [], "excluded_lines": [], "functions": {"": {"executed_lines": [], "summary": {"covered_lines": 0, "num_statements": 0, "percent_covered": 100.0, "percent_covered_display": "100", "missing_lines": 0, "excluded_lines": 0, "percent_statements_covered": 100.0, "percent_statements_covered_display": "100"}, "missing_lines": [], "excluded_lines": [], "start_line": 1}}, "classes": {"": {"executed_lines": [], "summary": {"covered_lines": 0, "num_statements": 0, "percent_covered": 100.0, "percent_covered_display": "100", "missing_lines": 0, "excluded_lines": 0, "percent_statements_covered": 100.0, "percent_statements_covered_display": "100"}, "missing_lines": [], "excluded_lines": [], "start_line": 1}}}, "ivgs-api/app/api/deps.py": {"executed_lines": [7, 8, 11], "summary": {"covered_lines": 3, "num_statements": 4, "percent_covered": 75.0, "percent_covered_display": "75", "missing_lines": 1, "excluded_lines": 0, "percent_statements_covered": 75.0, "percent_statements_covered_display": "75"}, "missing_lines": [13], "excluded_lines": [], "functions": {"require_admin": {"executed_lines": [], "summary": {"covered_lines": 0, "num_statements": 1, "percent_covered": 0.0, "percent_covered_display": "0", "missing_lines": 1, "excluded_lines": 0, "percent_statements_covered": 0.0, "percent_statements_covered_display": "0"}, "missing_lines": [13], "excluded_lines": [], "start_line": 11}, "": {"executed_lines": [7, 8, 11], "summary": {"covered_lines": 3, "num_statements": 3, "percent_covered": 100.0, "percent_covered_display": "100", "missing_lines": 0, "excluded_lines": 0, "percent_statements_covered": 100.0, "percent_statements_covered_display": "100"}, "missing_lines": [], "excluded_lines": [], "start_line": 1}}, "classes": {"": {"executed_lines": [7, 8, 11], "summary": {"covered_lines": 3, "num_statements": 4, "percent_covered": 75.0, "percent_covered_display": "75", "missing_lines": 1, "excluded_lines": 0, "percent_statements_covered": 75.0, "percent_statements_covered_display": "75"}, "missing_lines": [13], "excluded_lines": [], "start_line": 1}}}, "ivgs-api/app/api/v1/__init__.py": {"executed_lines": [7, 10, 11, 12, 15, 16, 17, 18, 19, 20, 21, 24, 31, 32, 33, 36, 37, 38, 39, 42, 43, 44, 45, 48, 51, 54, 57, 58, 61, 64, 65, 66, 67, 68, 71, 72, 75, 76, 77, 80, 81, 82, 83, 86, 87, 88, 89, 92, 93, 94, 95, 98], "summary": {"covered_lines": 52, "num_statements": 52, "percent_covered": 100.0, "percent_covered_display": "100", "missing_lines": 0, "excluded_lines": 0, "percent_statements_covered": 100.0, "percent_statements_covered_display": "100"}, "missing_lines": [], "excluded_lines": [], "functions": {"": {"executed_lines": [7, 10, 11, 12, 15, 16, 17, 18, 19, 20, 21, 24, 31, 32, 33, 36, 37, 38, 39, 42, 43, 44, 45, 48, 51, 54, 57, 58, 61, 64, 65, 66, 67, 68, 71, 72, 75, 76, 77, 80, 81, 82, 83, 86, 87, 88, 89, 92, 93, 94, 95, 98], "summary": {"covered_lines": 52, "num_statements": 52, "percent_covered": 100.0, "percent_covered_display": "100", "missing_lines": 0, "excluded_lines": 0, "percent_statements_covered": 100.0, "percent_statements_covered_display": "100"}, "missing_lines": [], "excluded_lines": [], "start_line": 1}}, "classes": {"": {"executed_lines": [7, 10, 11, 12, 15, 16, 17, 18, 19, 20, 21, 24, 31, 32, 33, 36, 37, 38, 39, 42, 43, 44, 45, 48, 51, 54, 57, 58, 61, 64, 65, 66, 67, 68, 71, 72, 75, 76, 77, 80, 81, 82, 83, 86, 87, 88, 89, 92, 93, 94, 95, 98], "summary": {"covered_lines": 52, "num_statements": 52, "percent_covered": 100.0, "percent_covered_display": "100", "missing_lines": 0, "excluded_lines": 0, "percent_statements_covered": 100.0, "percent_statements_covered_display": "100"}, "missing_lines": [], "excluded_lines": [], "start_line": 1}}}, "ivgs-api/app/api/v1/alerts.py": {"executed_lines": [3, 5, 7, 9, 11, 14, 15], "summary": {"covered_lines": 7, "num_statements": 17, "percent_covered": 41.1764705882353, "percent_covered_display": "41", "missing_lines": 10, "excluded_lines": 0, "percent_statements_covered": 41.1764705882353, "percent_statements_covered_display": "41"}, "missing_lines": [17, 19, 20, 31, 32, 33, 35, 36, 40, 42], "excluded_lines": [], "functions": {"alertmanager_webhook": {"executed_lines": [], "summary": {"covered_lines": 0, "num_statements": 10, "percent_covered": 0.0, "percent_covered_display": "0", "missing_lines": 10, "excluded_lines": 0, "percent_statements_covered": 0.0, "percent_statements_covered_display": "0"}, "missing_lines": [17, 19, 20, 31, 32, 33, 35, 36, 40, 42], "excluded_lines": [], "start_line": 15}, "": {"executed_lines": [3, 5, 7, 9, 11, 14, 15], "summary": {"covered_lines": 7, "num_statements": 7, "percent_covered": 100.0, "percent_covered_display": "100", "missing_lines": 0, "excluded_lines": 0, "percent_statements_covered": 100.0, "percent_statements_covered_display": "100"}, "missing_lines": [], "excluded_lines": [], "start_line": 1}}, "classes": {"": {"executed_lines": [3, 5, 7, 9, 11, 14, 15], "summary": {"covered_lines": 7, "num_statements": 17, "percent_covered": 41.1764705882353, "percent_covered_display": "41", "missing_lines": 10, "excluded_lines": 0, "percent_statements_covered": 41.1764705882353, "percent_statements_covered_display": "41"}, "missing_lines": [17, 19, 20, 31, 32, 33, 35, 36, 40, 42], "excluded_lines": [], "start_line": 1}}}, "ivgs-api/app/api/v1/assets.py": {"executed_lines": [12, 13, 14, 16, 17, 18, 20, 21, 22, 23, 24, 25, 26, 27, 28, 30, 32, 33, 36, 41, 52, 53, 62, 72, 78, 88, 90, 92, 93, 94, 103, 104, 111, 112, 118, 119, 128, 129, 154, 160, 195, 200, 206, 207], "summary": {"covered_lines": 44, "num_statements": 69, "percent_covered": 63.768115942028984, "percent_covered_display": "64", "missing_lines": 25, "excluded_lines": 0, "percent_statements_covered": 63.768115942028984, "percent_statements_covered_display": "64"}, "missing_lines": [61, 108, 120, 121, 125, 135, 136, 137, 138, 143, 144, 166, 167, 168, 169, 175, 180, 182, 187, 188, 189, 191, 192, 208, 209], "excluded_lines": [], "functions": {"list_assets": {"executed_lines": [52, 53, 62], "summary": {"covered_lines": 3, "num_statements": 4, "percent_covered": 75.0, "percent_covered_display": "75", "missing_lines": 1, "excluded_lines": 0, "percent_statements_covered": 75.0, "percent_statements_covered_display": "75"}, "missing_lines": [61], "excluded_lines": [], "start_line": 41}, "upload_asset": {"executed_lines": [88, 90, 92, 93, 94, 103, 104], "summary": {"covered_lines": 7, "num_statements": 8, "percent_covered": 87.5, "percent_covered_display": "88", "missing_lines": 1, "excluded_lines": 0, "percent_statements_covered": 87.5, "percent_statements_covered_display": "88"}, "missing_lines": [108], "excluded_lines": [], "start_line": 78}, "get_asset": {"executed_lines": [118, 119], "summary": {"covered_lines": 2, "num_statements": 5, "percent_covered": 40.0, "percent_covered_display": "40", "missing_lines": 3, "excluded_lines": 0, "percent_statements_covered": 40.0, "percent_statements_covered_display": "40"}, "missing_lines": [120, 121, 125], "excluded_lines": [], "start_line": 112}, "download_asset": {"executed_lines": [], "summary": {"covered_lines": 0, "num_statements": 6, "percent_covered": 0.0, "percent_covered_display": "0", "missing_lines": 6, "excluded_lines": 0, "percent_statements_covered": 0.0, "percent_statements_covered_display": "0"}, "missing_lines": [135, 136, 137, 138, 143, 144], "excluded_lines": [], "start_line": 129}, "regenerate_asset": {"executed_lines": [], "summary": {"covered_lines": 0, "num_statements": 12, "percent_covered": 0.0, "percent_covered_display": "0", "missing_lines": 12, "excluded_lines": 0, "percent_statements_covered": 0.0, "percent_statements_covered_display": "0"}, "missing_lines": [166, 167, 168, 169, 175, 180, 182, 187, 188, 189, 191, 192], "excluded_lines": [], "start_line": 160}, "delete_asset": {"executed_lines": [206, 207], "summary": {"covered_lines": 2, "num_statements": 4, "percent_covered": 50.0, "percent_covered_display": "50", "missing_lines": 2, "excluded_lines": 0, "percent_statements_covered": 50.0, "percent_statements_covered_display": "50"}, "missing_lines": [208, 209], "excluded_lines": [], "start_line": 200}, "": {"executed_lines": [12, 13, 14, 16, 17, 18, 20, 21, 22, 23, 24, 25, 26, 27, 28, 30, 32, 33, 36, 41, 72, 78, 111, 112, 128, 129, 154, 160, 195, 200], "summary": {"covered_lines": 30, "num_statements": 30, "percent_covered": 100.0, "percent_covered_display": "100", "missing_lines": 0, "excluded_lines": 0, "percent_statements_covered": 100.0, "percent_statements_covered_display": "100"}, "missing_lines": [], "excluded_lines": [], "start_line": 1}}, "classes": {"": {"executed_lines": [12, 13, 14, 16, 17, 18, 20, 21, 22, 23, 24, 25, 26, 27, 28, 30, 32, 33, 36, 41, 52, 53, 62, 72, 78, 88, 90, 92, 93, 94, 103, 104, 111, 112, 118, 119, 128, 129, 154, 160, 195, 200, 206, 207], "summary": {"covered_lines": 44, "num_statements": 69, "percent_covered": 63.768115942028984, "percent_covered_display": "64", "missing_lines": 25, "excluded_lines": 0, "percent_statements_covered": 63.768115942028984, "percent_statements_covered_display": "64"}, "missing_lines": [61, 108, 120, 121, 125, 135, 136, 137, 138, 143, 144, 166, 167, 168, 169, 175, 180, 182, 187, 188, 189, 191, 192, 208, 209], "excluded_lines": [], "start_line": 1}}}, "ivgs-api/app/api/v1/auth.py": {"executed_lines": [9, 11, 12, 14, 15, 22, 29, 30, 32, 34, 37, 47, 55, 56, 72, 78, 85, 86, 88, 89, 90, 93, 102, 107, 108, 109, 110, 111, 123, 129, 131], "summary": {"covered_lines": 31, "num_statements": 35, "percent_covered": 88.57142857142857, "percent_covered_display": "89", "missing_lines": 4, "excluded_lines": 0, "percent_statements_covered": 88.57142857142857, "percent_statements_covered_display": "89"}, "missing_lines": [57, 58, 59, 60], "excluded_lines": [], "functions": {"auth_login": {"executed_lines": [55, 56], "summary": {"covered_lines": 2, "num_statements": 6, "percent_covered": 33.333333333333336, "percent_covered_display": "33", "missing_lines": 4, "excluded_lines": 0, "percent_statements_covered": 33.333333333333336, "percent_statements_covered_display": "33"}, "missing_lines": [57, 58, 59, 60], "excluded_lines": [], "start_line": 47}, "auth_logout": {"executed_lines": [85, 86, 88, 89, 90], "summary": {"covered_lines": 5, "num_statements": 5, "percent_covered": 100.0, "percent_covered_display": "100", "missing_lines": 0, "excluded_lines": 0, "percent_statements_covered": 100.0, "percent_statements_covered_display": "100"}, "missing_lines": [], "excluded_lines": [], "start_line": 78}, "auth_refresh": {"executed_lines": [107, 108, 109, 110, 111], "summary": {"covered_lines": 5, "num_statements": 5, "percent_covered": 100.0, "percent_covered_display": "100", "missing_lines": 0, "excluded_lines": 0, "percent_statements_covered": 100.0, "percent_statements_covered_display": "100"}, "missing_lines": [], "excluded_lines": [], "start_line": 102}, "auth_me": {"executed_lines": [131], "summary": {"covered_lines": 1, "num_statements": 1, "percent_covered": 100.0, "percent_covered_display": "100", "missing_lines": 0, "excluded_lines": 0, "percent_statements_covered": 100.0, "percent_statements_covered_display": "100"}, "missing_lines": [], "excluded_lines": [], "start_line": 129}, "": {"executed_lines": [9, 11, 12, 14, 15, 22, 29, 30, 32, 34, 37, 47, 72, 78, 93, 102, 123, 129], "summary": {"covered_lines": 18, "num_statements": 18, "percent_covered": 100.0, "percent_covered_display": "100", "missing_lines": 0, "excluded_lines": 0, "percent_statements_covered": 100.0, "percent_statements_covered_display": "100"}, "missing_lines": [], "excluded_lines": [], "start_line": 1}}, "classes": {"": {"executed_lines": [9, 11, 12, 14, 15, 22, 29, 30, 32, 34, 37, 47, 55, 56, 72, 78, 85, 86, 88, 89, 90, 93, 102, 107, 108, 109, 110, 111, 123, 129, 131], "summary": {"covered_lines": 31, "num_statements": 35, "percent_covered": 88.57142857142857, "percent_covered_display": "89", "missing_lines": 4, "excluded_lines": 0, "percent_statements_covered": 88.57142857142857, "percent_statements_covered_display": "89"}, "missing_lines": [57, 58, 59, 60], "excluded_lines": [], "start_line": 1}}}, "ivgs-api/app/api/v1/backup.py": {"executed_lines": [11, 13, 14, 15, 16, 17, 19, 20, 22, 23, 25, 27, 34, 35, 36, 37, 38, 39, 40, 41, 42, 43, 46, 47, 48, 49, 50, 51, 52, 55, 56, 59, 60, 61, 62, 63, 64, 67, 68, 69, 70, 71, 72, 79, 80, 157, 158, 190, 191, 240, 304, 340], "summary": {"covered_lines": 52, "num_statements": 120, "percent_covered": 43.333333333333336, "percent_covered_display": "43", "missing_lines": 68, "excluded_lines": 0, "percent_statements_covered": 43.333333333333336, "percent_statements_covered_display": "43"}, "missing_lines": [89, 91, 92, 94, 95, 96, 97, 98, 99, 104, 107, 113, 116, 117, 118, 120, 130, 132, 147, 164, 166, 167, 169, 176, 179, 181, 197, 199, 206, 207, 213, 214, 220, 224, 227, 229, 242, 244, 250, 252, 253, 258, 260, 262, 263, 265, 279, 291, 292, 293, 294, 301, 306, 307, 309, 310, 316, 318, 319, 320, 328, 335, 336, 337, 342, 343, 344, 345], "excluded_lines": [], "functions": {"list_backup_records": {"executed_lines": [], "summary": {"covered_lines": 0, "num_statements": 19, "percent_covered": 0.0, "percent_covered_display": "0", "missing_lines": 19, "excluded_lines": 0, "percent_statements_covered": 0.0, "percent_statements_covered_display": "0"}, "missing_lines": [89, 91, 92, 94, 95, 96, 97, 98, 99, 104, 107, 113, 116, 117, 118, 120, 130, 132, 147], "excluded_lines": [], "start_line": 80}, "trigger_backup": {"executed_lines": [], "summary": {"covered_lines": 0, "num_statements": 7, "percent_covered": 0.0, "percent_covered_display": "0", "missing_lines": 7, "excluded_lines": 0, "percent_statements_covered": 0.0, "percent_statements_covered_display": "0"}, "missing_lines": [164, 166, 167, 169, 176, 179, 181], "excluded_lines": [], "start_line": 158}, "verify_backup": {"executed_lines": [], "summary": {"covered_lines": 0, "num_statements": 10, "percent_covered": 0.0, "percent_covered_display": "0", "missing_lines": 10, "excluded_lines": 0, "percent_statements_covered": 0.0, "percent_statements_covered_display": "0"}, "missing_lines": [197, 199, 206, 207, 213, 214, 220, 224, 227, 229], "excluded_lines": [], "start_line": 191}, "_run_backup": {"executed_lines": [], "summary": {"covered_lines": 0, "num_statements": 16, "percent_covered": 0.0, "percent_covered_display": "0", "missing_lines": 16, "excluded_lines": 0, "percent_statements_covered": 0.0, "percent_statements_covered_display": "0"}, "missing_lines": [242, 244, 250, 252, 253, 258, 260, 262, 263, 265, 279, 291, 292, 293, 294, 301], "excluded_lines": [], "start_line": 240}, "_run_verification": {"executed_lines": [], "summary": {"covered_lines": 0, "num_statements": 12, "percent_covered": 0.0, "percent_covered_display": "0", "missing_lines": 12, "excluded_lines": 0, "percent_statements_covered": 0.0, "percent_statements_covered_display": "0"}, "missing_lines": [306, 307, 309, 310, 316, 318, 319, 320, 328, 335, 336, 337], "excluded_lines": [], "start_line": 304}, "_parse_backup_size": {"executed_lines": [], "summary": {"covered_lines": 0, "num_statements": 4, "percent_covered": 0.0, "percent_covered_display": "0", "missing_lines": 4, "excluded_lines": 0, "percent_statements_covered": 0.0, "percent_statements_covered_display": "0"}, "missing_lines": [342, 343, 344, 345], "excluded_lines": [], "start_line": 340}, "": {"executed_lines": [11, 13, 14, 15, 16, 17, 19, 20, 22, 23, 25, 27, 34, 35, 36, 37, 38, 39, 40, 41, 42, 43, 46, 47, 48, 49, 50, 51, 52, 55, 56, 59, 60, 61, 62, 63, 64, 67, 68, 69, 70, 71, 72, 79, 80, 157, 158, 190, 191, 240, 304, 340], "summary": {"covered_lines": 52, "num_statements": 52, "percent_covered": 100.0, "percent_covered_display": "100", "missing_lines": 0, "excluded_lines": 0, "percent_statements_covered": 100.0, "percent_statements_covered_display": "100"}, "missing_lines": [], "excluded_lines": [], "start_line": 1}}, "classes": {"BackupRecord": {"executed_lines": [], "summary": {"covered_lines": 0, "num_statements": 0, "percent_covered": 100.0, "percent_covered_display": "100", "missing_lines": 0, "excluded_lines": 0, "percent_statements_covered": 100.0, "percent_statements_covered_display": "100"}, "missing_lines": [], "excluded_lines": [], "start_line": 34}, "BackupListResponse": {"executed_lines": [], "summary": {"covered_lines": 0, "num_statements": 0, "percent_covered": 100.0, "percent_covered_display": "100", "missing_lines": 0, "excluded_lines": 0, "percent_statements_covered": 100.0, "percent_statements_covered_display": "100"}, "missing_lines": [], "excluded_lines": [], "start_line": 46}, "BackupTriggerRequest": {"executed_lines": [], "summary": {"covered_lines": 0, "num_statements": 0, "percent_covered": 100.0, "percent_covered_display": "100", "missing_lines": 0, "excluded_lines": 0, "percent_statements_covered": 100.0, "percent_statements_covered_display": "100"}, "missing_lines": [], "excluded_lines": [], "start_line": 55}, "BackupTriggerResponse": {"executed_lines": [], "summary": {"covered_lines": 0, "num_statements": 0, "percent_covered": 100.0, "percent_covered_display": "100", "missing_lines": 0, "excluded_lines": 0, "percent_statements_covered": 100.0, "percent_statements_covered_display": "100"}, "missing_lines": [], "excluded_lines": [], "start_line": 59}, "BackupVerifyResponse": {"executed_lines": [], "summary": {"covered_lines": 0, "num_statements": 0, "percent_covered": 100.0, "percent_covered_display": "100", "missing_lines": 0, "excluded_lines": 0, "percent_statements_covered": 100.0, "percent_statements_covered_display": "100"}, "missing_lines": [], "excluded_lines": [], "start_line": 67}, "": {"executed_lines": [11, 13, 14, 15, 16, 17, 19, 20, 22, 23, 25, 27, 34, 35, 36, 37, 38, 39, 40, 41, 42, 43, 46, 47, 48, 49, 50, 51, 52, 55, 56, 59, 60, 61, 62, 63, 64, 67, 68, 69, 70, 71, 72, 79, 80, 157, 158, 190, 191, 240, 304, 340], "summary": {"covered_lines": 52, "num_statements": 120, "percent_covered": 43.333333333333336, "percent_covered_display": "43", "missing_lines": 68, "excluded_lines": 0, "percent_statements_covered": 43.333333333333336, "percent_statements_covered_display": "43"}, "missing_lines": [89, 91, 92, 94, 95, 96, 97, 98, 99, 104, 107, 113, 116, 117, 118, 120, 130, 132, 147, 164, 166, 167, 169, 176, 179, 181, 197, 199, 206, 207, 213, 214, 220, 224, 227, 229, 242, 244, 250, 252, 253, 258, 260, 262, 263, 265, 279, 291, 292, 293, 294, 301, 306, 307, 309, 310, 316, 318, 319, 320, 328, 335, 336, 337, 342, 343, 344, 345], "excluded_lines": [], "start_line": 1}}}, "ivgs-api/app/api/v1/checkpoints.py": {"executed_lines": [12, 13, 15, 16, 17, 19, 20, 21, 22, 23, 24, 25, 30, 31, 33, 35, 38, 47, 79, 84, 90, 106, 111, 118, 137, 142, 148, 175, 180, 186], "summary": {"covered_lines": 30, "num_statements": 62, "percent_covered": 48.38709677419355, "percent_covered_display": "48", "missing_lines": 32, "excluded_lines": 0, "percent_statements_covered": 48.38709677419355, "percent_statements_covered_display": "48"}, "missing_lines": [48, 49, 50, 60, 61, 64, 65, 66, 76, 91, 92, 93, 94, 103, 119, 120, 121, 122, 134, 149, 150, 151, 152, 153, 162, 163, 172, 187, 188, 189, 190, 199], "excluded_lines": [], "functions": {"_verify_job_access": {"executed_lines": [47], "summary": {"covered_lines": 1, "num_statements": 10, "percent_covered": 10.0, "percent_covered_display": "10", "missing_lines": 9, "excluded_lines": 0, "percent_statements_covered": 10.0, "percent_statements_covered_display": "10"}, "missing_lines": [48, 49, 50, 60, 61, 64, 65, 66, 76], "excluded_lines": [], "start_line": 38}, "list_checkpoints": {"executed_lines": [90], "summary": {"covered_lines": 1, "num_statements": 6, "percent_covered": 16.666666666666668, "percent_covered_display": "17", "missing_lines": 5, "excluded_lines": 0, "percent_statements_covered": 16.666666666666668, "percent_statements_covered_display": "17"}, "missing_lines": [91, 92, 93, 94, 103], "excluded_lines": [], "start_line": 84}, "get_stage_checkpoint": {"executed_lines": [118], "summary": {"covered_lines": 1, "num_statements": 6, "percent_covered": 16.666666666666668, "percent_covered_display": "17", "missing_lines": 5, "excluded_lines": 0, "percent_statements_covered": 16.666666666666668, "percent_statements_covered_display": "17"}, "missing_lines": [119, 120, 121, 122, 134], "excluded_lines": [], "start_line": 111}, "resume_pipeline": {"executed_lines": [148], "summary": {"covered_lines": 1, "num_statements": 9, "percent_covered": 11.11111111111111, "percent_covered_display": "11", "missing_lines": 8, "excluded_lines": 0, "percent_statements_covered": 11.11111111111111, "percent_statements_covered_display": "11"}, "missing_lines": [149, 150, 151, 152, 153, 162, 163, 172], "excluded_lines": [], "start_line": 142}, "clear_checkpoints": {"executed_lines": [186], "summary": {"covered_lines": 1, "num_statements": 6, "percent_covered": 16.666666666666668, "percent_covered_display": "17", "missing_lines": 5, "excluded_lines": 0, "percent_statements_covered": 16.666666666666668, "percent_statements_covered_display": "17"}, "missing_lines": [187, 188, 189, 190, 199], "excluded_lines": [], "start_line": 180}, "": {"executed_lines": [12, 13, 15, 16, 17, 19, 20, 21, 22, 23, 24, 25, 30, 31, 33, 35, 38, 79, 84, 106, 111, 137, 142, 175, 180], "summary": {"covered_lines": 25, "num_statements": 25, "percent_covered": 100.0, "percent_covered_display": "100", "missing_lines": 0, "excluded_lines": 0, "percent_statements_covered": 100.0, "percent_statements_covered_display": "100"}, "missing_lines": [], "excluded_lines": [], "start_line": 1}}, "classes": {"": {"executed_lines": [12, 13, 15, 16, 17, 19, 20, 21, 22, 23, 24, 25, 30, 31, 33, 35, 38, 47, 79, 84, 90, 106, 111, 118, 137, 142, 148, 175, 180, 186], "summary": {"covered_lines": 30, "num_statements": 62, "percent_covered": 48.38709677419355, "percent_covered_display": "48", "missing_lines": 32, "excluded_lines": 0, "percent_statements_covered": 48.38709677419355, "percent_statements_covered_display": "48"}, "missing_lines": [48, 49, 50, 60, 61, 64, 65, 66, 76, 91, 92, 93, 94, 103, 119, 120, 121, 122, 134, 149, 150, 151, 152, 153, 162, 163, 172, 187, 188, 189, 190, 199], "excluded_lines": [], "start_line": 1}}}, "ivgs-api/app/api/v1/dlq.py": {"executed_lines": [14, 15, 16, 17, 19, 20, 22, 23, 24, 25, 26, 34, 36, 38, 41, 46, 64, 65, 85, 90, 96, 97, 111, 116, 122, 123, 124, 148, 153, 160, 161, 162, 188, 193, 198, 199, 202, 207, 213, 214], "summary": {"covered_lines": 40, "num_statements": 55, "percent_covered": 72.72727272727273, "percent_covered_display": "73", "missing_lines": 15, "excluded_lines": 0, "percent_statements_covered": 72.72727272727273, "percent_statements_covered_display": "73"}, "missing_lines": [74, 75, 98, 99, 108, 125, 126, 135, 136, 145, 165, 166, 175, 176, 185], "excluded_lines": [], "functions": {"list_dlq_messages": {"executed_lines": [64, 65], "summary": {"covered_lines": 2, "num_statements": 4, "percent_covered": 50.0, "percent_covered_display": "50", "missing_lines": 2, "excluded_lines": 0, "percent_statements_covered": 50.0, "percent_statements_covered_display": "50"}, "missing_lines": [74, 75], "excluded_lines": [], "start_line": 46}, "get_dlq_message": {"executed_lines": [96, 97], "summary": {"covered_lines": 2, "num_statements": 5, "percent_covered": 40.0, "percent_covered_display": "40", "missing_lines": 3, "excluded_lines": 0, "percent_statements_covered": 40.0, "percent_statements_covered_display": "40"}, "missing_lines": [98, 99, 108], "excluded_lines": [], "start_line": 90}, "replay_dlq_message": {"executed_lines": [122, 123, 124], "summary": {"covered_lines": 3, "num_statements": 8, "percent_covered": 37.5, "percent_covered_display": "38", "missing_lines": 5, "excluded_lines": 0, "percent_statements_covered": 37.5, "percent_statements_covered_display": "38"}, "missing_lines": [125, 126, 135, 136, 145], "excluded_lines": [], "start_line": 116}, "discard_dlq_message": {"executed_lines": [160, 161, 162], "summary": {"covered_lines": 3, "num_statements": 8, "percent_covered": 37.5, "percent_covered_display": "38", "missing_lines": 5, "excluded_lines": 0, "percent_statements_covered": 37.5, "percent_statements_covered_display": "38"}, "missing_lines": [165, 166, 175, 176, 185], "excluded_lines": [], "start_line": 153}, "get_dlq_analytics": {"executed_lines": [198, 199], "summary": {"covered_lines": 2, "num_statements": 2, "percent_covered": 100.0, "percent_covered_display": "100", "missing_lines": 0, "excluded_lines": 0, "percent_statements_covered": 100.0, "percent_statements_covered_display": "100"}, "missing_lines": [], "excluded_lines": [], "start_line": 193}, "bulk_replay_dlq": {"executed_lines": [213, 214], "summary": {"covered_lines": 2, "num_statements": 2, "percent_covered": 100.0, "percent_covered_display": "100", "missing_lines": 0, "excluded_lines": 0, "percent_statements_covered": 100.0, "percent_statements_covered_display": "100"}, "missing_lines": [], "excluded_lines": [], "start_line": 207}, "": {"executed_lines": [14, 15, 16, 17, 19, 20, 22, 23, 24, 25, 26, 34, 36, 38, 41, 46, 85, 90, 111, 116, 148, 153, 188, 193, 202, 207], "summary": {"covered_lines": 26, "num_statements": 26, "percent_covered": 100.0, "percent_covered_display": "100", "missing_lines": 0, "excluded_lines": 0, "percent_statements_covered": 100.0, "percent_statements_covered_display": "100"}, "missing_lines": [], "excluded_lines": [], "start_line": 1}}, "classes": {"": {"executed_lines": [14, 15, 16, 17, 19, 20, 22, 23, 24, 25, 26, 34, 36, 38, 41, 46, 64, 65, 85, 90, 96, 97, 111, 116, 122, 123, 124, 148, 153, 160, 161, 162, 188, 193, 198, 199, 202, 207, 213, 214], "summary": {"covered_lines": 40, "num_statements": 55, "percent_covered": 72.72727272727273, "percent_covered_display": "73", "missing_lines": 15, "excluded_lines": 0, "percent_statements_covered": 72.72727272727273, "percent_statements_covered_display": "73"}, "missing_lines": [74, 75, 98, 99, 108, 125, 126, 135, 136, 145, 165, 166, 175, 176, 185], "excluded_lines": [], "start_line": 1}}}, "ivgs-api/app/api/v1/gpus.py": {"executed_lines": [15, 16, 17, 19, 20, 22, 23, 24, 25, 26, 27, 34, 36, 38, 41, 46, 58, 59, 73, 79, 85, 86, 89, 94, 100, 101, 115, 120, 127, 128, 142, 147, 154, 155, 169, 174, 180, 181, 182, 206, 211, 216, 217], "summary": {"covered_lines": 43, "num_statements": 59, "percent_covered": 72.88135593220339, "percent_covered_display": "73", "missing_lines": 16, "excluded_lines": 0, "percent_statements_covered": 72.88135593220339, "percent_statements_covered_display": "73"}, "missing_lines": [62, 63, 102, 103, 112, 129, 130, 139, 156, 157, 166, 183, 184, 193, 194, 203], "excluded_lines": [], "functions": {"list_gpu_nodes": {"executed_lines": [58, 59], "summary": {"covered_lines": 2, "num_statements": 4, "percent_covered": 50.0, "percent_covered_display": "50", "missing_lines": 2, "excluded_lines": 0, "percent_statements_covered": 50.0, "percent_statements_covered_display": "50"}, "missing_lines": [62, 63], "excluded_lines": [], "start_line": 46}, "register_gpu_node": {"executed_lines": [85, 86], "summary": {"covered_lines": 2, "num_statements": 2, "percent_covered": 100.0, "percent_covered_display": "100", "missing_lines": 0, "excluded_lines": 0, "percent_statements_covered": 100.0, "percent_statements_covered_display": "100"}, "missing_lines": [], "excluded_lines": [], "start_line": 79}, "get_gpu_node": {"executed_lines": [100, 101], "summary": {"covered_lines": 2, "num_statements": 5, "percent_covered": 40.0, "percent_covered_display": "40", "missing_lines": 3, "excluded_lines": 0, "percent_statements_covered": 40.0, "percent_statements_covered_display": "40"}, "missing_lines": [102, 103, 112], "excluded_lines": [], "start_line": 94}, "update_gpu_node": {"executed_lines": [127, 128], "summary": {"covered_lines": 2, "num_statements": 5, "percent_covered": 40.0, "percent_covered_display": "40", "missing_lines": 3, "excluded_lines": 0, "percent_statements_covered": 40.0, "percent_statements_covered_display": "40"}, "missing_lines": [129, 130, 139], "excluded_lines": [], "start_line": 120}, "get_node_reservations": {"executed_lines": [154, 155], "summary": {"covered_lines": 2, "num_statements": 5, "percent_covered": 40.0, "percent_covered_display": "40", "missing_lines": 3, "excluded_lines": 0, "percent_statements_covered": 40.0, "percent_statements_covered_display": "40"}, "missing_lines": [156, 157, 166], "excluded_lines": [], "start_line": 147}, "drain_gpu_node": {"executed_lines": [180, 181, 182], "summary": {"covered_lines": 3, "num_statements": 8, "percent_covered": 37.5, "percent_covered_display": "38", "missing_lines": 5, "excluded_lines": 0, "percent_statements_covered": 37.5, "percent_statements_covered_display": "38"}, "missing_lines": [183, 184, 193, 194, 203], "excluded_lines": [], "start_line": 174}, "get_gpu_utilization": {"executed_lines": [216, 217], "summary": {"covered_lines": 2, "num_statements": 2, "percent_covered": 100.0, "percent_covered_display": "100", "missing_lines": 0, "excluded_lines": 0, "percent_statements_covered": 100.0, "percent_statements_covered_display": "100"}, "missing_lines": [], "excluded_lines": [], "start_line": 211}, "": {"executed_lines": [15, 16, 17, 19, 20, 22, 23, 24, 25, 26, 27, 34, 36, 38, 41, 46, 73, 79, 89, 94, 115, 120, 142, 147, 169, 174, 206, 211], "summary": {"covered_lines": 28, "num_statements": 28, "percent_covered": 100.0, "percent_covered_display": "100", "missing_lines": 0, "excluded_lines": 0, "percent_statements_covered": 100.0, "percent_statements_covered_display": "100"}, "missing_lines": [], "excluded_lines": [], "start_line": 1}}, "classes": {"": {"executed_lines": [15, 16, 17, 19, 20, 22, 23, 24, 25, 26, 27, 34, 36, 38, 41, 46, 58, 59, 73, 79, 85, 86, 89, 94, 100, 101, 115, 120, 127, 128, 142, 147, 154, 155, 169, 174, 180, 181, 182, 206, 211, 216, 217], "summary": {"covered_lines": 43, "num_statements": 59, "percent_covered": 72.88135593220339, "percent_covered_display": "73", "missing_lines": 16, "excluded_lines": 0, "percent_statements_covered": 72.88135593220339, "percent_statements_covered_display": "73"}, "missing_lines": [62, 63, 102, 103, 112, 129, 130, 139, 156, 157, 166, 183, 184, 193, 194, 203], "excluded_lines": [], "start_line": 1}}}, "ivgs-api/app/api/v1/health.py": {"executed_lines": [7, 8, 10, 11, 13, 14, 15, 16, 18, 20, 23, 25, 26, 27, 28, 29, 39, 46, 53, 54, 55, 58, 59, 60, 66, 74, 80], "summary": {"covered_lines": 27, "num_statements": 34, "percent_covered": 79.41176470588235, "percent_covered_display": "79", "missing_lines": 7, "excluded_lines": 0, "percent_statements_covered": 79.41176470588235, "percent_statements_covered_display": "79"}, "missing_lines": [33, 34, 35, 36, 61, 62, 64], "excluded_lines": [], "functions": {"_check_service": {"executed_lines": [25, 26, 27, 28, 29], "summary": {"covered_lines": 5, "num_statements": 9, "percent_covered": 55.55555555555556, "percent_covered_display": "56", "missing_lines": 4, "excluded_lines": 0, "percent_statements_covered": 55.55555555555556, "percent_statements_covered_display": "56"}, "missing_lines": [33, 34, 35, 36], "excluded_lines": [], "start_line": 23}, "health_check": {"executed_lines": [53, 54, 55, 58, 59, 60, 66, 74, 80], "summary": {"covered_lines": 9, "num_statements": 12, "percent_covered": 75.0, "percent_covered_display": "75", "missing_lines": 3, "excluded_lines": 0, "percent_statements_covered": 75.0, "percent_statements_covered_display": "75"}, "missing_lines": [61, 62, 64], "excluded_lines": [], "start_line": 46}, "": {"executed_lines": [7, 8, 10, 11, 13, 14, 15, 16, 18, 20, 23, 39, 46], "summary": {"covered_lines": 13, "num_statements": 13, "percent_covered": 100.0, "percent_covered_display": "100", "missing_lines": 0, "excluded_lines": 0, "percent_statements_covered": 100.0, "percent_statements_covered_display": "100"}, "missing_lines": [], "excluded_lines": [], "start_line": 1}}, "classes": {"": {"executed_lines": [7, 8, 10, 11, 13, 14, 15, 16, 18, 20, 23, 25, 26, 27, 28, 29, 39, 46, 53, 54, 55, 58, 59, 60, 66, 74, 80], "summary": {"covered_lines": 27, "num_statements": 34, "percent_covered": 79.41176470588235, "percent_covered_display": "79", "missing_lines": 7, "excluded_lines": 0, "percent_statements_covered": 79.41176470588235, "percent_statements_covered_display": "79"}, "missing_lines": [33, 34, 35, 36, 61, 62, 64], "excluded_lines": [], "start_line": 1}}}, "ivgs-api/app/api/v1/jobs.py": {"executed_lines": [9, 10, 12, 13, 15, 16, 17, 18, 19, 20, 21, 23, 25, 26, 29, 34, 55, 56, 72, 73], "summary": {"covered_lines": 20, "num_statements": 37, "percent_covered": 54.054054054054056, "percent_covered_display": "54", "missing_lines": 17, "excluded_lines": 0, "percent_statements_covered": 54.054054054054056, "percent_statements_covered_display": "54"}, "missing_lines": [42, 43, 44, 45, 62, 63, 64, 65, 69, 79, 80, 81, 82, 83, 87, 88, 92], "excluded_lines": [], "functions": {"list_jobs": {"executed_lines": [], "summary": {"covered_lines": 0, "num_statements": 4, "percent_covered": 0.0, "percent_covered_display": "0", "missing_lines": 4, "excluded_lines": 0, "percent_statements_covered": 0.0, "percent_statements_covered_display": "0"}, "missing_lines": [42, 43, 44, 45], "excluded_lines": [], "start_line": 34}, "get_job": {"executed_lines": [], "summary": {"covered_lines": 0, "num_statements": 5, "percent_covered": 0.0, "percent_covered_display": "0", "missing_lines": 5, "excluded_lines": 0, "percent_statements_covered": 0.0, "percent_statements_covered_display": "0"}, "missing_lines": [62, 63, 64, 65, 69], "excluded_lines": [], "start_line": 56}, "cancel_job": {"executed_lines": [], "summary": {"covered_lines": 0, "num_statements": 8, "percent_covered": 0.0, "percent_covered_display": "0", "missing_lines": 8, "excluded_lines": 0, "percent_statements_covered": 0.0, "percent_statements_covered_display": "0"}, "missing_lines": [79, 80, 81, 82, 83, 87, 88, 92], "excluded_lines": [], "start_line": 73}, "": {"executed_lines": [9, 10, 12, 13, 15, 16, 17, 18, 19, 20, 21, 23, 25, 26, 29, 34, 55, 56, 72, 73], "summary": {"covered_lines": 20, "num_statements": 20, "percent_covered": 100.0, "percent_covered_display": "100", "missing_lines": 0, "excluded_lines": 0, "percent_statements_covered": 100.0, "percent_statements_covered_display": "100"}, "missing_lines": [], "excluded_lines": [], "start_line": 1}}, "classes": {"": {"executed_lines": [9, 10, 12, 13, 15, 16, 17, 18, 19, 20, 21, 23, 25, 26, 29, 34, 55, 56, 72, 73], "summary": {"covered_lines": 20, "num_statements": 37, "percent_covered": 54.054054054054056, "percent_covered_display": "54", "missing_lines": 17, "excluded_lines": 0, "percent_statements_covered": 54.054054054054056, "percent_statements_covered_display": "54"}, "missing_lines": [42, 43, 44, 45, 62, 63, 64, 65, 69, 79, 80, 81, 82, 83, 87, 88, 92], "excluded_lines": [], "start_line": 1}}}, "ivgs-api/app/api/v1/languages.py": {"executed_lines": [9, 10, 11, 13, 14, 16, 17, 18, 19, 20, 21, 22, 24, 26, 29, 30, 41, 47, 69, 75], "summary": {"covered_lines": 20, "num_statements": 37, "percent_covered": 54.054054054054056, "percent_covered_display": "54", "missing_lines": 17, "excluded_lines": 0, "percent_statements_covered": 54.054054054054056, "percent_statements_covered_display": "54"}, "missing_lines": [36, 37, 38, 54, 55, 56, 61, 62, 66, 82, 83, 84, 85, 86, 90, 91, 95], "excluded_lines": [], "functions": {"list_variants": {"executed_lines": [], "summary": {"covered_lines": 0, "num_statements": 3, "percent_covered": 0.0, "percent_covered_display": "0", "missing_lines": 3, "excluded_lines": 0, "percent_statements_covered": 0.0, "percent_statements_covered_display": "0"}, "missing_lines": [36, 37, 38], "excluded_lines": [], "start_line": 30}, "create_variant": {"executed_lines": [], "summary": {"covered_lines": 0, "num_statements": 6, "percent_covered": 0.0, "percent_covered_display": "0", "missing_lines": 6, "excluded_lines": 0, "percent_statements_covered": 0.0, "percent_statements_covered_display": "0"}, "missing_lines": [54, 55, 56, 61, 62, 66], "excluded_lines": [], "start_line": 47}, "retry_variant": {"executed_lines": [], "summary": {"covered_lines": 0, "num_statements": 8, "percent_covered": 0.0, "percent_covered_display": "0", "missing_lines": 8, "excluded_lines": 0, "percent_statements_covered": 0.0, "percent_statements_covered_display": "0"}, "missing_lines": [82, 83, 84, 85, 86, 90, 91, 95], "excluded_lines": [], "start_line": 75}, "": {"executed_lines": [9, 10, 11, 13, 14, 16, 17, 18, 19, 20, 21, 22, 24, 26, 29, 30, 41, 47, 69, 75], "summary": {"covered_lines": 20, "num_statements": 20, "percent_covered": 100.0, "percent_covered_display": "100", "missing_lines": 0, "excluded_lines": 0, "percent_statements_covered": 100.0, "percent_statements_covered_display": "100"}, "missing_lines": [], "excluded_lines": [], "start_line": 1}}, "classes": {"": {"executed_lines": [9, 10, 11, 13, 14, 16, 17, 18, 19, 20, 21, 22, 24, 26, 29, 30, 41, 47, 69, 75], "summary": {"covered_lines": 20, "num_statements": 37, "percent_covered": 54.054054054054056, "percent_covered_display": "54", "missing_lines": 17, "excluded_lines": 0, "percent_statements_covered": 54.054054054054056, "percent_statements_covered_display": "54"}, "missing_lines": [36, 37, 38, 54, 55, 56, 61, 62, 66, 82, 83, 84, 85, 86, 90, 91, 95], "excluded_lines": [], "start_line": 1}}}, "ivgs-api/app/api/v1/manifests.py": {"executed_lines": [12, 14, 15, 16, 17, 19, 20, 21, 22, 24, 25, 27, 29, 36, 37, 38, 39, 40, 41, 44, 45, 46, 47, 48, 51, 52, 53, 54, 55, 56, 57, 58, 59, 62, 63, 66, 67, 68, 69, 70, 71, 78, 79, 127, 128, 253, 254, 300, 301, 377], "summary": {"covered_lines": 50, "num_statements": 119, "percent_covered": 42.016806722689076, "percent_covered_display": "42", "missing_lines": 69, "excluded_lines": 0, "percent_statements_covered": 42.016806722689076, "percent_statements_covered_display": "42"}, "missing_lines": [85, 94, 96, 108, 109, 115, 135, 138, 145, 146, 153, 165, 166, 173, 183, 184, 185, 186, 189, 190, 191, 192, 193, 195, 196, 197, 206, 212, 214, 215, 224, 240, 242, 260, 262, 272, 273, 279, 280, 286, 287, 294, 297, 307, 309, 319, 320, 326, 332, 333, 334, 335, 337, 338, 339, 340, 341, 343, 350, 351, 352, 354, 355, 356, 357, 362, 364, 379, 389], "excluded_lines": [], "functions": {"get_manifest": {"executed_lines": [], "summary": {"covered_lines": 0, "num_statements": 6, "percent_covered": 0.0, "percent_covered_display": "0", "missing_lines": 6, "excluded_lines": 0, "percent_statements_covered": 0.0, "percent_statements_covered_display": "0"}, "missing_lines": [85, 94, 96, 108, 109, 115], "excluded_lines": [], "start_line": 79}, "generate_manifest": {"executed_lines": [], "summary": {"covered_lines": 0, "num_statements": 27, "percent_covered": 0.0, "percent_covered_display": "0", "missing_lines": 27, "excluded_lines": 0, "percent_statements_covered": 0.0, "percent_statements_covered_display": "0"}, "missing_lines": [135, 138, 145, 146, 153, 165, 166, 173, 183, 184, 185, 186, 189, 190, 191, 192, 193, 195, 196, 197, 206, 212, 214, 215, 224, 240, 242], "excluded_lines": [], "start_line": 128}, "lock_manifest": {"executed_lines": [], "summary": {"covered_lines": 0, "num_statements": 10, "percent_covered": 0.0, "percent_covered_display": "0", "missing_lines": 10, "excluded_lines": 0, "percent_statements_covered": 0.0, "percent_statements_covered_display": "0"}, "missing_lines": [260, 262, 272, 273, 279, 280, 286, 287, 294, 297], "excluded_lines": [], "start_line": 254}, "validate_manifest": {"executed_lines": [], "summary": {"covered_lines": 0, "num_statements": 24, "percent_covered": 0.0, "percent_covered_display": "0", "missing_lines": 24, "excluded_lines": 0, "percent_statements_covered": 0.0, "percent_statements_covered_display": "0"}, "missing_lines": [307, 309, 319, 320, 326, 332, 333, 334, 335, 337, 338, 339, 340, 341, 343, 350, 351, 352, 354, 355, 356, 357, 362, 364], "excluded_lines": [], "start_line": 301}, "_asset_type_to_layer": {"executed_lines": [], "summary": {"covered_lines": 0, "num_statements": 2, "percent_covered": 0.0, "percent_covered_display": "0", "missing_lines": 2, "excluded_lines": 0, "percent_statements_covered": 0.0, "percent_statements_covered_display": "0"}, "missing_lines": [379, 389], "excluded_lines": [], "start_line": 377}, "": {"executed_lines": [12, 14, 15, 16, 17, 19, 20, 21, 22, 24, 25, 27, 29, 36, 37, 38, 39, 40, 41, 44, 45, 46, 47, 48, 51, 52, 53, 54, 55, 56, 57, 58, 59, 62, 63, 66, 67, 68, 69, 70, 71, 78, 79, 127, 128, 253, 254, 300, 301, 377], "summary": {"covered_lines": 50, "num_statements": 50, "percent_covered": 100.0, "percent_covered_display": "100", "missing_lines": 0, "excluded_lines": 0, "percent_statements_covered": 100.0, "percent_statements_covered_display": "100"}, "missing_lines": [], "excluded_lines": [], "start_line": 1}}, "classes": {"ManifestTimelineLayer": {"executed_lines": [], "summary": {"covered_lines": 0, "num_statements": 0, "percent_covered": 100.0, "percent_covered_display": "100", "missing_lines": 0, "excluded_lines": 0, "percent_statements_covered": 100.0, "percent_statements_covered_display": "100"}, "missing_lines": [], "excluded_lines": [], "start_line": 36}, "ManifestScene": {"executed_lines": [], "summary": {"covered_lines": 0, "num_statements": 0, "percent_covered": 100.0, "percent_covered_display": "100", "missing_lines": 0, "excluded_lines": 0, "percent_statements_covered": 100.0, "percent_statements_covered_display": "100"}, "missing_lines": [], "excluded_lines": [], "start_line": 44}, "ManifestResponse": {"executed_lines": [], "summary": {"covered_lines": 0, "num_statements": 0, "percent_covered": 100.0, "percent_covered_display": "100", "missing_lines": 0, "excluded_lines": 0, "percent_statements_covered": 100.0, "percent_statements_covered_display": "100"}, "missing_lines": [], "excluded_lines": [], "start_line": 51}, "ManifestGenerateRequest": {"executed_lines": [], "summary": {"covered_lines": 0, "num_statements": 0, "percent_covered": 100.0, "percent_covered_display": "100", "missing_lines": 0, "excluded_lines": 0, "percent_statements_covered": 100.0, "percent_statements_covered_display": "100"}, "missing_lines": [], "excluded_lines": [], "start_line": 62}, "ManifestValidationResult": {"executed_lines": [], "summary": {"covered_lines": 0, "num_statements": 0, "percent_covered": 100.0, "percent_covered_display": "100", "missing_lines": 0, "excluded_lines": 0, "percent_statements_covered": 100.0, "percent_statements_covered_display": "100"}, "missing_lines": [], "excluded_lines": [], "start_line": 66}, "": {"executed_lines": [12, 14, 15, 16, 17, 19, 20, 21, 22, 24, 25, 27, 29, 36, 37, 38, 39, 40, 41, 44, 45, 46, 47, 48, 51, 52, 53, 54, 55, 56, 57, 58, 59, 62, 63, 66, 67, 68, 69, 70, 71, 78, 79, 127, 128, 253, 254, 300, 301, 377], "summary": {"covered_lines": 50, "num_statements": 119, "percent_covered": 42.016806722689076, "percent_covered_display": "42", "missing_lines": 69, "excluded_lines": 0, "percent_statements_covered": 42.016806722689076, "percent_statements_covered_display": "42"}, "missing_lines": [85, 94, 96, 108, 109, 115, 135, 138, 145, 146, 153, 165, 166, 173, 183, 184, 185, 186, 189, 190, 191, 192, 193, 195, 196, 197, 206, 212, 214, 215, 224, 240, 242, 260, 262, 272, 273, 279, 280, 286, 287, 294, 297, 307, 309, 319, 320, 326, 332, 333, 334, 335, 337, 338, 339, 340, 341, 343, 350, 351, 352, 354, 355, 356, 357, 362, 364, 379, 389], "excluded_lines": [], "start_line": 1}}}, "ivgs-api/app/api/v1/nodes.py": {"executed_lines": [10, 12, 14, 15, 17, 19, 22, 68, 69, 95, 96], "summary": {"covered_lines": 11, "num_statements": 19, "percent_covered": 57.89473684210526, "percent_covered_display": "58", "missing_lines": 8, "excluded_lines": 0, "percent_statements_covered": 57.89473684210526, "percent_statements_covered_display": "58"}, "missing_lines": [77, 78, 79, 92, 101, 102, 103, 107], "excluded_lines": [], "functions": {"list_nodes": {"executed_lines": [], "summary": {"covered_lines": 0, "num_statements": 4, "percent_covered": 0.0, "percent_covered_display": "0", "missing_lines": 4, "excluded_lines": 0, "percent_statements_covered": 0.0, "percent_statements_covered_display": "0"}, "missing_lines": [77, 78, 79, 92], "excluded_lines": [], "start_line": 69}, "get_node": {"executed_lines": [], "summary": {"covered_lines": 0, "num_statements": 4, "percent_covered": 0.0, "percent_covered_display": "0", "missing_lines": 4, "excluded_lines": 0, "percent_statements_covered": 0.0, "percent_statements_covered_display": "0"}, "missing_lines": [101, 102, 103, 107], "excluded_lines": [], "start_line": 96}, "": {"executed_lines": [10, 12, 14, 15, 17, 19, 22, 68, 69, 95, 96], "summary": {"covered_lines": 11, "num_statements": 11, "percent_covered": 100.0, "percent_covered_display": "100", "missing_lines": 0, "excluded_lines": 0, "percent_statements_covered": 100.0, "percent_statements_covered_display": "100"}, "missing_lines": [], "excluded_lines": [], "start_line": 1}}, "classes": {"": {"executed_lines": [10, 12, 14, 15, 17, 19, 22, 68, 69, 95, 96], "summary": {"covered_lines": 11, "num_statements": 19, "percent_covered": 57.89473684210526, "percent_covered_display": "58", "missing_lines": 8, "excluded_lines": 0, "percent_statements_covered": 57.89473684210526, "percent_statements_covered_display": "58"}, "missing_lines": [77, 78, 79, 92, 101, 102, 103, 107], "excluded_lines": [], "start_line": 1}}}, "ivgs-api/app/api/v1/projects.py": {"executed_lines": [13, 14, 15, 17, 18, 20, 21, 22, 23, 24, 25, 26, 27, 29, 31, 34, 39, 48, 49, 67, 73, 79, 80, 83, 88, 94, 95, 104, 109, 116, 117, 126, 131, 137, 138, 146, 151, 157, 158, 159, 173, 177], "summary": {"covered_lines": 42, "num_statements": 72, "percent_covered": 58.333333333333336, "percent_covered_display": "58", "missing_lines": 30, "excluded_lines": 0, "percent_statements_covered": 58.333333333333336, "percent_statements_covered_display": "58"}, "missing_lines": [56, 57, 96, 97, 101, 118, 119, 123, 139, 140, 160, 161, 165, 166, 170, 189, 190, 191, 201, 204, 205, 206, 217, 218, 227, 228, 229, 230, 231, 233], "excluded_lines": [], "functions": {"list_projects": {"executed_lines": [48, 49], "summary": {"covered_lines": 2, "num_statements": 4, "percent_covered": 50.0, "percent_covered_display": "50", "missing_lines": 2, "excluded_lines": 0, "percent_statements_covered": 50.0, "percent_statements_covered_display": "50"}, "missing_lines": [56, 57], "excluded_lines": [], "start_line": 39}, "create_project": {"executed_lines": [79, 80], "summary": {"covered_lines": 2, "num_statements": 2, "percent_covered": 100.0, "percent_covered_display": "100", "missing_lines": 0, "excluded_lines": 0, "percent_statements_covered": 100.0, "percent_statements_covered_display": "100"}, "missing_lines": [], "excluded_lines": [], "start_line": 73}, "get_project": {"executed_lines": [94, 95], "summary": {"covered_lines": 2, "num_statements": 5, "percent_covered": 40.0, "percent_covered_display": "40", "missing_lines": 3, "excluded_lines": 0, "percent_statements_covered": 40.0, "percent_statements_covered_display": "40"}, "missing_lines": [96, 97, 101], "excluded_lines": [], "start_line": 88}, "update_project": {"executed_lines": [116, 117], "summary": {"covered_lines": 2, "num_statements": 5, "percent_covered": 40.0, "percent_covered_display": "40", "missing_lines": 3, "excluded_lines": 0, "percent_statements_covered": 40.0, "percent_statements_covered_display": "40"}, "missing_lines": [118, 119, 123], "excluded_lines": [], "start_line": 109}, "delete_project": {"executed_lines": [137, 138], "summary": {"covered_lines": 2, "num_statements": 4, "percent_covered": 50.0, "percent_covered_display": "50", "missing_lines": 2, "excluded_lines": 0, "percent_statements_covered": 50.0, "percent_statements_covered_display": "50"}, "missing_lines": [139, 140], "excluded_lines": [], "start_line": 131}, "trigger_pipeline": {"executed_lines": [157, 158, 159], "summary": {"covered_lines": 3, "num_statements": 8, "percent_covered": 37.5, "percent_covered_display": "38", "missing_lines": 5, "excluded_lines": 0, "percent_statements_covered": 37.5, "percent_statements_covered_display": "38"}, "missing_lines": [160, 161, 165, 166, 170], "excluded_lines": [], "start_line": 151}, "upload_talking_head": {"executed_lines": [], "summary": {"covered_lines": 0, "num_statements": 15, "percent_covered": 0.0, "percent_covered_display": "0", "missing_lines": 15, "excluded_lines": 0, "percent_statements_covered": 0.0, "percent_statements_covered_display": "0"}, "missing_lines": [189, 190, 191, 201, 204, 205, 206, 217, 218, 227, 228, 229, 230, 231, 233], "excluded_lines": [], "start_line": 177}, "": {"executed_lines": [13, 14, 15, 17, 18, 20, 21, 22, 23, 24, 25, 26, 27, 29, 31, 34, 39, 67, 73, 83, 88, 104, 109, 126, 131, 146, 151, 173, 177], "summary": {"covered_lines": 29, "num_statements": 29, "percent_covered": 100.0, "percent_covered_display": "100", "missing_lines": 0, "excluded_lines": 0, "percent_statements_covered": 100.0, "percent_statements_covered_display": "100"}, "missing_lines": [], "excluded_lines": [], "start_line": 1}}, "classes": {"": {"executed_lines": [13, 14, 15, 17, 18, 20, 21, 22, 23, 24, 25, 26, 27, 29, 31, 34, 39, 48, 49, 67, 73, 79, 80, 83, 88, 94, 95, 104, 109, 116, 117, 126, 131, 137, 138, 146, 151, 157, 158, 159, 173, 177], "summary": {"covered_lines": 42, "num_statements": 72, "percent_covered": 58.333333333333336, "percent_covered_display": "58", "missing_lines": 30, "excluded_lines": 0, "percent_statements_covered": 58.333333333333336, "percent_statements_covered_display": "58"}, "missing_lines": [56, 57, 96, 97, 101, 118, 119, 123, 139, 140, 160, 161, 165, 166, 170, 189, 190, 191, 201, 204, 205, 206, 217, 218, 227, 228, 229, 230, 231, 233], "excluded_lines": [], "start_line": 1}}}, "ivgs-api/app/api/v1/prompts.py": {"executed_lines": [13, 14, 15, 17, 18, 20, 21, 22, 23, 24, 31, 33, 35, 36, 37, 45, 50, 56, 57, 58, 76, 82, 88, 89, 110, 115, 121, 122, 143, 148, 158, 159, 160, 166, 167, 171, 176, 181, 187, 188, 191, 197, 204, 205, 229, 235, 243, 244], "summary": {"covered_lines": 48, "num_statements": 54, "percent_covered": 88.88888888888889, "percent_covered_display": "89", "missing_lines": 6, "excluded_lines": 0, "percent_statements_covered": 88.88888888888889, "percent_statements_covered_display": "89"}, "missing_lines": [95, 123, 124, 128, 212, 252], "excluded_lines": [], "functions": {"list_global_prompts": {"executed_lines": [56, 57, 58], "summary": {"covered_lines": 3, "num_statements": 3, "percent_covered": 100.0, "percent_covered_display": "100", "missing_lines": 0, "excluded_lines": 0, "percent_statements_covered": 100.0, "percent_statements_covered_display": "100"}, "missing_lines": [], "excluded_lines": [], "start_line": 50}, "create_global_prompt": {"executed_lines": [88, 89], "summary": {"covered_lines": 2, "num_statements": 3, "percent_covered": 66.66666666666667, "percent_covered_display": "67", "missing_lines": 1, "excluded_lines": 0, "percent_statements_covered": 66.66666666666667, "percent_statements_covered_display": "67"}, "missing_lines": [95], "excluded_lines": [], "start_line": 82}, "restore_prompt_version": {"executed_lines": [121, 122], "summary": {"covered_lines": 2, "num_statements": 5, "percent_covered": 40.0, "percent_covered_display": "40", "missing_lines": 3, "excluded_lines": 0, "percent_statements_covered": 40.0, "percent_statements_covered_display": "40"}, "missing_lines": [123, 124, 128], "excluded_lines": [], "start_line": 115}, "test_prompt": {"executed_lines": [158, 159, 160, 166, 167, 171], "summary": {"covered_lines": 6, "num_statements": 6, "percent_covered": 100.0, "percent_covered_display": "100", "missing_lines": 0, "excluded_lines": 0, "percent_statements_covered": 100.0, "percent_statements_covered_display": "100"}, "missing_lines": [], "excluded_lines": [], "start_line": 148}, "list_project_prompts": {"executed_lines": [187, 188], "summary": {"covered_lines": 2, "num_statements": 2, "percent_covered": 100.0, "percent_covered_display": "100", "missing_lines": 0, "excluded_lines": 0, "percent_statements_covered": 100.0, "percent_statements_covered_display": "100"}, "missing_lines": [], "excluded_lines": [], "start_line": 181}, "create_project_prompt": {"executed_lines": [204, 205], "summary": {"covered_lines": 2, "num_statements": 3, "percent_covered": 66.66666666666667, "percent_covered_display": "67", "missing_lines": 1, "excluded_lines": 0, "percent_statements_covered": 66.66666666666667, "percent_statements_covered_display": "67"}, "missing_lines": [212], "excluded_lines": [], "start_line": 197}, "create_scene_prompt": {"executed_lines": [243, 244], "summary": {"covered_lines": 2, "num_statements": 3, "percent_covered": 66.66666666666667, "percent_covered_display": "67", "missing_lines": 1, "excluded_lines": 0, "percent_statements_covered": 66.66666666666667, "percent_statements_covered_display": "67"}, "missing_lines": [252], "excluded_lines": [], "start_line": 235}, "": {"executed_lines": [13, 14, 15, 17, 18, 20, 21, 22, 23, 24, 31, 33, 35, 36, 37, 45, 50, 76, 82, 110, 115, 143, 148, 176, 181, 191, 197, 229, 235], "summary": {"covered_lines": 29, "num_statements": 29, "percent_covered": 100.0, "percent_covered_display": "100", "missing_lines": 0, "excluded_lines": 0, "percent_statements_covered": 100.0, "percent_statements_covered_display": "100"}, "missing_lines": [], "excluded_lines": [], "start_line": 1}}, "classes": {"": {"executed_lines": [13, 14, 15, 17, 18, 20, 21, 22, 23, 24, 31, 33, 35, 36, 37, 45, 50, 56, 57, 58, 76, 82, 88, 89, 110, 115, 121, 122, 143, 148, 158, 159, 160, 166, 167, 171, 176, 181, 187, 188, 191, 197, 204, 205, 229, 235, 243, 244], "summary": {"covered_lines": 48, "num_statements": 54, "percent_covered": 88.88888888888889, "percent_covered_display": "89", "missing_lines": 6, "excluded_lines": 0, "percent_statements_covered": 88.88888888888889, "percent_statements_covered_display": "89"}, "missing_lines": [95, 123, 124, 128, 212, 252], "excluded_lines": [], "start_line": 1}}}, "ivgs-api/app/api/v1/quality.py": {"executed_lines": [12, 13, 15, 16, 18, 19, 20, 21, 22, 23, 30, 32, 34, 35, 38, 43, 49, 50, 64, 69, 76, 77, 89, 94, 101, 102, 103, 129, 134, 141, 142, 143], "summary": {"covered_lines": 32, "num_statements": 47, "percent_covered": 68.08510638297872, "percent_covered_display": "68", "missing_lines": 15, "excluded_lines": 0, "percent_statements_covered": 68.08510638297872, "percent_statements_covered_display": "68"}, "missing_lines": [51, 52, 61, 78, 79, 106, 107, 116, 117, 126, 149, 150, 159, 160, 169], "excluded_lines": [], "functions": {"get_job_quality": {"executed_lines": [49, 50], "summary": {"covered_lines": 2, "num_statements": 5, "percent_covered": 40.0, "percent_covered_display": "40", "missing_lines": 3, "excluded_lines": 0, "percent_statements_covered": 40.0, "percent_statements_covered_display": "40"}, "missing_lines": [51, 52, 61], "excluded_lines": [], "start_line": 43}, "list_flagged_assets": {"executed_lines": [76, 77], "summary": {"covered_lines": 2, "num_statements": 4, "percent_covered": 50.0, "percent_covered_display": "50", "missing_lines": 2, "excluded_lines": 0, "percent_statements_covered": 50.0, "percent_statements_covered_display": "50"}, "missing_lines": [78, 79], "excluded_lines": [], "start_line": 69}, "approve_quality_score": {"executed_lines": [101, 102, 103], "summary": {"covered_lines": 3, "num_statements": 8, "percent_covered": 37.5, "percent_covered_display": "38", "missing_lines": 5, "excluded_lines": 0, "percent_statements_covered": 37.5, "percent_statements_covered_display": "38"}, "missing_lines": [106, 107, 116, 117, 126], "excluded_lines": [], "start_line": 94}, "reject_quality_score": {"executed_lines": [141, 142, 143], "summary": {"covered_lines": 3, "num_statements": 8, "percent_covered": 37.5, "percent_covered_display": "38", "missing_lines": 5, "excluded_lines": 0, "percent_statements_covered": 37.5, "percent_statements_covered_display": "38"}, "missing_lines": [149, 150, 159, 160, 169], "excluded_lines": [], "start_line": 134}, "": {"executed_lines": [12, 13, 15, 16, 18, 19, 20, 21, 22, 23, 30, 32, 34, 35, 38, 43, 64, 69, 89, 94, 129, 134], "summary": {"covered_lines": 22, "num_statements": 22, "percent_covered": 100.0, "percent_covered_display": "100", "missing_lines": 0, "excluded_lines": 0, "percent_statements_covered": 100.0, "percent_statements_covered_display": "100"}, "missing_lines": [], "excluded_lines": [], "start_line": 1}}, "classes": {"": {"executed_lines": [12, 13, 15, 16, 18, 19, 20, 21, 22, 23, 30, 32, 34, 35, 38, 43, 49, 50, 64, 69, 76, 77, 89, 94, 101, 102, 103, 129, 134, 141, 142, 143], "summary": {"covered_lines": 32, "num_statements": 47, "percent_covered": 68.08510638297872, "percent_covered_display": "68", "missing_lines": 15, "excluded_lines": 0, "percent_statements_covered": 68.08510638297872, "percent_statements_covered_display": "68"}, "missing_lines": [51, 52, 61, 78, 79, 106, 107, 116, 117, 126, 149, 150, 159, 160, 169], "excluded_lines": [], "start_line": 1}}}, "ivgs-api/app/api/v1/quotas.py": {"executed_lines": [7, 9, 10, 12, 14, 17, 18, 19, 20, 21, 22, 23, 24, 25, 28, 29, 30, 33, 34, 78, 79], "summary": {"covered_lines": 21, "num_statements": 35, "percent_covered": 60.0, "percent_covered_display": "60", "missing_lines": 14, "excluded_lines": 0, "percent_statements_covered": 60.0, "percent_statements_covered_display": "60"}, "missing_lines": [41, 43, 53, 54, 60, 61, 62, 63, 64, 66, 87, 89, 103, 105], "excluded_lines": [], "functions": {"get_quota": {"executed_lines": [], "summary": {"covered_lines": 0, "num_statements": 10, "percent_covered": 0.0, "percent_covered_display": "0", "missing_lines": 10, "excluded_lines": 0, "percent_statements_covered": 0.0, "percent_statements_covered_display": "0"}, "missing_lines": [41, 43, 53, 54, 60, 61, 62, 63, 64, 66], "excluded_lines": [], "start_line": 34}, "set_quota": {"executed_lines": [], "summary": {"covered_lines": 0, "num_statements": 4, "percent_covered": 0.0, "percent_covered_display": "0", "missing_lines": 4, "excluded_lines": 0, "percent_statements_covered": 0.0, "percent_statements_covered_display": "0"}, "missing_lines": [87, 89, 103, 105], "excluded_lines": [], "start_line": 79}, "": {"executed_lines": [7, 9, 10, 12, 14, 17, 18, 19, 20, 21, 22, 23, 24, 25, 28, 29, 30, 33, 34, 78, 79], "summary": {"covered_lines": 21, "num_statements": 21, "percent_covered": 100.0, "percent_covered_display": "100", "missing_lines": 0, "excluded_lines": 0, "percent_statements_covered": 100.0, "percent_statements_covered_display": "100"}, "missing_lines": [], "excluded_lines": [], "start_line": 1}}, "classes": {"QuotaResponse": {"executed_lines": [], "summary": {"covered_lines": 0, "num_statements": 0, "percent_covered": 100.0, "percent_covered_display": "100", "missing_lines": 0, "excluded_lines": 0, "percent_statements_covered": 100.0, "percent_statements_covered_display": "100"}, "missing_lines": [], "excluded_lines": [], "start_line": 17}, "QuotaUpdateRequest": {"executed_lines": [], "summary": {"covered_lines": 0, "num_statements": 0, "percent_covered": 100.0, "percent_covered_display": "100", "missing_lines": 0, "excluded_lines": 0, "percent_statements_covered": 100.0, "percent_statements_covered_display": "100"}, "missing_lines": [], "excluded_lines": [], "start_line": 28}, "": {"executed_lines": [7, 9, 10, 12, 14, 17, 18, 19, 20, 21, 22, 23, 24, 25, 28, 29, 30, 33, 34, 78, 79], "summary": {"covered_lines": 21, "num_statements": 35, "percent_covered": 60.0, "percent_covered_display": "60", "missing_lines": 14, "excluded_lines": 0, "percent_statements_covered": 60.0, "percent_statements_covered_display": "60"}, "missing_lines": [41, 43, 53, 54, 60, 61, 62, 63, 64, 66, 87, 89, 103, 105], "excluded_lines": [], "start_line": 1}}}, "ivgs-api/app/api/v1/retention.py": {"executed_lines": [13, 14, 16, 17, 19, 20, 21, 22, 23, 29, 31, 33, 36, 41, 46, 47, 50, 56, 62, 63, 64, 77, 82, 88, 89, 103, 108, 115, 116, 117, 141, 146, 151, 152], "summary": {"covered_lines": 34, "num_statements": 44, "percent_covered": 77.27272727272727, "percent_covered_display": "77", "missing_lines": 10, "excluded_lines": 0, "percent_statements_covered": 77.27272727272727, "percent_statements_covered_display": "77"}, "missing_lines": [65, 66, 90, 91, 100, 118, 119, 128, 129, 138], "excluded_lines": [], "functions": {"list_retention_policies": {"executed_lines": [46, 47], "summary": {"covered_lines": 2, "num_statements": 2, "percent_covered": 100.0, "percent_covered_display": "100", "missing_lines": 0, "excluded_lines": 0, "percent_statements_covered": 100.0, "percent_statements_covered_display": "100"}, "missing_lines": [], "excluded_lines": [], "start_line": 41}, "create_retention_policy": {"executed_lines": [62, 63, 64], "summary": {"covered_lines": 3, "num_statements": 5, "percent_covered": 60.0, "percent_covered_display": "60", "missing_lines": 2, "excluded_lines": 0, "percent_statements_covered": 60.0, "percent_statements_covered_display": "60"}, "missing_lines": [65, 66], "excluded_lines": [], "start_line": 56}, "get_retention_policy": {"executed_lines": [88, 89], "summary": {"covered_lines": 2, "num_statements": 5, "percent_covered": 40.0, "percent_covered_display": "40", "missing_lines": 3, "excluded_lines": 0, "percent_statements_covered": 40.0, "percent_statements_covered_display": "40"}, "missing_lines": [90, 91, 100], "excluded_lines": [], "start_line": 82}, "update_retention_policy": {"executed_lines": [115, 116, 117], "summary": {"covered_lines": 3, "num_statements": 8, "percent_covered": 37.5, "percent_covered_display": "38", "missing_lines": 5, "excluded_lines": 0, "percent_statements_covered": 37.5, "percent_statements_covered_display": "38"}, "missing_lines": [118, 119, 128, 129, 138], "excluded_lines": [], "start_line": 108}, "get_retention_report": {"executed_lines": [151, 152], "summary": {"covered_lines": 2, "num_statements": 2, "percent_covered": 100.0, "percent_covered_display": "100", "missing_lines": 0, "excluded_lines": 0, "percent_statements_covered": 100.0, "percent_statements_covered_display": "100"}, "missing_lines": [], "excluded_lines": [], "start_line": 146}, "": {"executed_lines": [13, 14, 16, 17, 19, 20, 21, 22, 23, 29, 31, 33, 36, 41, 50, 56, 77, 82, 103, 108, 141, 146], "summary": {"covered_lines": 22, "num_statements": 22, "percent_covered": 100.0, "percent_covered_display": "100", "missing_lines": 0, "excluded_lines": 0, "percent_statements_covered": 100.0, "percent_statements_covered_display": "100"}, "missing_lines": [], "excluded_lines": [], "start_line": 1}}, "classes": {"": {"executed_lines": [13, 14, 16, 17, 19, 20, 21, 22, 23, 29, 31, 33, 36, 41, 46, 47, 50, 56, 62, 63, 64, 77, 82, 88, 89, 103, 108, 115, 116, 117, 141, 146, 151, 152], "summary": {"covered_lines": 34, "num_statements": 44, "percent_covered": 77.27272727272727, "percent_covered_display": "77", "missing_lines": 10, "excluded_lines": 0, "percent_statements_covered": 77.27272727272727, "percent_statements_covered_display": "77"}, "missing_lines": [65, 66, 90, 91, 100, 118, 119, 128, 129, 138], "excluded_lines": [], "start_line": 1}}}, "ivgs-api/app/api/v1/rollback.py": {"executed_lines": [3, 5, 6, 8, 9, 11, 12, 15, 16, 19, 20, 23, 24, 32, 33, 42, 43], "summary": {"covered_lines": 17, "num_statements": 22, "percent_covered": 77.27272727272727, "percent_covered_display": "77", "missing_lines": 5, "excluded_lines": 0, "percent_statements_covered": 77.27272727272727, "percent_statements_covered_display": "77"}, "missing_lines": [28, 29, 38, 39, 44], "excluded_lines": [], "functions": {"create_rollback_point": {"executed_lines": [], "summary": {"covered_lines": 0, "num_statements": 2, "percent_covered": 0.0, "percent_covered_display": "0", "missing_lines": 2, "excluded_lines": 0, "percent_statements_covered": 0.0, "percent_statements_covered_display": "0"}, "missing_lines": [28, 29], "excluded_lines": [], "start_line": 24}, "rollback_to": {"executed_lines": [], "summary": {"covered_lines": 0, "num_statements": 2, "percent_covered": 0.0, "percent_covered_display": "0", "missing_lines": 2, "excluded_lines": 0, "percent_statements_covered": 0.0, "percent_statements_covered_display": "0"}, "missing_lines": [38, 39], "excluded_lines": [], "start_line": 33}, "list_rollback_points": {"executed_lines": [], "summary": {"covered_lines": 0, "num_statements": 1, "percent_covered": 0.0, "percent_covered_display": "0", "missing_lines": 1, "excluded_lines": 0, "percent_statements_covered": 0.0, "percent_statements_covered_display": "0"}, "missing_lines": [44], "excluded_lines": [], "start_line": 43}, "": {"executed_lines": [3, 5, 6, 8, 9, 11, 12, 15, 16, 19, 20, 23, 24, 32, 33, 42, 43], "summary": {"covered_lines": 17, "num_statements": 17, "percent_covered": 100.0, "percent_covered_display": "100", "missing_lines": 0, "excluded_lines": 0, "percent_statements_covered": 100.0, "percent_statements_covered_display": "100"}, "missing_lines": [], "excluded_lines": [], "start_line": 1}}, "classes": {"CreateRollbackRequest": {"executed_lines": [], "summary": {"covered_lines": 0, "num_statements": 0, "percent_covered": 100.0, "percent_covered_display": "100", "missing_lines": 0, "excluded_lines": 0, "percent_statements_covered": 100.0, "percent_statements_covered_display": "100"}, "missing_lines": [], "excluded_lines": [], "start_line": 15}, "RollbackToRequest": {"executed_lines": [], "summary": {"covered_lines": 0, "num_statements": 0, "percent_covered": 100.0, "percent_covered_display": "100", "missing_lines": 0, "excluded_lines": 0, "percent_statements_covered": 100.0, "percent_statements_covered_display": "100"}, "missing_lines": [], "excluded_lines": [], "start_line": 19}, "": {"executed_lines": [3, 5, 6, 8, 9, 11, 12, 15, 16, 19, 20, 23, 24, 32, 33, 42, 43], "summary": {"covered_lines": 17, "num_statements": 22, "percent_covered": 77.27272727272727, "percent_covered_display": "77", "missing_lines": 5, "excluded_lines": 0, "percent_statements_covered": 77.27272727272727, "percent_statements_covered_display": "77"}, "missing_lines": [28, 29, 38, 39, 44], "excluded_lines": [], "start_line": 1}}}, "ivgs-api/app/api/v1/storyboard.py": {"executed_lines": [10, 11, 12, 14, 15, 17, 18, 19, 20, 21, 22, 23, 24, 26, 28, 31, 32, 38, 39, 48, 51, 52, 60, 61, 77, 78, 85, 86, 87, 93, 96, 102, 109, 110], "summary": {"covered_lines": 34, "num_statements": 46, "percent_covered": 73.91304347826087, "percent_covered_display": "74", "missing_lines": 12, "excluded_lines": 0, "percent_statements_covered": 73.91304347826087, "percent_statements_covered_display": "74"}, "missing_lines": [40, 41, 46, 47, 69, 70, 74, 88, 89, 111, 112, 116], "excluded_lines": [], "functions": {"list_scenes": {"executed_lines": [38, 39, 48], "summary": {"covered_lines": 3, "num_statements": 7, "percent_covered": 42.857142857142854, "percent_covered_display": "43", "missing_lines": 4, "excluded_lines": 0, "percent_statements_covered": 42.857142857142854, "percent_statements_covered_display": "43"}, "missing_lines": [40, 41, 46, 47], "excluded_lines": [], "start_line": 32}, "update_scene": {"executed_lines": [60, 61], "summary": {"covered_lines": 2, "num_statements": 5, "percent_covered": 40.0, "percent_covered_display": "40", "missing_lines": 3, "excluded_lines": 0, "percent_statements_covered": 40.0, "percent_statements_covered_display": "40"}, "missing_lines": [69, 70, 74], "excluded_lines": [], "start_line": 52}, "reorder_scenes": {"executed_lines": [85, 86, 87, 93], "summary": {"covered_lines": 4, "num_statements": 6, "percent_covered": 66.66666666666667, "percent_covered_display": "67", "missing_lines": 2, "excluded_lines": 0, "percent_statements_covered": 66.66666666666667, "percent_statements_covered_display": "67"}, "missing_lines": [88, 89], "excluded_lines": [], "start_line": 78}, "regenerate_scene": {"executed_lines": [109, 110], "summary": {"covered_lines": 2, "num_statements": 5, "percent_covered": 40.0, "percent_covered_display": "40", "missing_lines": 3, "excluded_lines": 0, "percent_statements_covered": 40.0, "percent_statements_covered_display": "40"}, "missing_lines": [111, 112, 116], "excluded_lines": [], "start_line": 102}, "": {"executed_lines": [10, 11, 12, 14, 15, 17, 18, 19, 20, 21, 22, 23, 24, 26, 28, 31, 32, 51, 52, 77, 78, 96, 102], "summary": {"covered_lines": 23, "num_statements": 23, "percent_covered": 100.0, "percent_covered_display": "100", "missing_lines": 0, "excluded_lines": 0, "percent_statements_covered": 100.0, "percent_statements_covered_display": "100"}, "missing_lines": [], "excluded_lines": [], "start_line": 1}}, "classes": {"": {"executed_lines": [10, 11, 12, 14, 15, 17, 18, 19, 20, 21, 22, 23, 24, 26, 28, 31, 32, 38, 39, 48, 51, 52, 60, 61, 77, 78, 85, 86, 87, 93, 96, 102, 109, 110], "summary": {"covered_lines": 34, "num_statements": 46, "percent_covered": 73.91304347826087, "percent_covered_display": "74", "missing_lines": 12, "excluded_lines": 0, "percent_statements_covered": 73.91304347826087, "percent_statements_covered_display": "74"}, "missing_lines": [40, 41, 46, 47, 69, 70, 74, 88, 89, 111, 112, 116], "excluded_lines": [], "start_line": 1}}}, "ivgs-api/app/api/v1/transcripts.py": {"executed_lines": [11, 12, 13, 15, 16, 18, 19, 20, 21, 22, 27, 28, 30, 32, 35, 36, 43, 44, 53, 56, 62, 74, 75, 106, 109, 114, 122, 123, 138, 139, 146, 147, 148, 154, 157, 162, 169, 170], "summary": {"covered_lines": 38, "num_statements": 57, "percent_covered": 66.66666666666667, "percent_covered_display": "67", "missing_lines": 19, "excluded_lines": 0, "percent_statements_covered": 66.66666666666667, "percent_statements_covered_display": "67"}, "missing_lines": [45, 46, 51, 52, 76, 77, 83, 88, 89, 90, 100, 101, 130, 131, 135, 149, 150, 171, 172], "excluded_lines": [], "functions": {"list_transcripts": {"executed_lines": [43, 44, 53], "summary": {"covered_lines": 3, "num_statements": 7, "percent_covered": 42.857142857142854, "percent_covered_display": "43", "missing_lines": 4, "excluded_lines": 0, "percent_statements_covered": 42.857142857142854, "percent_statements_covered_display": "43"}, "missing_lines": [45, 46, 51, 52], "excluded_lines": [], "start_line": 36}, "upload_transcripts": {"executed_lines": [74, 75, 106], "summary": {"covered_lines": 3, "num_statements": 11, "percent_covered": 27.272727272727273, "percent_covered_display": "27", "missing_lines": 8, "excluded_lines": 0, "percent_statements_covered": 27.272727272727273, "percent_statements_covered_display": "27"}, "missing_lines": [76, 77, 83, 88, 89, 90, 100, 101], "excluded_lines": [], "start_line": 62}, "update_transcript": {"executed_lines": [122, 123], "summary": {"covered_lines": 2, "num_statements": 5, "percent_covered": 40.0, "percent_covered_display": "40", "missing_lines": 3, "excluded_lines": 0, "percent_statements_covered": 40.0, "percent_statements_covered_display": "40"}, "missing_lines": [130, 131, 135], "excluded_lines": [], "start_line": 114}, "reorder_transcripts": {"executed_lines": [146, 147, 148, 154], "summary": {"covered_lines": 4, "num_statements": 6, "percent_covered": 66.66666666666667, "percent_covered_display": "67", "missing_lines": 2, "excluded_lines": 0, "percent_statements_covered": 66.66666666666667, "percent_statements_covered_display": "67"}, "missing_lines": [149, 150], "excluded_lines": [], "start_line": 139}, "delete_transcript": {"executed_lines": [169, 170], "summary": {"covered_lines": 2, "num_statements": 4, "percent_covered": 50.0, "percent_covered_display": "50", "missing_lines": 2, "excluded_lines": 0, "percent_statements_covered": 50.0, "percent_statements_covered_display": "50"}, "missing_lines": [171, 172], "excluded_lines": [], "start_line": 162}, "": {"executed_lines": [11, 12, 13, 15, 16, 18, 19, 20, 21, 22, 27, 28, 30, 32, 35, 36, 56, 62, 109, 114, 138, 139, 157, 162], "summary": {"covered_lines": 24, "num_statements": 24, "percent_covered": 100.0, "percent_covered_display": "100", "missing_lines": 0, "excluded_lines": 0, "percent_statements_covered": 100.0, "percent_statements_covered_display": "100"}, "missing_lines": [], "excluded_lines": [], "start_line": 1}}, "classes": {"": {"executed_lines": [11, 12, 13, 15, 16, 18, 19, 20, 21, 22, 27, 28, 30, 32, 35, 36, 43, 44, 53, 56, 62, 74, 75, 106, 109, 114, 122, 123, 138, 139, 146, 147, 148, 154, 157, 162, 169, 170], "summary": {"covered_lines": 38, "num_statements": 57, "percent_covered": 66.66666666666667, "percent_covered_display": "67", "missing_lines": 19, "excluded_lines": 0, "percent_statements_covered": 66.66666666666667, "percent_statements_covered_display": "67"}, "missing_lines": [45, 46, 51, 52, 76, 77, 83, 88, 89, 90, 100, 101, 130, 131, 135, 149, 150, 171, 172], "excluded_lines": [], "start_line": 1}}}, "ivgs-api/app/api/v1/users.py": {"executed_lines": [9, 10, 11, 13, 14, 16, 17, 18, 19, 20, 21, 23, 25, 28, 35, 41, 44, 54, 64, 72, 73, 94, 104, 123, 133, 143, 172, 181, 191], "summary": {"covered_lines": 29, "num_statements": 53, "percent_covered": 54.716981132075475, "percent_covered_display": "55", "missing_lines": 24, "excluded_lines": 0, "percent_statements_covered": 54.716981132075475, "percent_statements_covered_display": "55"}, "missing_lines": [42, 79, 80, 81, 82, 83, 109, 110, 111, 120, 144, 145, 155, 164, 165, 167, 168, 169, 192, 193, 204, 205, 206, 208], "excluded_lines": [], "functions": {"list_users": {"executed_lines": [41, 44], "summary": {"covered_lines": 2, "num_statements": 3, "percent_covered": 66.66666666666667, "percent_covered_display": "67", "missing_lines": 1, "excluded_lines": 0, "percent_statements_covered": 66.66666666666667, "percent_statements_covered_display": "67"}, "missing_lines": [42], "excluded_lines": [], "start_line": 35}, "create_user": {"executed_lines": [72, 73], "summary": {"covered_lines": 2, "num_statements": 7, "percent_covered": 28.571428571428573, "percent_covered_display": "29", "missing_lines": 5, "excluded_lines": 0, "percent_statements_covered": 28.571428571428573, "percent_statements_covered_display": "29"}, "missing_lines": [79, 80, 81, 82, 83], "excluded_lines": [], "start_line": 64}, "get_user": {"executed_lines": [], "summary": {"covered_lines": 0, "num_statements": 4, "percent_covered": 0.0, "percent_covered_display": "0", "missing_lines": 4, "excluded_lines": 0, "percent_statements_covered": 0.0, "percent_statements_covered_display": "0"}, "missing_lines": [109, 110, 111, 120], "excluded_lines": [], "start_line": 104}, "update_user": {"executed_lines": [143], "summary": {"covered_lines": 1, "num_statements": 9, "percent_covered": 11.11111111111111, "percent_covered_display": "11", "missing_lines": 8, "excluded_lines": 0, "percent_statements_covered": 11.11111111111111, "percent_statements_covered_display": "11"}, "missing_lines": [144, 145, 155, 164, 165, 167, 168, 169], "excluded_lines": [], "start_line": 133}, "delete_user": {"executed_lines": [191], "summary": {"covered_lines": 1, "num_statements": 7, "percent_covered": 14.285714285714286, "percent_covered_display": "14", "missing_lines": 6, "excluded_lines": 0, "percent_statements_covered": 14.285714285714286, "percent_statements_covered_display": "14"}, "missing_lines": [192, 193, 204, 205, 206, 208], "excluded_lines": [], "start_line": 181}, "": {"executed_lines": [9, 10, 11, 13, 14, 16, 17, 18, 19, 20, 21, 23, 25, 28, 35, 54, 64, 94, 104, 123, 133, 172, 181], "summary": {"covered_lines": 23, "num_statements": 23, "percent_covered": 100.0, "percent_covered_display": "100", "missing_lines": 0, "excluded_lines": 0, "percent_statements_covered": 100.0, "percent_statements_covered_display": "100"}, "missing_lines": [], "excluded_lines": [], "start_line": 1}}, "classes": {"": {"executed_lines": [9, 10, 11, 13, 14, 16, 17, 18, 19, 20, 21, 23, 25, 28, 35, 41, 44, 54, 64, 72, 73, 94, 104, 123, 133, 143, 172, 181, 191], "summary": {"covered_lines": 29, "num_statements": 53, "percent_covered": 54.716981132075475, "percent_covered_display": "55", "missing_lines": 24, "excluded_lines": 0, "percent_statements_covered": 54.716981132075475, "percent_statements_covered_display": "55"}, "missing_lines": [42, 79, 80, 81, 82, 83, 109, 110, 111, 120, 144, 145, 155, 164, 165, 167, 168, 169, 192, 193, 204, 205, 206, 208], "excluded_lines": [], "start_line": 1}}}, "ivgs-api/app/api/v1/ws_logs.py": {"executed_lines": [11, 13, 14, 15, 16, 18, 20, 22, 25, 35, 36, 100, 101], "summary": {"covered_lines": 13, "num_statements": 69, "percent_covered": 18.840579710144926, "percent_covered_display": "19", "missing_lines": 56, "excluded_lines": 0, "percent_statements_covered": 18.840579710144926, "percent_statements_covered_display": "19"}, "missing_lines": [46, 48, 49, 52, 53, 55, 56, 57, 58, 60, 62, 63, 69, 70, 71, 72, 73, 74, 75, 82, 83, 85, 87, 88, 89, 90, 91, 92, 93, 94, 96, 97, 109, 111, 112, 114, 116, 117, 118, 120, 121, 123, 126, 127, 128, 129, 130, 131, 134, 135, 137, 138, 139, 140, 142, 143], "excluded_lines": [], "functions": {"stream_node_logs": {"executed_lines": [], "summary": {"covered_lines": 0, "num_statements": 24, "percent_covered": 0.0, "percent_covered_display": "0", "missing_lines": 24, "excluded_lines": 0, "percent_statements_covered": 0.0, "percent_statements_covered_display": "0"}, "missing_lines": [46, 48, 49, 52, 53, 55, 56, 57, 58, 60, 62, 63, 69, 85, 87, 88, 89, 90, 91, 92, 93, 94, 96, 97], "excluded_lines": [], "start_line": 36}, "stream_node_logs.read_output": {"executed_lines": [], "summary": {"covered_lines": 0, "num_statements": 8, "percent_covered": 0.0, "percent_covered_display": "0", "missing_lines": 8, "excluded_lines": 0, "percent_statements_covered": 0.0, "percent_statements_covered_display": "0"}, "missing_lines": [70, 71, 72, 73, 74, 75, 82, 83], "excluded_lines": [], "start_line": 69}, "stream_job_status": {"executed_lines": [], "summary": {"covered_lines": 0, "num_statements": 24, "percent_covered": 0.0, "percent_covered_display": "0", "missing_lines": 24, "excluded_lines": 0, "percent_statements_covered": 0.0, "percent_statements_covered_display": "0"}, "missing_lines": [109, 111, 112, 114, 116, 117, 118, 120, 121, 123, 126, 127, 128, 129, 130, 131, 134, 135, 137, 138, 139, 140, 142, 143], "excluded_lines": [], "start_line": 101}, "": {"executed_lines": [11, 13, 14, 15, 16, 18, 20, 22, 25, 35, 36, 100, 101], "summary": {"covered_lines": 13, "num_statements": 13, "percent_covered": 100.0, "percent_covered_display": "100", "missing_lines": 0, "excluded_lines": 0, "percent_statements_covered": 100.0, "percent_s
[...]
"RollbackService.rollback_to": {"executed_lines": [], "summary": {"covered_lines": 0, "num_statements": 27, "percent_covered": 0.0, "percent_covered_display": "0", "missing_lines": 27, "excluded_lines": 0, "percent_statements_covered": 0.0, "percent_statements_covered_display": "0"}, "missing_lines": [132, 133, 134, 138, 139, 141, 143, 145, 146, 152, 153, 161, 162, 163, 166, 172, 173, 174, 175, 177, 183, 184, 190, 191, 192, 193, 195], "excluded_lines": [], "start_line": 124}, "RollbackService.list_rollback_points": {"executed_lines": [], "summary": {"covered_lines": 0, "num_statements": 7, "percent_covered": 0.0, "percent_covered_display": "0", "missing_lines": 7, "excluded_lines": 0, "percent_statements_covered": 0.0, "percent_statements_covered_display": "0"}, "missing_lines": [199, 200, 201, 202, 203, 204, 205], "excluded_lines": [], "start_line": 197}, "RollbackService._get_current_alembic_revision": {"executed_lines": [], "summary": {"covered_lines": 0, "num_statements": 6, "percent_covered": 0.0, "percent_covered_display": "0", "missing_lines": 6, "excluded_lines": 0, "percent_statements_covered": 0.0, "percent_statements_covered_display": "0"}, "missing_lines": [208, 209, 212, 214, 219, 220], "excluded_lines": [], "start_line": 207}, "RollbackService._get_current_docker_tags": {"executed_lines": [], "summary": {"covered_lines": 0, "num_statements": 11, "percent_covered": 0.0, "percent_covered_display": "0", "missing_lines": 11, "excluded_lines": 0, "percent_statements_covered": 0.0, "percent_statements_covered_display": "0"}, "missing_lines": [223, 228, 229, 230, 231, 232, 233, 234, 235, 236, 237], "excluded_lines": [], "start_line": 222}, "RollbackService._snapshot_configs": {"executed_lines": [], "summary": {"covered_lines": 0, "num_statements": 7, "percent_covered": 0.0, "percent_covered_display": "0", "missing_lines": 7, "excluded_lines": 0, "percent_statements_covered": 0.0, "percent_statements_covered_display": "0"}, "missing_lines": [240, 241, 242, 243, 244, 245, 246], "excluded_lines": [], "start_line": 239}, "": {"executed_lines": [11, 13, 14, 15, 16, 17, 18, 19, 20, 22, 24, 26, 29, 30, 47, 50, 53, 124, 197, 207, 222, 239], "summary": {"covered_lines": 22, "num_statements": 22, "percent_covered": 100.0, "percent_covered_display": "100", "missing_lines": 0, "excluded_lines": 0, "percent_statements_covered": 100.0, "percent_statements_covered_display": "100"}, "missing_lines": [], "excluded_lines": [], "start_line": 1}}, "classes": {"RollbackPoint": {"executed_lines": [], "summary": {"covered_lines": 0, "num_statements": 6, "percent_covered": 0.0, "percent_covered_display": "0", "missing_lines": 6, "excluded_lines": 0, "percent_statements_covered": 0.0, "percent_statements_covered_display": "0"}, "missing_lines": [39, 40, 41, 42, 43, 44], "excluded_lines": [], "start_line": 29}, "RollbackService": {"executed_lines": [51], "summary": {"covered_lines": 1, "num_statements": 76, "percent_covered": 1.3157894736842106, "percent_covered_display": "1", "missing_lines": 75, "excluded_lines": 0, "percent_statements_covered": 1.3157894736842106, "percent_statements_covered_display": "1"}, "missing_lines": [58, 59, 62, 65, 68, 69, 70, 71, 74, 83, 84, 85, 99, 100, 116, 118, 122, 132, 133, 134, 138, 139, 141, 143, 145, 146, 152, 153, 161, 162, 163, 166, 172, 173, 174, 175, 177, 183, 184, 190, 191, 192, 193, 195, 199, 200, 201, 202, 203, 204, 205, 208, 209, 212, 214, 219, 220, 223, 228, 229, 230, 231, 232, 233, 234, 235, 236, 237, 240, 241, 242, 243, 244, 245, 246], "excluded_lines": [], "start_line": 47}, "": {"executed_lines": [11, 13, 14, 15, 16, 17, 18, 19, 20, 22, 24, 26, 29, 30, 47, 50, 53, 124, 197, 207, 222, 239], "summary": {"covered_lines": 22, "num_statements": 22, "percent_covered": 100.0, "percent_covered_display": "100", "missing_lines": 0, "excluded_lines": 0, "percent_statements_covered": 100.0, "percent_statements_covered_display": "100"}, "missing_lines": [], "excluded_lines": [], "start_line": 1}}}, "ivgs-api/app/services/storyboard_service.py": {"executed_lines": [6, 7, 8, 9, 11, 12, 14, 15, 17, 20, 23, 24, 26, 28, 35, 39, 47, 71, 81, 100, 113, 125, 126, 127, 139, 147, 157], "summary": {"covered_lines": 27, "num_statements": 79, "percent_covered": 34.177215189873415, "percent_covered_display": "34", "missing_lines": 52, "excluded_lines": 0, "percent_statements_covered": 34.177215189873415, "percent_statements_covered_display": "34"}, "missing_lines": [33, 45, 57, 65, 66, 67, 68, 69, 82, 83, 85, 86, 87, 88, 89, 90, 91, 92, 94, 95, 96, 97, 98, 104, 105, 106, 108, 109, 110, 111, 129, 130, 131, 132, 133, 134, 135, 136, 137, 140, 141, 142, 144, 145, 158, 159, 161, 166, 167, 168, 170, 177], "excluded_lines": [], "functions": {"StoryboardService.__init__": {"executed_lines": [24], "summary": {"covered_lines": 1, "num_statements": 1, "percent_covered": 100.0, "percent_covered_display": "100", "missing_lines": 0, "excluded_lines": 0, "percent_statements_covered": 100.0, "percent_statements_covered_display": "100"}, "missing_lines": [], "excluded_lines": [], "start_line": 23}, "StoryboardService.list_scenes": {"executed_lines": [28], "summary": {"covered_lines": 1, "num_statements": 2, "percent_covered": 50.0, "percent_covered_display": "50", "missing_lines": 1, "excluded_lines": 0, "percent_statements_covered": 50.0, "percent_statements_covered_display": "50"}, "missing_lines": [33], "excluded_lines": [], "start_line": 26}, "StoryboardService.get_scene": {"executed_lines": [39], "summary": {"covered_lines": 1, "num_statements": 2, "percent_covered": 50.0, "percent_covered_display": "50", "missing_lines": 1, "excluded_lines": 0, "percent_statements_covered": 50.0, "percent_statements_covered_display": "50"}, "missing_lines": [45], "excluded_lines": [], "start_line": 35}, "StoryboardService.create_scene": {"executed_lines": [], "summary": {"covered_lines": 0, "num_statements": 6, "percent_covered": 0.0, "percent_covered_display": "0", "missing_lines": 6, "excluded_lines": 0, "percent_statements_covered": 0.0, "percent_statements_covered_display": "0"}, "missing_lines": [57, 65, 66, 67, 68, 69], "excluded_lines": [], "start_line": 47}, "StoryboardService.update_scene": {"executed_lines": [81], "summary": {"covered_lines": 1, "num_statements": 16, "percent_covered": 6.25, "percent_covered_display": "6", "missing_lines": 15, "excluded_lines": 0, "percent_statements_covered": 6.25, "percent_statements_covered_display": "6"}, "missing_lines": [82, 83, 85, 86, 87, 88, 89, 90, 91, 92, 94, 95, 96, 97, 98], "excluded_lines": [], "start_line": 71}, "StoryboardService.delete_scene": {"executed_lines": [], "summary": {"covered_lines": 0, "num_statements": 7, "percent_covered": 0.0, "percent_covered_display": "0", "missing_lines": 7, "excluded_lines": 0, "percent_statements_covered": 0.0, "percent_statements_covered_display": "0"}, "missing_lines": [104, 105, 106, 108, 109, 110, 111], "excluded_lines": [], "start_line": 100}, "StoryboardService.reorder_scenes": {"executed_lines": [125, 126, 127, 139], "summary": {"covered_lines": 4, "num_statements": 18, "percent_covered": 22.22222222222222, "percent_covered_display": "22", "missing_lines": 14, "excluded_lines": 0, "percent_statements_covered": 22.22222222222222, "percent_statements_covered_display": "22"}, "missing_lines": [129, 130, 131, 132, 133, 134, 135, 136, 137, 140, 141, 142, 144, 145], "excluded_lines": [], "start_line": 113}, "StoryboardService.regenerate_scene": {"executed_lines": [157], "summary": {"covered_lines": 1, "num_statements": 9, "percent_covered": 11.11111111111111, "percent_covered_display": "11", "missing_lines": 8, "excluded_lines": 0, "percent_statements_covered": 11.11111111111111, "percent_statements_covered_display": "11"}, "missing_lines": [158, 159, 161, 166, 167, 168, 170, 177], "excluded_lines": [], "start_line": 147}, "": {"executed_lines": [6, 7, 8, 9, 11, 12, 14, 15, 17, 20, 23, 26, 35, 47, 71, 100, 113, 147], "summary": {"covered_lines": 18, "num_statements": 18, "percent_covered": 100.0, "percent_covered_display": "100", "missing_lines": 0, "excluded_lines": 0, "percent_statements_covered": 100.0, "percent_statements_covered_display": "100"}, "missing_lines": [], "excluded_lines": [], "start_line": 1}}, "classes": {"StoryboardService": {"executed_lines": [24, 28, 39, 81, 125, 126, 127, 139, 157], "summary": {"covered_lines": 9, "num_statements": 61, "percent_covered": 14.754098360655737, "percent_covered_display": "15", "missing_lines": 52, "excluded_lines": 0, "percent_statements_covered": 14.754098360655737, "percent_statements_covered_display": "15"}, "missing_lines": [33, 45, 57, 65, 66, 67, 68, 69, 82, 83, 85, 86, 87, 88, 89, 90, 91, 92, 94, 95, 96, 97, 98, 104, 105, 106, 108, 109, 110, 111, 129, 130, 131, 132, 133, 134, 135, 136, 137, 140, 141, 142, 144, 145, 158, 159, 161, 166, 167, 168, 170, 177], "excluded_lines": [], "start_line": 20}, "": {"executed_lines": [6, 7, 8, 9, 11, 12, 14, 15, 17, 20, 23, 26, 35, 47, 71, 100, 113, 147], "summary": {"covered_lines": 18, "num_statements": 18, "percent_covered": 100.0, "percent_covered_display": "100", "missing_lines": 0, "excluded_lines": 0, "percent_statements_covered": 100.0, "percent_statements_covered_display": "100"}, "missing_lines": [], "excluded_lines": [], "start_line": 1}}}, "ivgs-api/app/services/transcript_service.py": {"executed_lines": [11, 12, 13, 14, 15, 16, 18, 19, 21, 22, 23, 25, 28, 39, 51, 53, 56, 63, 66, 67, 69, 74, 81, 97, 176, 182, 190, 199, 216, 222, 231, 245, 246, 248, 260], "summary": {"covered_lines": 35, "num_statements": 118, "percent_covered": 29.661016949152543, "percent_covered_display": "30", "missing_lines": 83, "excluded_lines": 0, "percent_statements_covered": 29.661016949152543, "percent_statements_covered_display": "30"}, "missing_lines": [30, 32, 33, 34, 35, 36, 41, 43, 44, 45, 46, 47, 48, 79, 101, 103, 104, 105, 106, 107, 110, 113, 114, 119, 122, 132, 133, 136, 137, 138, 139, 140, 141, 142, 143, 146, 147, 148, 149, 152, 155, 156, 163, 164, 166, 167, 168, 170, 174, 188, 200, 201, 203, 204, 205, 206, 207, 208, 210, 211, 212, 213, 214, 223, 224, 226, 227, 228, 229, 249, 250, 251, 252, 253, 254, 255, 256, 257, 261, 262, 263, 265, 268], "excluded_lines": [], "functions": {"extract_text_from_pdf": {"executed_lines": [], "summary": {"covered_lines": 0, "num_statements": 6, "percent_covered": 0.0, "percent_covered_display": "0", "missing_lines": 6, "excluded_lines": 0, "percent_statements_covered": 0.0, "percent_statements_covered_display": "0"}, "missing_lines": [30, 32, 33, 34, 35, 36], "excluded_lines": [], "start_line": 28}, "extract_text_from_docx": {"executed_lines": [], "summary": {"covered_lines": 0, "num_statements": 7, "percent_covered": 0.0, "percent_covered_display": "0", "missing_lines": 7, "excluded_lines": 0, "percent_statements_covered": 0.0, "percent_statements_covered_display": "0"}, "missing_lines": [41, 43, 44, 45, 46, 47, 48], "excluded_lines": [], "start_line": 39}, "extract_text_from_txt": {"executed_lines": [53], "summary": {"covered_lines": 1, "num_statements": 1, "percent_covered": 100.0, "percent_covered_display": "100", "missing_lines": 0, "excluded_lines": 0, "percent_statements_covered": 100.0, "percent_statements_covered_display": "100"}, "missing_lines": [], "excluded_lines": [], "start_line": 51}, "TranscriptService.__init__": {"executed_lines": [67], "summary": {"covered_lines": 1, "num_statements": 1, "percent_covered": 100.0, "percent_covered_display": "100", "missing_lines": 0, "excluded_lines": 0, "percent_statements_covered": 100.0, "percent_statements_covered_display": "100"}, "missing_lines": [], "excluded_lines": [], "start_line": 66}, "TranscriptService.list_transcripts": {"executed_lines": [74], "summary": {"covered_lines": 1, "num_statements": 2, "percent_covered": 50.0, "percent_covered_display": "50", "missing_lines": 1, "excluded_lines": 0, "percent_statements_covered": 50.0, "percent_statements_covered_display": "50"}, "missing_lines": [79], "excluded_lines": [], "start_line": 69}, "TranscriptService.upload_transcripts": {"executed_lines": [97], "summary": {"covered_lines": 1, "num_statements": 36, "percent_covered": 2.7777777777777777, "percent_covered_display": "3", "missing_lines": 35, "excluded_lines": 0, "percent_statements_covered": 2.7777777777777777, "percent_statements_covered_display": "3"}, "missing_lines": [101, 103, 104, 105, 106, 107, 110, 113, 114, 119, 122, 132, 133, 136, 137, 138, 139, 140, 141, 142, 143, 146, 147, 148, 149, 152, 155, 156, 163, 164, 166, 167, 168, 170, 174], "excluded_lines": [], "start_line": 81}, "TranscriptService.get_transcript": {"executed_lines": [182], "summary": {"covered_lines": 1, "num_statements": 2, "percent_covered": 50.0, "percent_covered_display": "50", "missing_lines": 1, "excluded_lines": 0, "percent_statements_covered": 50.0, "percent_statements_covered_display": "50"}, "missing_lines": [188], "excluded_lines": [], "start_line": 176}, "TranscriptService.update_transcript": {"executed_lines": [199], "summary": {"covered_lines": 1, "num_statements": 14, "percent_covered": 7.142857142857143, "percent_covered_display": "7", "missing_lines": 13, "excluded_lines": 0, "percent_statements_covered": 7.142857142857143, "percent_statements_covered_display": "7"}, "missing_lines": [200, 201, 203, 204, 205, 206, 207, 208, 210, 211, 212, 213, 214], "excluded_lines": [], "start_line": 190}, "TranscriptService.delete_transcript": {"executed_lines": [222], "summary": {"covered_lines": 1, "num_statements": 7, "percent_covered": 14.285714285714286, "percent_covered_display": "14", "missing_lines": 6, "excluded_lines": 0, "percent_statements_covered": 14.285714285714286, "percent_statements_covered_display": "14"}, "missing_lines": [223, 224, 226, 227, 228, 229], "excluded_lines": [], "start_line": 216}, "TranscriptService.reorder_transcripts": {"executed_lines": [245, 246, 248, 260], "summary": {"covered_lines": 4, "num_statements": 18, "percent_covered": 22.22222222222222, "percent_covered_display": "22", "missing_lines": 14, "excluded_lines": 0, "percent_statements_covered": 22.22222222222222, "percent_statements_covered_display": "22"}, "missing_lines": [249, 250, 251, 252, 253, 254, 255, 256, 257, 261, 262, 263, 265, 268], "excluded_lines": [], "start_line": 231}, "": {"executed_lines": [11, 12, 13, 14, 15, 16, 18, 19, 21, 22, 23, 25, 28, 39, 51, 56, 63, 66, 69, 81, 176, 190, 216, 231], "summary": {"covered_lines": 24, "num_statements": 24, "percent_covered": 100.0, "percent_covered_display": "100", "missing_lines": 0, "excluded_lines": 0, "percent_statements_covered": 100.0, "percent_statements_covered_display": "100"}, "missing_lines": [], "excluded_lines": [], "start_line": 1}}, "classes": {"TranscriptService": {"executed_lines": [67, 74, 97, 182, 199, 222, 245, 246, 248, 260], "summary": {"covered_lines": 10, "num_statements": 80, "percent_covered": 12.5, "percent_covered_display": "12", "missing_lines": 70, "excluded_lines": 0, "percent_statements_covered": 12.5, "percent_statements_covered_display": "12"}, "missing_lines": [79, 101, 103, 104, 105, 106, 107, 110, 113, 114, 119, 122, 132, 133, 136, 137, 138, 139, 140, 141, 142, 143, 146, 147, 148, 149, 152, 155, 156, 163, 164, 166, 167, 168, 170, 174, 188, 200, 201, 203, 204, 205, 206, 207, 208, 210, 211, 212, 213, 214, 223, 224, 226, 227, 228, 229, 249, 250, 251, 252, 253, 254, 255, 256, 257, 261, 262, 263, 265, 268], "excluded_lines": [], "start_line": 63}, "": {"executed_lines": [11, 12, 13, 14, 15, 16, 18, 19, 21, 22, 23, 25, 28, 39, 51, 53, 56, 63, 66, 69, 81, 176, 190, 216, 231], "summary": {"covered_lines": 25, "num_statements": 38, "percent_covered": 65.78947368421052, "percent_covered_display": "66", "missing_lines": 13, "excluded_lines": 0, "percent_statements_covered": 65.78947368421052, "percent_statements_covered_display": "66"}, "missing_lines": [30, 32, 33, 34, 35, 36, 41, 43, 44, 45, 46, 47, 48], "excluded_lines": [], "start_line": 1}}}, "ivgs-api/app/services/user_service.py": {"executed_lines": [12, 13, 14, 16, 17, 19, 20, 22, 25, 36, 54, 56, 60, 62, 66, 78, 94, 106, 107, 111, 113, 117, 118, 119, 124, 129, 136, 137, 138], "summary": {"covered_lines": 29, "num_statements": 48, "percent_covered": 60.416666666666664, "percent_covered_display": "60", "missing_lines": 19, "excluded_lines": 0, "percent_statements_covered": 60.416666666666664, "percent_statements_covered_display": "60"}, "missing_lines": [37, 38, 40, 46, 47, 48, 50, 51, 57, 63, 79, 82, 83, 89, 91, 114, 115, 125, 126], "excluded_lines": [], "functions": {"create_user": {"executed_lines": [36], "summary": {"covered_lines": 1, "num_statements": 9, "percent_covered": 11.11111111111111, "percent_covered_display": "11", "missing_lines": 8, "excluded_lines": 0, "percent_statements_covered": 11.11111111111111, "percent_statements_covered_display": "11"}, "missing_lines": [37, 38, 40, 46, 47, 48, 50, 51], "excluded_lines": [], "start_line": 25}, "get_user_by_id": {"executed_lines": [56], "summary": {"covered_lines": 1, "num_statements": 2, "percent_covered": 50.0, "percent_covered_display": "50", "missing_lines": 1, "excluded_lines": 0, "percent_statements_covered": 50.0, "percent_statements_covered_display": "50"}, "missing_lines": [57], "excluded_lines": [], "start_line": 54}, "get_user_by_username": {"executed_lines": [62], "summary": {"covered_lines": 1, "num_statements": 2, "percent_covered": 50.0, "percent_covered_display": "50", "missing_lines": 1, "excluded_lines": 0, "percent_statements_covered": 50.0, "percent_statements_covered_display": "50"}, "missing_lines": [63], "excluded_lines": [], "start_line": 60}, "list_users": {"executed_lines": [78], "summary": {"covered_lines": 1, "num_statements": 6, "percent_covered": 16.666666666666668, "percent_covered_display": "17", "missing_lines": 5, "excluded_lines": 0, "percent_statements_covered": 16.666666666666668, "percent_statements_covered_display": "17"}, "missing_lines": [79, 82, 83, 89, 91], "excluded_lines": [], "start_line": 66}, "update_user": {"executed_lines": [106, 107, 111, 113, 117, 118, 119, 124], "summary": {"covered_lines": 8, "num_statements": 12, "percent_covered": 66.66666666666667, "percent_covered_display": "67", "missing_lines": 4, "excluded_lines": 0, "percent_statements_covered": 66.66666666666667, "percent_statements_covered_display": "67"}, "missing_lines": [114, 115, 125, 126], "excluded_lines": [], "start_line": 94}, "delete_user": {"executed_lines": [136, 137, 138], "summary": {"covered_lines": 3, "num_statements": 3, "percent_covered": 100.0, "percent_covered_display": "100", "missing_lines": 0, "excluded_lines": 0, "percent_statements_covered": 100.0, "percent_statements_covered_display": "100"}, "missing_lines": [], "excluded_lines": [], "start_line": 129}, "": {"executed_lines": [12, 13, 14, 16, 17, 19, 20, 22, 25, 54, 60, 66, 94, 129], "summary": {"covered_lines": 14, "num_statements": 14, "percent_covered": 100.0, "percent_covered_display": "100", "missing_lines": 0, "excluded_lines": 0, "percent_statements_covered": 100.0, "percent_statements_covered_display": "100"}, "missing_lines": [], "excluded_lines": [], "start_line": 1}}, "classes": {"": {"executed_lines": [12, 13, 14, 16, 17, 19, 20, 22, 25, 36, 54, 56, 60, 62, 66, 78, 94, 106, 107, 111, 113, 117, 118, 119, 124, 129, 136, 137, 138], "summary": {"covered_lines": 29, "num_statements": 48, "percent_covered": 60.416666666666664, "percent_covered_display": "60", "missing_lines": 19, "excluded_lines": 0, "percent_statements_covered": 60.416666666666664, "percent_statements_covered_display": "60"}, "missing_lines": [37, 38, 40, 46, 47, 48, 50, 51, 57, 63, 79, 82, 83, 89, 91, 114, 115, 125, 126], "excluded_lines": [], "start_line": 1}}}}, "totals": {"covered_lines": 2651, "num_statements": 4167, "percent_covered": 63.618910487161024, "percent_covered_display": "64", "missing_lines": 1516, "excluded_lines": 1, "percent_statements_covered": 63.618910487161024, "percent_statements_covered_display": "64"}}