{"meta": {"format": 3, "version": "7.14.1", "timestamp": "2026-05-27T23:25:43.165090", "branch_coverage": true, "show_contexts": false}, "files": {"app/__init__.py": {"executed_lines": [], "summary": {"covered_lines": 0, "num_statements": 0, "percent_covered": 100.0, "percent_covered_display": "100", "missing_lines": 0, "excluded_lines": 0, "percent_statements_covered": 100.0, "percent_statements_covered_display": "100", "num_branches": 0, "num_partial_branches": 0, "covered_branches": 0, "missing_branches": 0, "percent_branches_covered": 100.0, "percent_branches_covered_display": "100"}, "missing_lines": [], "excluded_lines": [], "executed_branches": [], "missing_branches": [], "functions": {"": {"executed_lines": [], "summary": {"covered_lines": 0, "num_statements": 0, "percent_covered": 100.0, "percent_covered_display": "100", "missing_lines": 0, "excluded_lines": 0, "percent_statements_covered": 100.0, "percent_statements_covered_display": "100", "num_branches": 0, "num_partial_branches": 0, "covered_branches": 0, "missing_branches": 0, "percent_branches_covered": 100.0, "percent_branches_covered_display": "100"}, "missing_lines": [], "excluded_lines": [], "start_line": 1, "executed_branches": [], "missing_branches": []}}, "classes": {"": {"executed_lines": [], "summary": {"covered_lines": 0, "num_statements": 0, "percent_covered": 100.0, "percent_covered_display": "100", "missing_lines": 0, "excluded_lines": 0, "percent_statements_covered": 100.0, "percent_statements_covered_display": "100", "num_branches": 0, "num_partial_branches": 0, "covered_branches": 0, "missing_branches": 0, "percent_branches_covered": 100.0, "percent_branches_covered_display": "100"}, "missing_lines": [], "excluded_lines": [], "start_line": 1, "executed_branches": [], "missing_branches": []}}}, "app/api/__init__.py": {"executed_lines": [], "summary": {"covered_lines": 0, "num_statements": 0, "percent_covered": 100.0, "percent_covered_display": "100", "missing_lines": 0, "excluded_lines": 0, "percent_statements_covered": 100.0, "percent_statements_covered_display": "100", "num_branches": 0, "num_partial_branches": 0, "covered_branches": 0, "missing_branches": 0, "percent_branches_covered": 100.0, "percent_branches_covered_display": "100"}, "missing_lines": [], "excluded_lines": [], "executed_branches": [], "missing_branches": [], "functions": {"": {"executed_lines": [], "summary": {"covered_lines": 0, "num_statements": 0, "percent_covered": 100.0, "percent_covered_display": "100", "missing_lines": 0, "excluded_lines": 0, "percent_statements_covered": 100.0, "percent_statements_covered_display": "100", "num_branches": 0, "num_partial_branches": 0, "covered_branches": 0, "missing_branches": 0, "percent_branches_covered": 100.0, "percent_branches_covered_display": "100"}, "missing_lines": [], "excluded_lines": [], "start_line": 1, "executed_branches": [], "missing_branches": []}}, "classes": {"": {"executed_lines": [], "summary": {"covered_lines": 0, "num_statements": 0, "percent_covered": 100.0, "percent_covered_display": "100", "missing_lines": 0, "excluded_lines": 0, "percent_statements_covered": 100.0, "percent_statements_covered_display": "100", "num_branches": 0, "num_partial_branches": 0, "covered_branches": 0, "missing_branches": 0, "percent_branches_covered": 100.0, "percent_branches_covered_display": "100"}, "missing_lines": [], "excluded_lines": [], "start_line": 1, "executed_branches": [], "missing_branches": []}}}, "app/api/deps.py": {"executed_lines": [7, 8, 11], "summary": {"covered_lines": 3, "num_statements": 4, "percent_covered": 75.0, "percent_covered_display": "75", "missing_lines": 1, "excluded_lines": 0, "percent_statements_covered": 75.0, "percent_statements_covered_display": "75", "num_branches": 0, "num_partial_branches": 0, "covered_branches": 0, "missing_branches": 0, "percent_branches_covered": 100.0, "percent_branches_covered_display": "100"}, "missing_lines": [13], "excluded_lines": [], "executed_branches": [], "missing_branches": [], "functions": {"require_admin": {"executed_lines": [], "summary": {"covered_lines": 0, "num_statements": 1, "percent_covered": 0.0, "percent_covered_display": "0", "missing_lines": 1, "excluded_lines": 0, "percent_statements_covered": 0.0, "percent_statements_covered_display": "0", "num_branches": 0, "num_partial_branches": 0, "covered_branches": 0, "missing_branches": 0, "percent_branches_covered": 100.0, "percent_branches_covered_display": "100"}, "missing_lines": [13], "excluded_lines": [], "start_line": 11, "executed_branches": [], "missing_branches": []}, "": {"executed_lines": [7, 8, 11], "summary": {"covered_lines": 3, "num_statements": 3, "percent_covered": 100.0, "percent_covered_display": "100", "missing_lines": 0, "excluded_lines": 0, "percent_statements_covered": 100.0, "percent_statements_covered_display": "100", "num_branches": 0, "num_partial_branches": 0, "covered_branches": 0, "missing_branches": 0, "percent_branches_covered": 100.0, "percent_branches_covered_display": "100"}, "missing_lines": [], "excluded_lines": [], "start_line": 1, "executed_branches": [], "missing_branches": []}}, "classes": {"": {"executed_lines": [7, 8, 11], "summary": {"covered_lines": 3, "num_statements": 4, "percent_covered": 75.0, "percent_covered_display": "75", "missing_lines": 1, "excluded_lines": 0, "percent_statements_covered": 75.0, "percent_statements_covered_display": "75", "num_branches": 0, "num_partial_branches": 0, "covered_branches": 0, "missing_branches": 0, "percent_branches_covered": 100.0, "percent_branches_covered_display": "100"}, "missing_lines": [13], "excluded_lines": [], "start_line": 1, "executed_branches": [], "missing_branches": []}}}, "app/api/v1/__init__.py": {"executed_lines": [7, 10, 11, 12, 15, 16, 17, 18, 19, 20, 21, 24, 31, 32, 33, 36, 37, 38, 39, 42, 43, 44, 45, 48, 51, 54, 57, 58, 61, 64, 65, 66, 67, 68, 71, 72, 75, 76, 77, 80, 81, 82, 83, 86, 87, 88, 89, 92, 93, 94, 95, 98], "summary": {"covered_lines": 52, "num_statements": 52, "percent_covered": 100.0, "percent_covered_display": "100", "missing_lines": 0, "excluded_lines": 0, "percent_statements_covered": 100.0, "percent_statements_covered_display": "100", "num_branches": 0, "num_partial_branches": 0, "covered_branches": 0, "missing_branches": 0, "percent_branches_covered": 100.0, "percent_branches_covered_display": "100"}, "missing_lines": [], "excluded_lines": [], "executed_branches": [], "missing_branches": [], "functions": {"": {"executed_lines": [7, 10, 11, 12, 15, 16, 17, 18, 19, 20, 21, 24, 31, 32, 33, 36, 37, 38, 39, 42, 43, 44, 45, 48, 51, 54, 57, 58, 61, 64, 65, 66, 67, 68, 71, 72, 75, 76, 77, 80, 81, 82, 83, 86, 87, 88, 89, 92, 93, 94, 95, 98], "summary": {"covered_lines": 52, "num_statements": 52, "percent_covered": 100.0, "percent_covered_display": "100", "missing_lines": 0, "excluded_lines": 0, "percent_statements_covered": 100.0, "percent_statements_covered_display": "100", "num_branches": 0, "num_partial_branches": 0, "covered_branches": 0, "missing_branches": 0, "percent_branches_covered": 100.0, "percent_branches_covered_display": "100"}, "missing_lines": [], "excluded_lines": [], "start_line": 1, "executed_branches": [], "missing_branches": []}}, "classes": {"": {"executed_lines": [7, 10, 11, 12, 15, 16, 17, 18, 19, 20, 21, 24, 31, 32, 33, 36, 37, 38, 39, 42, 43, 44, 45, 48, 51, 54, 57, 58, 61, 64, 65, 66, 67, 68, 71, 72, 75, 76, 77, 80, 81, 82, 83, 86, 87, 88, 89, 92, 93, 94, 95, 98], "summary": {"covered_lines": 52, "num_statements": 52, "percent_covered": 100.0, "percent_covered_display": "100", "missing_lines": 0, "excluded_lines": 0, "percent_statements_covered": 100.0, "percent_statements_covered_display": "100", "num_branches": 0, "num_partial_branches": 0, "covered_branches": 0, "missing_branches": 0, "percent_branches_covered": 100.0, "percent_branches_covered_display": "100"}, "missing_lines": [], "excluded_lines": [], "start_line": 1, "executed_branches": [], "missing_branches": []}}}, "app/api/v1/alerts.py": {"executed_lines": [3, 5, 7, 9, 11, 14, 15], "summary": {"covered_lines": 7, "num_statements": 17, "percent_covered": 36.8421052631579, "percent_covered_display": "37", "missing_lines": 10, "excluded_lines": 0, "percent_statements_covered": 41.1764705882353, "percent_statements_covered_display": "41", "num_branches": 2, "num_partial_branches": 0, "covered_branches": 0, "missing_branches": 2, "percent_branches_covered": 0.0, "percent_branches_covered_display": "0"}, "missing_lines": [17, 19, 20, 31, 32, 33, 35, 36, 40, 42], "excluded_lines": [], "executed_branches": [], "missing_branches": [[19, 20], [19, 31]], "functions": {"alertmanager_webhook": {"executed_lines": [], "summary": {"covered_lines": 0, "num_statements": 10, "percent_covered": 0.0, "percent_covered_display": "0", "missing_lines": 10, "excluded_lines": 0, "percent_statements_covered": 0.0, "percent_statements_covered_display": "0", "num_branches": 2, "num_partial_branches": 0, "covered_branches": 0, "missing_branches": 2, "percent_branches_covered": 0.0, "percent_branches_covered_display": "0"}, "missing_lines": [17, 19, 20, 31, 32, 33, 35, 36, 40, 42], "excluded_lines": [], "start_line": 15, "executed_branches": [], "missing_branches": [[19, 20], [19, 31]]}, "": {"executed_lines": [3, 5, 7, 9, 11, 14, 15], "summary": {"covered_lines": 7, "num_statements": 7, "percent_covered": 100.0, "percent_covered_display": "100", "missing_lines": 0, "excluded_lines": 0, "percent_statements_covered": 100.0, "percent_statements_covered_display": "100", "num_branches": 0, "num_partial_branches": 0, "covered_branches": 0, "missing_branches": 0, "percent_branches_covered": 100.0, "percent_branches_covered_display": "100"}, "missing_lines": [], "excluded_lines": [], "start_line": 1, "executed_branches": [], "missing_branches": []}}, "classes": {"": {"executed_lines": [3, 5, 7, 9, 11, 14, 15], "summary": {"covered_lines": 7, "num_statements": 17, "percent_covered": 36.8421052631579, "percent_covered_display": "37", "missing_lines": 10, "excluded_lines": 0, "percent_statements_covered": 41.1764705882353, "percent_statements_covered_display": "41", "num_branches": 2, "num_partial_branches": 0, "covered_branches": 0, "missing_branches": 2, "percent_branches_covered": 0.0, "percent_branches_covered_display": "0"}, "missing_lines": [17, 19, 20, 31, 32, 33, 35, 36, 40, 42], "excluded_lines": [], "start_line": 1, "executed_branches": [], "missing_branches": [[19, 20], [19, 31]]}}}, "app/api/v1/assets.py": {"executed_lines": [12, 13, 14, 16, 17, 18, 20, 21, 22, 23, 24, 25, 26, 27, 28, 30, 32, 33, 36, 41, 52, 53, 62, 72, 78, 88, 90, 92, 93, 94, 103, 104, 111, 112, 118, 119, 128, 129, 154, 160, 195, 200, 206, 207], "summary": {"covered_lines": 44, "num_statements": 69, "percent_covered": 57.142857142857146, "percent_covered_display": "57", "missing_lines": 25, "excluded_lines": 0, "percent_statements_covered": 63.768115942028984, "percent_statements_covered_display": "64", "num_branches": 8, "num_partial_branches": 0, "covered_branches": 0, "missing_branches": 8, "percent_branches_covered": 0.0, "percent_branches_covered_display": "0"}, "missing_lines": [61, 108, 120, 121, 125, 135, 136, 137, 138, 143, 144, 166, 167, 168, 169, 175, 180, 182, 187, 188, 189, 191, 192, 208, 209], "excluded_lines": [], "executed_branches": [], "missing_branches": [[120, 121], [120, 125], [137, 138], [137, 143], [168, 169], [168, 175], [208, -195], [208, 209]], "functions": {"list_assets": {"executed_lines": [52, 53, 62], "summary": {"covered_lines": 3, "num_statements": 4, "percent_covered": 75.0, "percent_covered_display": "75", "missing_lines": 1, "excluded_lines": 0, "percent_statements_covered": 75.0, "percent_statements_covered_display": "75", "num_branches": 0, "num_partial_branches": 0, "covered_branches": 0, "missing_branches": 0, "percent_branches_covered": 100.0, "percent_branches_covered_display": "100"}, "missing_lines": [61], "excluded_lines": [], "start_line": 41, "executed_branches": [], "missing_branches": []}, "upload_asset": {"executed_lines": [88, 90, 92, 93, 94, 103, 104], "summary": {"covered_lines": 7, "num_statements": 8, "percent_covered": 87.5, "percent_covered_display": "88", "missing_lines": 1, "excluded_lines": 0, "percent_statements_covered": 87.5, "percent_statements_covered_display": "88", "num_branches": 0, "num_partial_branches": 0, "covered_branches": 0, "missing_branches": 0, "percent_branches_covered": 100.0, "percent_branches_covered_display": "100"}, "missing_lines": [108], "excluded_lines": [], "start_line": 78, "executed_branches": [], "missing_branches": []}, "get_asset": {"executed_lines": [118, 119], "summary": {"covered_lines": 2, "num_statements": 5, "percent_covered": 28.571428571428573, "percent_covered_display": "29", "missing_lines": 3, "excluded_lines": 0, "percent_statements_covered": 40.0, "percent_statements_covered_display": "40", "num_branches": 2, "num_partial_branches": 0, "covered_branches": 0, "missing_branches": 2, "percent_branches_covered": 0.0, "percent_branches_covered_display": "0"}, "missing_lines": [120, 121, 125], "excluded_lines": [], "start_line": 112, "executed_branches": [], "missing_branches": [[120, 121], [120, 125]]}, "download_asset": {"executed_lines": [], "summary": {"covered_lines": 0, "num_statements": 6, "percent_covered": 0.0, "percent_covered_display": "0", "missing_lines": 6, "excluded_lines": 0, "percent_statements_covered": 0.0, "percent_statements_covered_display": "0", "num_branches": 2, "num_partial_branches": 0, "covered_branches": 0, "missing_branches": 2, "percent_branches_covered": 0.0, "percent_branches_covered_display": "0"}, "missing_lines": [135, 136, 137, 138, 143, 144], "excluded_lines": [], "start_line": 129, "executed_branches": [], "missing_branches": [[137, 138], [137, 143]]}, "regenerate_asset": {"executed_lines": [], "summary": {"covered_lines": 0, "num_statements": 12, "percent_covered": 0.0, "percent_covered_display": "0", "missing_lines": 12, "excluded_lines": 0, "percent_statements_covered": 0.0, "percent_statements_covered_display": "0", "num_branches": 2, "num_partial_branches": 0, "covered_branches": 0, "missing_branches": 2, "percent_branches_covered": 0.0, "percent_branches_covered_display": "0"}, "missing_lines": [166, 167, 168, 169, 175, 180, 182, 187, 188, 189, 191, 192], "excluded_lines": [], "start_line": 160, "executed_branches": [], "missing_branches": [[168, 169], [168, 175]]}, "delete_asset": {"executed_lines": [206, 207], "summary": {"covered_lines": 2, "num_statements": 4, "percent_covered": 33.333333333333336, "percent_covered_display": "33", "missing_lines": 2, "excluded_lines": 0, "percent_statements_covered": 50.0, "percent_statements_covered_display": "50", "num_branches": 2, "num_partial_branches": 0, "covered_branches": 0, "missing_branches": 2, "percent_branches_covered": 0.0, "percent_branches_covered_display": "0"}, "missing_lines": [208, 209], "excluded_lines": [], "start_line": 200, "executed_branches": [], "missing_branches": [[208, -195], [208, 209]]}, "": {"executed_lines": [12, 13, 14, 16, 17, 18, 20, 21, 22, 23, 24, 25, 26, 27, 28, 30, 32, 33, 36, 41, 72, 78, 111, 112, 128, 129, 154, 160, 195, 200], "summary": {"covered_lines": 30, "num_statements": 30, "percent_covered": 100.0, "percent_covered_display": "100", "missing_lines": 0, "excluded_lines": 0, "percent_statements_covered": 100.0, "percent_statements_covered_display": "100", "num_branches": 0, "num_partial_branches": 0, "covered_branches": 0, "missing_branches": 0, "percent_branches_covered": 100.0, "percent_branches_covered_display": "100"}, "missing_lines": [], "excluded_lines": [], "start_line": 1, "executed_branches": [], "missing_branches": []}}, "classes": {"": {"executed_lines": [12, 13, 14, 16, 17, 18, 20, 21, 22, 23, 24, 25, 26, 27, 28, 30, 32, 33, 36, 41, 52, 53, 62, 72, 78, 88, 90, 92, 93, 94, 103, 104, 111, 112, 118, 119, 128, 129, 154, 160, 195, 200, 206, 207], "summary": {"covered_lines": 44, "num_statements": 69, "percent_covered": 57.142857142857146, "percent_covered_display": "57", "missing_lines": 25, "excluded_lines": 0, "percent_statements_covered": 63.768115942028984, "percent_statements_covered_display": "64", "num_branches": 8, "num_partial_branches": 0, "covered_branches": 0, "missing_branches": 8, "percent_branches_covered": 0.0, "percent_branches_covered_display": "0"}, "missing_lines": [61, 108, 120, 121, 125, 135, 136, 137, 138, 143, 144, 166, 167, 168, 169, 175, 180, 182, 187, 188, 189, 191, 192, 208, 209], "excluded_lines": [], "start_line": 1, "executed_branches": [], "missing_branches": [[120, 121], [120, 125], [137, 138], [137, 143], [168, 169], [168, 175], [208, -195], [208, 209]]}}}, "app/api/v1/auth.py": {"executed_lines": [9, 11, 12, 14, 15, 22, 29, 30, 32, 34, 37, 47, 55, 56, 57, 72, 78, 85, 86, 88, 89, 90, 93, 102, 107, 108, 109, 110, 111, 123, 129, 131], "summary": {"covered_lines": 32, "num_statements": 35, "percent_covered": 91.42857142857143, "percent_covered_display": "91", "missing_lines": 3, "excluded_lines": 0, "percent_statements_covered": 91.42857142857143, "percent_statements_covered_display": "91", "num_branches": 0, "num_partial_branches": 0, "covered_branches": 0, "missing_branches": 0, "percent_branches_covered": 100.0, "percent_branches_covered_display": "100"}, "missing_lines": [58, 59, 60], "excluded_lines": [], "executed_branches": [], "missing_branches": [], "functions": {"auth_login": {"executed_lines": [55, 56, 57], "summary": {"covered_lines": 3, "num_statements": 6, "percent_covered": 50.0, "percent_covered_display": "50", "missing_lines": 3, "excluded_lines": 0, "percent_statements_covered": 50.0, "percent_statements_covered_display": "50", "num_branches": 0, "num_partial_branches": 0, "covered_branches": 0, "missing_branches": 0, "percent_branches_covered": 100.0, "percent_branches_covered_display": "100"}, "missing_lines": [58, 59, 60], "excluded_lines": [], "start_line": 47, "executed_branches": [], "missing_branches": []}, "auth_logout": {"executed_lines": [85, 86, 88, 89, 90], "summary": {"covered_lines": 5, "num_statements": 5, "percent_covered": 100.0, "percent_covered_display": "100", "missing_lines": 0, "excluded_lines": 0, "percent_statements_covered": 100.0, "percent_statements_covered_display": "100", "num_branches": 0, "num_partial_branches": 0, "covered_branches": 0, "missing_branches": 0, "percent_branches_covered": 100.0, "percent_branches_covered_display": "100"}, "missing_lines": [], "excluded_lines": [], "start_line": 78, "executed_branches": [], "missing_branches": []}, "auth_refresh": {"executed_lines": [107, 108, 109, 110, 111], "summary": {"covered_lines": 5, "num_statements": 5, "percent_covered": 100.0, "percent_covered_display": "100", "missing_lines": 0, "excluded_lines": 0, "percent_statements_covered": 100.0, "percent_statements_covered_display": "100", "num_branches": 0, "num_partial_branches": 0, "covered_branches": 0, "missing_branches": 0, "percent_branches_covered": 100.0, "percent_branches_covered_display": "100"}, "missing_lines": [], "excluded_lines": [], "start_line": 102, "executed_branches": [], "missing_branches": []}, "auth_me": {"executed_lines": [131], "summary": {"covered_lines": 1, "num_statements": 1, "percent_covered": 100.0, "percent_covered_display": "100", "missing_lines": 0, "excluded_lines": 0, "percent_statements_covered": 100.0, "percent_statements_covered_display": "100", "num_branches": 0, "num_partial_branches": 0, "covered_branches": 0, "missing_branches": 0, "percent_branches_covered": 100.0, "percent_branches_covered_display": "100"}, "missing_lines": [], "excluded_lines": [], "start_line": 129, "executed_branches": [], "missing_branches": []}, "": {"executed_lines": [9, 11, 12, 14, 15, 22, 29, 30, 32, 34, 37, 47, 72, 78, 93, 102, 123, 129], "summary": {"covered_lines": 18, "num_statements": 18, "percent_covered": 100.0, "percent_covered_display": "100", "missing_lines": 0, "excluded_lines": 0, "percent_statements_covered": 100.0, "percent_statements_covered_display": "100", "num_branches": 0, "num_partial_branches": 0, "covered_branches": 0, "missing_branches": 0, "percent_branches_covered": 100.0, "percent_branches_covered_display": "100"}, "missing_lines": [], "excluded_lines": [], "start_line": 1, "executed_branches": [], "missing_branches": []}}, "classes": {"": {"executed_lines": [9, 11, 12, 14, 15, 22, 29, 30, 32, 34, 37, 47, 55, 56, 57, 72, 78, 85, 86, 88, 89, 90, 93, 102, 107, 108, 109, 110, 111, 123, 129, 131], "summary": {"covered_lines": 32, "num_statements": 35, "percent_covered": 91.42857142857143, "percent_covered_display": "91", "missing_lines": 3, "excluded_lines": 0, "percent_statements_covered": 91.42857142857143, "percent_statements_covered_display": "91", "num_branches": 0, "num_partial_branches": 0, "covered_branches": 0, "missing_branches": 0, "percent_branches_covered": 100.0, "percent_branches_covered_display": "100"}, "missing_lines": [58, 59, 60], "excluded_lines": [], "start_line": 1, "executed_branches": [], "missing_branches": []}}}, "app/api/v1/backup.py": {"executed_lines": [11, 13, 14, 15, 16, 17, 19, 20, 22, 23, 24, 26, 28, 35, 36, 37, 38, 39, 40, 41, 42, 43, 44, 47, 48, 49, 50, 51, 52, 53, 56, 57, 60, 61, 62, 63, 64, 65, 68, 69, 70, 71, 72, 73, 80, 81, 90, 92, 93, 95, 96, 97, 98, 99, 100, 105, 108, 118, 119, 121, 133, 158, 159, 165, 167, 168, 170, 177, 191, 192, 198, 200, 241, 243, 245, 251, 253, 254, 259, 261, 280, 292, 293, 294, 295, 302, 305, 341], "summary": {"covered_lines": 88, "num_statements": 121, "percent_covered": 67.88321167883211, "percent_covered_display": "68", "missing_lines": 33, "excluded_lines": 0, "percent_statements_covered": 72.72727272727273, "percent_statements_covered_display": "73", "num_branches": 16, "num_partial_branches": 1, "covered_branches": 5, "missing_branches": 11, "percent_branches_covered": 31.25, "percent_branches_covered_display": "31"}, "missing_lines": [114, 117, 131, 148, 180, 182, 207, 208, 214, 215, 221, 225, 228, 230, 263, 264, 266, 307, 308, 310, 311, 317, 319, 320, 321, 329, 336, 337, 338, 343, 344, 345, 346], "excluded_lines": [], "executed_branches": [[95, 96], [95, 98], [98, 99], [98, 105], [261, 280]], "missing_branches": [[207, 208], [207, 214], [214, 215], [214, 221], [261, 263], [319, 320], [319, 329], [343, 344], [343, 346], [344, 343], [344, 345]], "functions": {"list_backup_records": {"executed_lines": [90, 92, 93, 95, 96, 97, 98, 99, 100, 105, 108, 118, 119, 121, 133], "summary": {"covered_lines": 15, "num_statements": 19, "percent_covered": 82.6086956521739, "percent_covered_display": "83", "missing_lines": 4, "excluded_lines": 0, "percent_statements_covered": 78.94736842105263, "percent_statements_covered_display": "79", "num_branches": 4, "num_partial_branches": 0, "covered_branches": 4, "missing_branches": 0, "percent_branches_covered": 100.0, "percent_branches_covered_display": "100"}, "missing_lines": [114, 117, 131, 148], "excluded_lines": [], "start_line": 81, "executed_branches": [[95, 96], [95, 98], [98, 99], [98, 105]], "missing_branches": []}, "trigger_backup": {"executed_lines": [165, 167, 168, 170, 177], "summary": {"covered_lines": 5, "num_statements": 7, "percent_covered": 71.42857142857143, "percent_covered_display": "71", "missing_lines": 2, "excluded_lines": 0, "percent_statements_covered": 71.42857142857143, "percent_statements_covered_display": "71", "num_branches": 0, "num_partial_branches": 0, "covered_branches": 0, "missing_branches": 0, "percent_branches_covered": 100.0, "percent_branches_covered_display": "100"}, "missing_lines": [180, 182], "excluded_lines": [], "start_line": 159, "executed_branches": [], "missing_branches": []}, "verify_backup": {"executed_lines": [198, 200], "summary": {"covered_lines": 2, "num_statements": 10, "percent_covered": 14.285714285714286, "percent_covered_display": "14", "missing_lines": 8, "excluded_lines": 0, "percent_statements_covered": 20.0, "percent_statements_covered_display": "20", "num_branches": 4, "num_partial_branches": 0, "covered_branches": 0, "missing_branches": 4, "percent_branches_covered": 0.0, "percent_branches_covered_display": "0"}, "missing_lines": [207, 208, 214, 215, 221, 225, 228, 230], "excluded_lines": [], "start_line": 192, "executed_branches": [], "missing_branches": [[207, 208], [207, 214], [214, 215], [214, 221]]}, "_run_backup": {"executed_lines": [243, 245, 251, 253, 254, 259, 261, 280, 292, 293, 294, 295, 302], "summary": {"covered_lines": 13, "num_statements": 16, "percent_covered": 77.77777777777777, "percent_covered_display": "78", "missing_lines": 3, "excluded_lines": 0, "percent_statements_covered": 81.25, "percent_statements_covered_display": "81", "num_branches": 2, "num_partial_branches": 1, "covered_branches": 1, "missing_branches": 1, "percent_branches_covered": 50.0, "percent_branches_covered_display": "50"}, "missing_lines": [263, 264, 266], "excluded_lines": [], "start_line": 241, "executed_branches": [[261, 280]], "missing_branches": [[261, 263]]}, "_run_verification": {"executed_lines": [], "summary": {"covered_lines": 0, "num_statements": 12, "percent_covered": 0.0, "percent_covered_display": "0", "missing_lines": 12, "excluded_lines": 0, "percent_statements_covered": 0.0, "percent_statements_covered_display": "0", "num_branches": 2, "num_partial_branches": 0, "covered_branches": 0, "missing_branches": 2, "percent_branches_covered": 0.0, "percent_branches_covered_display": "0"}, "missing_lines": [307, 308, 310, 311, 317, 319, 320, 321, 329, 336, 337, 338], "excluded_lines": [], "start_line": 305, "executed_branches": [], "missing_branches": [[319, 320], [319, 329]]}, "_parse_backup_size": {"executed_lines": [], "summary": {"covered_lines": 0, "num_statements": 4, "percent_covered": 0.0, "percent_covered_display": "0", "missing_lines": 4, "excluded_lines": 0, "percent_statements_covered": 0.0, "percent_statements_covered_display": "0", "num_branches": 4, "num_partial_branches": 0, "covered_branches": 0, "missing_branches": 4, "percent_branches_covered": 0.0, "percent_branches_covered_display": "0"}, "missing_lines": [343, 344, 345, 346], "excluded_lines": [], "start_line": 341, "executed_branches": [], "missing_branches": [[343, 344], [343, 346], [344, 343], [344, 345]]}, "": {"executed_lines": [11, 13, 14, 15, 16, 17, 19, 20, 22, 23, 24, 26, 28, 35, 36, 37, 38, 39, 40, 41, 42, 43, 44, 47, 48, 49, 50, 51, 52, 53, 56, 57, 60, 61, 62, 63, 64, 65, 68, 69, 70, 71, 72, 73, 80, 81, 158, 159, 191, 192, 241, 305, 341], "summary": {"covered_lines": 53, "num_statements": 53, "percent_covered": 100.0, "percent_covered_display": "100", "missing_lines": 0, "excluded_lines": 0, "percent_statements_covered": 100.0, "percent_statements_covered_display": "100", "num_branches": 0, "num_partial_branches": 0, "covered_branches": 0, "missing_branches": 0, "percent_branches_covered": 100.0, "percent_branches_covered_display": "100"}, "missing_lines": [], "excluded_lines": [], "start_line": 1, "executed_branches": [], "missing_branches": []}}, "classes": {"BackupRecord": {"executed_lines": [], "summary": {"covered_lines": 0, "num_statements": 0, "percent_covered": 100.0, "percent_covered_display": "100", "missing_lines": 0, "excluded_lines": 0, "percent_statements_covered": 100.0, "percent_statements_covered_display": "100", "num_branches": 0, "num_partial_branches": 0, "covered_branches": 0, "missing_branches": 0, "percent_branches_covered": 100.0, "percent_branches_covered_display": "100"}, "missing_lines": [], "excluded_lines": [], "start_line": 35, "executed_branches": [], "missing_branches": []}, "BackupListResponse": {"executed_lines": [], "summary": {"covered_lines": 0, "num_statements": 0, "percent_covered": 100.0, "percent_covered_display": "100", "missing_lines": 0, "excluded_lines": 0, "percent_statements_covered": 100.0, "percent_statements_covered_display": "100", "num_branches": 0, "num_partial_branches": 0, "covered_branches": 0, "missing_branches": 0, "percent_branches_covered": 100.0, "percent_branches_covered_display": "100"}, "missing_lines": [], "excluded_lines": [], "start_line": 47, "executed_branches": [], "missing_branches": []}, "BackupTriggerRequest": {"executed_lines": [], "summary": {"covered_lines": 0, "num_statements": 0, "percent_covered": 100.0, "percent_covered_display": "100", "missing_lines": 0, "excluded_lines": 0, "percent_statements_covered": 100.0, "percent_statements_covered_display": "100", "num_branches": 0, "num_partial_branches": 0, "covered_branches": 0, "missing_branches": 0, "percent_branches_covered": 100.0, "percent_branches_covered_display": "100"}, "missing_lines": [], "excluded_lines": [], "start_line": 56, "executed_branches": [], "missing_branches": []}, "BackupTriggerResponse": {"executed_lines": [], "summary": {"covered_lines": 0, "num_statements": 0, "percent_covered": 100.0, "percent_covered_display": "100", "missing_lines": 0, "excluded_lines": 0, "percent_statements_covered": 100.0, "percent_statements_covered_display": "100", "num_branches": 0, "num_partial_branches": 0, "covered_branches": 0, "missing_branches": 0, "percent_branches_covered": 100.0, "percent_branches_covered_display": "100"}, "missing_lines": [], "excluded_lines": [], "start_line": 60, "executed_branches": [], "missing_branches": []}, "BackupVerifyResponse": {"executed_lines": [], "summary": {"covered_lines": 0, "num_statements": 0, "percent_covered": 100.0, "percent_covered_display": "100", "missing_lines": 0, "excluded_lines": 0, "percent_statements_covered": 100.0, "percent_statements_covered_display": "100", "num_branches": 0, "num_partial_branches": 0, "covered_branches": 0, "missing_branches": 0, "percent_branches_covered": 100.0, "percent_branches_covered_display": "100"}, "missing_lines": [], "excluded_lines": [], "start_line": 68, "executed_branches": [], "missing_branches": []}, "": {"executed_lines": [11, 13, 14, 15, 16, 17, 19, 20, 22, 23, 24, 26, 28, 35, 36, 37, 38, 39, 40, 41, 42, 43, 44, 47, 48, 49, 50, 51, 52, 53, 56, 57, 60, 61, 62, 63, 64, 65, 68, 69, 70, 71, 72, 73, 80, 81, 90, 92, 93, 95, 96, 97, 98, 99, 100, 105, 108, 118, 119, 121, 133, 158, 159, 165, 167, 168, 170, 177, 191, 192, 198, 200, 241, 243, 245, 251, 253, 254, 259, 261, 280, 292, 293, 294, 295, 302, 305, 341], "summary": {"covered_lines": 88, "num_statements": 121, "percent_covered": 67.88321167883211, "percent_covered_display": "68", "missing_lines": 33, "excluded_lines": 0, "percent_statements_covered": 72.72727272727273, "percent_statements_covered_display": "73", "num_branches": 16, "num_partial_branches": 1, "covered_branches": 5, "missing_branches": 11, "percent_branches_covered": 31.25, "percent_branches_covered_display": "31"}, "missing_lines": [114, 117, 131, 148, 180, 182, 207, 208, 214, 215, 221, 225, 228, 230, 263, 264, 266, 307, 308, 310, 311, 317, 319, 320, 321, 329, 336, 337, 338, 343, 344, 345, 346], "excluded_lines": [], "start_line": 1, "executed_branches": [[95, 96], [95, 98], [98, 99], [98, 105], [261, 280]], "missing_branches": [[207, 208], [207, 214], [214, 215], [214, 221], [261, 263], [319, 320], [319, 329], [343, 344], [343, 346], [344, 343], [344, 345]]}}}, "app/api/v1/checkpoints.py": {"executed_lines": [12, 13, 15, 16, 17, 19, 20, 21, 22, 23, 24, 25, 30, 31, 33, 35, 38, 47, 61, 79, 84, 90, 92, 106, 111, 118, 120, 137, 142, 148, 151, 175, 180, 186, 188], "summary": {"covered_lines": 35, "num_statements": 62, "percent_covered": 46.05263157894737, "percent_covered_display": "46", "missing_lines": 27, "excluded_lines": 0, "percent_statements_covered": 56.45161290322581, "percent_statements_covered_display": "56", "num_branches": 14, "num_partial_branches": 0, "covered_branches": 0, "missing_branches": 14, "percent_branches_covered": 0.0, "percent_branches_covered_display": "0"}, "missing_lines": [48, 49, 50, 60, 64, 65, 66, 76, 91, 93, 94, 103, 119, 121, 122, 134, 149, 150, 152, 153, 162, 163, 172, 187, 189, 190, 199], "excluded_lines": [], "executed_branches": [], "missing_branches": [[49, 50], [49, 60], [60, 61], [60, 76], [65, 66], [65, 76], [93, 94], [93, 103], [121, 122], [121, 134], [162, 163], [162, 172], [189, 190], [189, 199]], "functions": {"_verify_job_access": {"executed_lines": [47, 61], "summary": {"covered_lines": 2, "num_statements": 10, "percent_covered": 12.5, "percent_covered_display": "12", "missing_lines": 8, "excluded_lines": 0, "percent_statements_covered": 20.0, "percent_statements_covered_display": "20", "num_branches": 6, "num_partial_branches": 0, "covered_branches": 0, "missing_branches": 6, "percent_branches_covered": 0.0, "percent_branches_covered_display": "0"}, "missing_lines": [48, 49, 50, 60, 64, 65, 66, 76], "excluded_lines": [], "start_line": 38, "executed_branches": [], "missing_branches": [[49, 50], [49, 60], [60, 61], [60, 76], [65, 66], [65, 76]]}, "list_checkpoints": {"executed_lines": [90, 92], "summary": {"covered_lines": 2, "num_statements": 6, "percent_covered": 25.0, "percent_covered_display": "25", "missing_lines": 4, "excluded_lines": 0, "percent_statements_covered": 33.333333333333336, "percent_statements_covered_display": "33", "num_branches": 2, "num_partial_branches": 0, "covered_branches": 0, "missing_branches": 2, "percent_branches_covered": 0.0, "percent_branches_covered_display": "0"}, "missing_lines": [91, 93, 94, 103], "excluded_lines": [], "start_line": 84, "executed_branches": [], "missing_branches": [[93, 94], [93, 103]]}, "get_stage_checkpoint": {"executed_lines": [118, 120], "summary": {"covered_lines": 2, "num_statements": 6, "percent_covered": 25.0, "percent_covered_display": "25", "missing_lines": 4, "excluded_lines": 0, "percent_statements_covered": 33.333333333333336, "percent_statements_covered_display": "33", "num_branches": 2, "num_partial_branches": 0, "covered_branches": 0, "missing_branches": 2, "percent_branches_covered": 0.0, "percent_branches_covered_display": "0"}, "missing_lines": [119, 121, 122, 134], "excluded_lines": [], "start_line": 111, "executed_branches": [], "missing_branches": [[121, 122], [121, 134]]}, "resume_pipeline": {"executed_lines": [148, 151], "summary": {"covered_lines": 2, "num_statements": 9, "percent_covered": 18.181818181818183, "percent_covered_display": "18", "missing_lines": 7, "excluded_lines": 0, "percent_statements_covered": 22.22222222222222, "percent_statements_covered_display": "22", "num_branches": 2, "num_partial_branches": 0, "covered_branches": 0, "missing_branches": 2, "percent_branches_covered": 0.0, "percent_branches_covered_display": "0"}, "missing_lines": [149, 150, 152, 153, 162, 163, 172], "excluded_lines": [], "start_line": 142, "executed_branches": [], "missing_branches": [[162, 163], [162, 172]]}, "clear_checkpoints": {"executed_lines": [186, 188], "summary": {"covered_lines": 2, "num_statements": 6, "percent_covered": 25.0, "percent_covered_display": "25", "missing_lines": 4, "excluded_lines": 0, "percent_statements_covered": 33.333333333333336, "percent_statements_covered_display": "33", "num_branches": 2, "num_partial_branches": 0, "covered_branches": 0, "missing_branches": 2, "percent_branches_covered": 0.0, "percent_branches_covered_display": "0"}, "missing_lines": [187, 189, 190, 199], "excluded_lines": [], "start_line": 180, "executed_branches": [], "missing_branches": [[189, 190], [189, 199]]}, "": {"executed_lines": [12, 13, 15, 16, 17, 19, 20, 21, 22, 23, 24, 25, 30, 31, 33, 35, 38, 79, 84, 106, 111, 137, 142, 175, 180], "summary": {"covered_lines": 25, "num_statements": 25, "percent_covered": 100.0, "percent_covered_display": "100", "missing_lines": 0, "excluded_lines": 0, "percent_statements_covered": 100.0, "percent_statements_covered_display": "100", "num_branches": 0, "num_partial_branches": 0, "covered_branches": 0, "missing_branches": 0, "percent_branches_covered": 100.0, "percent_branches_covered_display": "100"}, "missing_lines": [], "excluded_lines": [], "start_line": 1, "executed_branches": [], "missing_branches": []}}, "classes": {"": {"executed_lines": [12, 13, 15, 16, 17, 19, 20, 21, 22, 23, 24, 25, 30, 31, 33, 35, 38, 47, 61, 79, 84, 90, 92, 106, 111, 118, 120, 137, 142, 148, 151, 175, 180, 186, 188], "summary": {"covered_lines": 35, "num_statements": 62, "percent_covered": 46.05263157894737, "percent_covered_display": "46", "missing_lines": 27, "excluded_lines": 0, "percent_statements_covered": 56.45161290322581, "percent_statements_covered_display": "56", "num_branches": 14, "num_partial_branches": 0, "covered_branches": 0, "missing_branches": 14, "percent_branches_covered": 0.0, "percent_branches_covered_display": "0"}, "missing_lines": [48, 49, 50, 60, 64, 65, 66, 76, 91, 93, 94, 103, 119, 121, 122, 134, 149, 150, 152, 153, 162, 163, 172, 187, 189, 190, 199], "excluded_lines": [], "start_line": 1, "executed_branches": [], "missing_branches": [[49, 50], [49, 60], [60, 61], [60, 76], [65, 66], [65, 76], [93, 94], [93, 103], [121, 122], [121, 134], [162, 163], [162, 172], [189, 190], [189, 199]]}}}, "app/api/v1/dlq.py": {"executed_lines": [14, 15, 16, 17, 19, 20, 22, 23, 24, 25, 26, 34, 36, 38, 41, 46, 64, 65, 85, 90, 96, 97, 111, 116, 122, 123, 124, 148, 153, 160, 161, 162, 188, 193, 198, 199, 202, 207, 213, 214], "summary": {"covered_lines": 40, "num_statements": 55, "percent_covered": 65.57377049180327, "percent_covered_display": "66", "missing_lines": 15, "excluded_lines": 0, "percent_statements_covered": 72.72727272727273, "percent_statements_covered_display": "73", "num_branches": 6, "num_partial_branches": 0, "covered_branches": 0, "missing_branches": 6, "percent_branches_covered": 0.0, "percent_branches_covered_display": "0"}, "missing_lines": [74, 75, 98, 99, 108, 125, 126, 135, 136, 145, 165, 166, 175, 176, 185], "excluded_lines": [], "executed_branches": [], "missing_branches": [[98, 99], [98, 108], [135, 136], [135, 145], [175, 176], [175, 185]], "functions": {"list_dlq_messages": {"executed_lines": [64, 65], "summary": {"covered_lines": 2, "num_statements": 4, "percent_covered": 50.0, "percent_covered_display": "50", "missing_lines": 2, "excluded_lines": 0, "percent_statements_covered": 50.0, "percent_statements_covered_display": "50", "num_branches": 0, "num_partial_branches": 0, "covered_branches": 0, "missing_branches": 0, "percent_branches_covered": 100.0, "percent_branches_covered_display": "100"}, "missing_lines": [74, 75], "excluded_lines": [], "start_line": 46, "executed_branches": [], "missing_branches": []}, "get_dlq_message": {"executed_lines": [96, 97], "summary": {"covered_lines": 2, "num_statements": 5, "percent_covered": 28.571428571428573, "percent_covered_display": "29", "missing_lines": 3, "excluded_lines": 0, "percent_statements_covered": 40.0, "percent_statements_covered_display": "40", "num_branches": 2, "num_partial_branches": 0, "covered_branches": 0, "missing_branches": 2, "percent_branches_covered": 0.0, "percent_branches_covered_display": "0"}, "missing_lines": [98, 99, 108], "excluded_lines": [], "start_line": 90, "executed_branches": [], "missing_branches": [[98, 99], [98, 108]]}, "replay_dlq_message": {"executed_lines": [122, 123, 124], "summary": {"covered_lines": 3, "num_statements": 8, "percent_covered": 30.0, "percent_covered_display": "30", "missing_lines": 5, "excluded_lines": 0, "percent_statements_covered": 37.5, "percent_statements_covered_display": "38", "num_branches": 2, "num_partial_branches": 0, "covered_branches": 0, "missing_branches": 2, "percent_branches_covered": 0.0, "percent_branches_covered_display": "0"}, "missing_lines": [125, 126, 135, 136, 145], "excluded_lines": [], "start_line": 116, "executed_branches": [], "missing_branches": [[135, 136], [135, 145]]}, "discard_dlq_message": {"executed_lines": [160, 161, 162], "summary": {"covered_lines": 3, "num_statements": 8, "percent_covered": 30.0, "percent_covered_display": "30", "missing_lines": 5, "excluded_lines": 0, "percent_statements_covered": 37.5, "percent_statements_covered_display": "38", "num_branches": 2, "num_partial_branches": 0, "covered_branches": 0, "missing_branches": 2, "percent_branches_covered": 0.0, "percent_branches_covered_display": "0"}, "missing_lines": [165, 166, 175, 176, 185], "excluded_lines": [], "start_line": 153, "executed_branches": [], "missing_branches": [[175, 176], [175, 185]]}, "get_dlq_analytics": {"executed_lines": [198, 199], "summary": {"covered_lines": 2, "num_statements": 2, "percent_covered": 100.0, "percent_covered_display": "100", "missing_lines": 0, "excluded_lines": 0, "percent_statements_covered": 100.0, "percent_statements_covered_display": "100", "num_branches": 0, "num_partial_branches": 0, "covered_branches": 0, "missing_branches": 0, "percent_branches_covered": 100.0, "percent_branches_covered_display": "100"}, "missing_lines": [], "excluded_lines": [], "start_line": 193, "executed_branches": [], "missing_branches": []}, "bulk_replay_dlq": {"executed_lines": [213, 214], "summary": {"covered_lines": 2, "num_statements": 2, "percent_covered": 100.0, "percent_covered_display": "100", "missing_lines": 0, "excluded_lines": 0, "percent_statements_covered": 100.0, "percent_statements_covered_display": "100", "num_branches": 0, "num_partial_branches": 0, "covered_branches": 0, "missing_branches": 0, "percent_branches_covered": 100.0, "percent_branches_covered_display": "100"}, "missing_lines": [], "excluded_lines": [], "start_line": 207, "executed_branches": [], "missing_branches": []}, "": {"executed_lines": [14, 15, 16, 17, 19, 20, 22, 23, 24, 25, 26, 34, 36, 38, 41, 46, 85, 90, 111, 116, 148, 153, 188, 193, 202, 207], "summary": {"covered_lines": 26, "num_statements": 26, "percent_covered": 100.0, "percent_covered_display": "100", "missing_lines": 0, "excluded_lines": 0, "percent_statements_covered": 100.0, "percent_statements_covered_display": "100", "num_branches": 0, "num_partial_branches": 0, "covered_branches": 0, "missing_branches": 0, "percent_branches_covered": 100.0, "percent_branches_covered_display": "100"}, "missing_lines": [], "excluded_lines": [], "start_line": 1, "executed_branches": [], "missing_branches": []}}, "classes": {"": {"executed_lines": [14, 15, 16, 17, 19, 20, 22, 23, 24, 25, 26, 34, 36, 38, 41, 46, 64, 65, 85, 90, 96, 97, 111, 116, 122, 123, 124, 148, 153, 160, 161, 162, 188, 193, 198, 199, 202, 207, 213, 214], "summary": {"covered_lines": 40, "num_statements": 55, "percent_covered": 65.57377049180327, "percent_covered_display": "66", "missing_lines": 15, "excluded_lines": 0, "percent_statements_covered": 72.72727272727273, "percent_statements_covered_display": "73", "num_branches": 6, "num_partial_branches": 0, "covered_branches": 0, "missing_branches": 6, "percent_branches_covered": 0.0, "percent_branches_covered_display": "0"}, "missing_lines": [74, 75, 98, 99, 108, 125, 126, 135, 136, 145, 165, 166, 175, 176, 185], "excluded_lines": [], "start_line": 1, "executed_branches": [], "missing_branches": [[98, 99], [98, 108], [135, 136], [135, 145], [175, 176], [175, 185]]}}}, "app/api/v1/gpus.py": {"executed_lines": [15, 16, 17, 19, 20, 22, 23, 24, 25, 26, 27, 34, 36, 38, 41, 46, 58, 59, 73, 79, 85, 86, 89, 94, 100, 101, 115, 120, 127, 128, 142, 147, 154, 155, 169, 174, 180, 181, 182, 206, 211, 216, 217], "summary": {"covered_lines": 43, "num_statements": 59, "percent_covered": 64.17910447761194, "percent_covered_display": "64", "missing_lines": 16, "excluded_lines": 0, "percent_statements_covered": 72.88135593220339, "percent_statements_covered_display": "73", "num_branches": 8, "num_partial_branches": 0, "covered_branches": 0, "missing_branches": 8, "percent_branches_covered": 0.0, "percent_branches_covered_display": "0"}, "missing_lines": [62, 63, 102, 103, 112, 129, 130, 139, 156, 157, 166, 183, 184, 193, 194, 203], "excluded_lines": [], "executed_branches": [], "missing_branches": [[102, 103], [102, 112], [129, 130], [129, 139], [156, 157], [156, 166], [193, 194], [193, 203]], "functions": {"list_gpu_nodes": {"executed_lines": [58, 59], "summary": {"covered_lines": 2, "num_statements": 4, "percent_covered": 50.0, "percent_covered_display": "50", "missing_lines": 2, "excluded_lines": 0, "percent_statements_covered": 50.0, "percent_statements_covered_display": "50", "num_branches": 0, "num_partial_branches": 0, "covered_branches": 0, "missing_branches": 0, "percent_branches_covered": 100.0, "percent_branches_covered_display": "100"}, "missing_lines": [62, 63], "excluded_lines": [], "start_line": 46, "executed_branches": [], "missing_branches": []}, "register_gpu_node": {"executed_lines": [85, 86], "summary": {"covered_lines": 2, "num_statements": 2, "percent_covered": 100.0, "percent_covered_display": "100", "missing_lines": 0, "excluded_lines": 0, "percent_statements_covered": 100.0, "percent_statements_covered_display": "100", "num_branches": 0, "num_partial_branches": 0, "covered_branches": 0, "missing_branches": 0, "percent_branches_covered": 100.0, "percent_branches_covered_display": "100"}, "missing_lines": [], "excluded_lines": [], "start_line": 79, "executed_branches": [], "missing_branches": []}, "get_gpu_node": {"executed_lines": [100, 101], "summary": {"covered_lines": 2, "num_statements": 5, "percent_covered": 28.571428571428573, "percent_covered_display": "29", "missing_lines": 3, "excluded_lines": 0, "percent_statements_covered": 40.0, "percent_statements_covered_display": "40", "num_branches": 2, "num_partial_branches": 0, "covered_branches": 0, "missing_branches": 2, "percent_branches_covered": 0.0, "percent_branches_covered_display": "0"}, "missing_lines": [102, 103, 112], "excluded_lines": [], "start_line": 94, "executed_branches": [], "missing_branches": [[102, 103], [102, 112]]}, "update_gpu_node": {"executed_lines": [127, 128], "summary": {"covered_lines": 2, "num_statements": 5, "percent_covered": 28.571428571428573, "percent_covered_display": "29", "missing_lines": 3, "excluded_lines": 0, "percent_statements_covered": 40.0, "percent_statements_covered_display": "40", "num_branches": 2, "num_partial_branches": 0, "covered_branches": 0, "missing_branches": 2, "percent_branches_covered": 0.0, "percent_branches_covered_display": "0"}, "missing_lines": [129, 130, 139], "excluded_lines": [], "start_line": 120, "executed_branches": [], "missing_branches": [[129, 130], [129, 139]]}, "get_node_reservations": {"executed_lines": [154, 155], "summary": {"covered_lines": 2, "num_statements": 5, "percent_covered": 28.571428571428573, "percent_covered_display": "29", "missing_lines": 3, "excluded_lines": 0, "percent_statements_covered": 40.0, "percent_statements_covered_display": "40", "num_branches": 2, "num_partial_branches": 0, "covered_branches": 0, "missing_branches": 2, "percent_branches_covered": 0.0, "percent_branches_covered_display": "0"}, "missing_lines": [156, 157, 166], "excluded_lines": [], "start_line": 147, "executed_branches": [], "missing_branches": [[156, 157], [156, 166]]}, "drain_gpu_node": {"executed_lines": [180, 181, 182], "summary": {"covered_lines": 3, "num_statements": 8, "percent_covered": 30.0, "percent_covered_display": "30", "missing_lines": 5, "excluded_lines": 0, "percent_statements_covered": 37.5, "percent_statements_covered_display": "38", "num_branches": 2, "num_partial_branches": 0, "covered_branches": 0, "missing_branches": 2, "percent_branches_covered": 0.0, "percent_branches_covered_display": "0"}, "missing_lines": [183, 184, 193, 194, 203], "excluded_lines": [], "start_line": 174, "executed_branches": [], "missing_branches": [[193, 194], [193, 203]]}, "get_gpu_utilization": {"executed_lines": [216, 217], "summary": {"covered_lines": 2, "num_statements": 2, "percent_covered": 100.0, "percent_covered_display": "100", "missing_lines": 0, "excluded_lines": 0, "percent_statements_covered": 100.0, "percent_statements_covered_display": "100", "num_branches": 0, "num_partial_branches": 0, "covered_branches": 0, "missing_branches": 0, "percent_branches_covered": 100.0, "percent_branches_covered_display": "100"}, "missing_lines": [], "excluded_lines": [], "start_line": 211, "executed_branches": [], "missing_branches": []}, "": {"executed_lines": [15, 16, 17, 19, 20, 22, 23, 24, 25, 26, 27, 34, 36, 38, 41, 46, 73, 79, 89, 94, 115, 120, 142, 147, 169, 174, 206, 211], "summary": {"covered_lines": 28, "num_statements": 28, "percent_covered": 100.0, "percent_covered_display": "100", "missing_lines": 0, "excluded_lines": 0, "percent_statements_covered": 100.0, "percent_statements_covered_display": "100", "num_branches": 0, "num_partial_branches": 0, "covered_branches": 0, "missing_branches": 0, "percent_branches_covered": 100.0, "percent_branches_covered_display": "100"}, "missing_lines": [], "excluded_lines": [], "start_line": 1, "executed_branches": [], "missing_branches": []}}, "classes": {"": {"executed_lines": [15, 16, 17, 19, 20, 22, 23, 24, 25, 26, 27, 34, 36, 38, 41, 46, 58, 59, 73, 79, 85, 86, 89, 94, 100, 101, 115, 120, 127, 128, 142, 147, 154, 155, 169, 174, 180, 181, 182, 206, 211, 216, 217], "summary": {"covered_lines": 43, "num_statements": 59, "percent_covered": 64.17910447761194, "percent_covered_display": "64", "missing_lines": 16, "excluded_lines": 0, "percent_statements_covered": 72.88135593220339, "percent_statements_covered_display": "73", "num_branches": 8, "num_partial_branches": 0, "covered_branches": 0, "missing_branches": 8, "percent_branches_covered": 0.0, "percent_branches_covered_display": "0"}, "missing_lines": [62, 63, 102, 103, 112, 129, 130, 139, 156, 157, 166, 183, 184, 193, 194, 203], "excluded_lines": [], "start_line": 1, "executed_branches": [], "missing_branches": [[102, 103], [102, 112], [129, 130], [129, 139], [156, 157], [156, 166], [193, 194], [193, 203]]}}}, "app/api/v1/health.py": {"executed_lines": [7, 8, 10, 11, 13, 14, 15, 16, 18, 20, 23, 25, 26, 27, 28, 29, 39, 46, 53, 54, 55, 58, 59, 60, 66, 74, 80], "summary": {"covered_lines": 27, "num_statements": 34, "percent_covered": 73.6842105263158, "percent_covered_display": "74", "missing_lines": 7, "excluded_lines": 0, "percent_statements_covered": 79.41176470588235, "percent_statements_covered_display": "79", "num_branches": 4, "num_partial_branches": 1, "covered_branches": 1, "missing_branches": 3, "percent_branches_covered": 25.0, "percent_branches_covered_display": "25"}, "missing_lines": [33, 34, 35, 36, 61, 62, 64], "excluded_lines": [], "executed_branches": [[59, 60]], "missing_branches": [[59, 61], [61, 62], [61, 64]], "functions": {"_check_service": {"executed_lines": [25, 26, 27, 28, 29], "summary": {"covered_lines": 5, "num_statements": 9, "percent_covered": 55.55555555555556, "percent_covered_display": "56", "missing_lines": 4, "excluded_lines": 0, "percent_statements_covered": 55.55555555555556, "percent_statements_covered_display": "56", "num_branches": 0, "num_partial_branches": 0, "covered_branches": 0, "missing_branches": 0, "percent_branches_covered": 100.0, "percent_branches_covered_display": "100"}, "missing_lines": [33, 34, 35, 36], "excluded_lines": [], "start_line": 23, "executed_branches": [], "missing_branches": []}, "health_check": {"executed_lines": [53, 54, 55, 58, 59, 60, 66, 74, 80], "summary": {"covered_lines": 9, "num_statements": 12, "percent_covered": 62.5, "percent_covered_display": "62", "missing_lines": 3, "excluded_lines": 0, "percent_statements_covered": 75.0, "percent_statements_covered_display": "75", "num_branches": 4, "num_partial_branches": 1, "covered_branches": 1, "missing_branches": 3, "percent_branches_covered": 25.0, "percent_branches_covered_display": "25"}, "missing_lines": [61, 62, 64], "excluded_lines": [], "start_line": 46, "executed_branches": [[59, 60]], "missing_branches": [[59, 61], [61, 62], [61, 64]]}, "": {"executed_lines": [7, 8, 10, 11, 13, 14, 15, 16, 18, 20, 23, 39, 46], "summary": {"covered_lines": 13, "num_statements": 13, "percent_covered": 100.0, "percent_covered_display": "100", "missing_lines": 0, "excluded_lines": 0, "percent_statements_covered": 100.0, "percent_statements_covered_display": "100", "num_branches": 0, "num_partial_branches": 0, "covered_branches": 0, "missing_branches": 0, "percent_branches_covered": 100.0, "percent_branches_covered_display": "100"}, "missing_lines": [], "excluded_lines": [], "start_line": 1, "executed_branches": [], "missing_branches": []}}, "classes": {"": {"executed_lines": [7, 8, 10, 11, 13, 14, 15, 16, 18, 20, 23, 25, 26, 27, 28, 29, 39, 46, 53, 54, 55, 58, 59, 60, 66, 74, 80], "summary": {"covered_lines": 27, "num_statements": 34, "percent_covered": 73.6842105263158, "percent_covered_display": "74", "missing_lines": 7, "excluded_lines": 0, "percent_statements_covered": 79.41176470588235, "percent_statements_covered_display": "79", "num_branches": 4, "num_partial_branches": 1, "covered_branches": 1, "missing_branches": 3, "percent_branches_covered": 25.0, "percent_branches_covered_display": "25"}, "missing_lines": [33, 34, 35, 36, 61, 62, 64], "excluded_lines": [], "start_line": 1, "executed_branches": [[59, 60]], "missing_branches": [[59, 61], [61, 62], [61, 64]]}}}, "app/api/v1/jobs.py": {"executed_lines": [9, 10, 12, 13, 15, 16, 17, 18, 19, 20, 21, 23, 25, 26, 29, 34, 42, 43, 45, 55, 56, 62, 63, 72, 73, 79, 80, 81], "summary": {"covered_lines": 28, "num_statements": 37, "percent_covered": 68.29268292682927, "percent_covered_display": "68", "missing_lines": 9, "excluded_lines": 0, "percent_statements_covered": 75.67567567567568, "percent_statements_covered_display": "76", "num_branches": 4, "num_partial_branches": 0, "covered_branches": 0, "missing_branches": 4, "percent_branches_covered": 0.0, "percent_branches_covered_display": "0"}, "missing_lines": [44, 64, 65, 69, 82, 83, 87, 88, 92], "excluded_lines": [], "executed_branches": [], "missing_branches": [[64, 65], [64, 69], [87, 88], [87, 92]], "functions": {"list_jobs": {"executed_lines": [42, 43, 45], "summary": {"covered_lines": 3, "num_statements": 4, "percent_covered": 75.0, "percent_covered_display": "75", "missing_lines": 1, "excluded_lines": 0, "percent_statements_covered": 75.0, "percent_statements_covered_display": "75", "num_branches": 0, "num_partial_branches": 0, "covered_branches": 0, "missing_branches": 0, "percent_branches_covered": 100.0, "percent_branches_covered_display": "100"}, "missing_lines": [44], "excluded_lines": [], "start_line": 34, "executed_branches": [], "missing_branches": []}, "get_job": {"executed_lines": [62, 63], "summary": {"covered_lines": 2, "num_statements": 5, "percent_covered": 28.571428571428573, "percent_covered_display": "29", "missing_lines": 3, "excluded_lines": 0, "percent_statements_covered": 40.0, "percent_statements_covered_display": "40", "num_branches": 2, "num_partial_branches": 0, "covered_branches": 0, "missing_branches": 2, "percent_branches_covered": 0.0, "percent_branches_covered_display": "0"}, "missing_lines": [64, 65, 69], "excluded_lines": [], "start_line": 56, "executed_branches": [], "missing_branches": [[64, 65], [64, 69]]}, "cancel_job": {"executed_lines": [79, 80, 81], "summary": {"covered_lines": 3, "num_statements": 8, "percent_covered": 30.0, "percent_covered_display": "30", "missing_lines": 5, "excluded_lines": 0, "percent_statements_covered": 37.5, "percent_statements_covered_display": "38", "num_branches": 2, "num_partial_branches": 0, "covered_branches": 0, "missing_branches": 2, "percent_branches_covered": 0.0, "percent_branches_covered_display": "0"}, "missing_lines": [82, 83, 87, 88, 92], "excluded_lines": [], "start_line": 73, "executed_branches": [], "missing_branches": [[87, 88], [87, 92]]}, "": {"executed_lines": [9, 10, 12, 13, 15, 16, 17, 18, 19, 20, 21, 23, 25, 26, 29, 34, 55, 56, 72, 73], "summary": {"covered_lines": 20, "num_statements": 20, "percent_covered": 100.0, "percent_covered_display": "100", "missing_lines": 0, "excluded_lines": 0, "percent_statements_covered": 100.0, "percent_statements_covered_display": "100", "num_branches": 0, "num_partial_branches": 0, "covered_branches": 0, "missing_branches": 0, "percent_branches_covered": 100.0, "percent_branches_covered_display": "100"}, "missing_lines": [], "excluded_lines": [], "start_line": 1, "executed_branches": [], "missing_branches": []}}, "classes": {"": {"executed_lines": [9, 10, 12, 13, 15, 16, 17, 18, 19, 20, 21, 23, 25, 26, 29, 34, 42, 43, 45, 55, 56, 62, 63, 72, 73, 79, 80, 81], "summary": {"covered_lines": 28, "num_statements": 37, "percent_covered": 68.29268292682927, "percent_covered_display": "68", "missing_lines": 9, "excluded_lines": 0, "percent_statements_covered": 75.67567567567568, "percent_statements_covered_display": "76", "num_branches": 4, "num_partial_branches": 0, "covered_branches": 0, "missing_branches": 4, "percent_branches_covered": 0.0, "percent_branches_covered_display": "0"}, "missing_lines": [44, 64, 65, 69, 82, 83, 87, 88, 92], "excluded_lines": [], "start_line": 1, "executed_branches": [], "missing_branches": [[64, 65], [64, 69], [87, 88], [87, 92]]}}}, "app/api/v1/languages.py": {"executed_lines": [9, 10, 11, 13, 14, 16, 17, 18, 19, 20, 21, 22, 24, 26, 29, 30, 36, 37, 38, 41, 47, 54, 55, 56, 69, 75, 82, 83, 84], "summary": {"covered_lines": 29, "num_statements": 37, "percent_covered": 74.35897435897436, "percent_covered_display": "74", "missing_lines": 8, "excluded_lines": 0, "percent_statements_covered": 78.37837837837837, "percent_statements_covered_display": "78", "num_branches": 2, "num_partial_branches": 0, "covered_branches": 0, "missing_branches": 2, "percent_branches_covered": 0.0, "percent_branches_covered_display": "0"}, "missing_lines": [61, 62, 66, 85, 86, 90, 91, 95], "excluded_lines": [], "executed_branches": [], "missing_branches": [[90, 91], [90, 95]], "functions": {"list_variants": {"executed_lines": [36, 37, 38], "summary": {"covered_lines": 3, "num_statements": 3, "percent_covered": 100.0, "percent_covered_display": "100", "missing_lines": 0, "excluded_lines": 0, "percent_statements_covered": 100.0, "percent_statements_covered_display": "100", "num_branches": 0, "num_partial_branches": 0, "covered_branches": 0, "missing_branches": 0, "percent_branches_covered": 100.0, "percent_branches_covered_display": "100"}, "missing_lines": [], "excluded_lines": [], "start_line": 30, "executed_branches": [], "missing_branches": []}, "create_variant": {"executed_lines": [54, 55, 56], "summary": {"covered_lines": 3, "num_statements": 6, "percent_covered": 50.0, "percent_covered_display": "50", "missing_lines": 3, "excluded_lines": 0, "percent_statements_covered": 50.0, "percent_statements_covered_display": "50", "num_branches": 0, "num_partial_branches": 0, "covered_branches": 0, "missing_branches": 0, "percent_branches_covered": 100.0, "percent_branches_covered_display": "100"}, "missing_lines": [61, 62, 66], "excluded_lines": [], "start_line": 47, "executed_branches": [], "missing_branches": []}, "retry_variant": {"executed_lines": [82, 83, 84], "summary": {"covered_lines": 3, "num_statements": 8, "percent_covered": 30.0, "percent_covered_display": "30", "missing_lines": 5, "excluded_lines": 0, "percent_statements_covered": 37.5, "percent_statements_covered_display": "38", "num_branches": 2, "num_partial_branches": 0, "covered_branches": 0, "missing_branches": 2, "percent_branches_covered": 0.0, "percent_branches_covered_display": "0"}, "missing_lines": [85, 86, 90, 91, 95], "excluded_lines": [], "start_line": 75, "executed_branches": [], "missing_branches": [[90, 91], [90, 95]]}, "": {"executed_lines": [9, 10, 11, 13, 14, 16, 17, 18, 19, 20, 21, 22, 24, 26, 29, 30, 41, 47, 69, 75], "summary": {"covered_lines": 20, "num_statements": 20, "percent_covered": 100.0, "percent_covered_display": "100", "missing_lines": 0, "excluded_lines": 0, "percent_statements_covered": 100.0, "percent_statements_covered_display": "100", "num_branches": 0, "num_partial_branches": 0, "covered_branches": 0, "missing_branches": 0, "percent_branches_covered": 100.0, "percent_branches_covered_display": "100"}, "missing_lines": [], "excluded_lines": [], "start_line": 1, "executed_branches": [], "missing_branches": []}}, "classes": {"": {"executed_lines": [9, 10, 11, 13, 14, 16, 17, 18, 19, 20, 21, 22, 24, 26, 29, 30, 36, 37, 38, 41, 47, 54, 55, 56, 69, 75, 82, 83, 84], "summary": {"covered_lines": 29, "num_statements": 37, "percent_covered": 74.35897435897436, "percent_covered_display": "74", "missing_lines": 8, "excluded_lines": 0, "percent_statements_covered": 78.37837837837837, "percent_statements_covered_display": "78", "num_branches": 2, "num_partial_branches": 0, "covered_branches": 0, "missing_branches": 2, "percent_branches_covered": 0.0, "percent_branches_covered_display": "0"}, "missing_lines": [61, 62, 66, 85, 86, 90, 91, 95], "excluded_lines": [], "start_line": 1, "executed_branches": [], "missing_branches": [[90, 91], [90, 95]]}}}, "app/api/v1/manifests.py": {"executed_lines": [12, 14, 15, 16, 17, 19, 20, 21, 23, 24, 26, 28, 35, 36, 37, 38, 39, 40, 43, 44, 45, 46, 47, 50, 51, 52, 53, 54, 55, 56, 57, 60, 61, 64, 65, 66, 67, 68, 69, 76, 77, 83, 85, 121, 122, 129, 132, 147, 167, 218, 231, 243, 244, 250, 252, 290, 291, 297, 299, 333, 367], "summary": {"covered_lines": 61, "num_statements": 117, "percent_covered": 42.06896551724138, "percent_covered_display": "42", "missing_lines": 56, "excluded_lines": 0, "percent_statements_covered": 52.136752136752136, "percent_statements_covered_display": "52", "num_branches": 28, "num_partial_branches": 0, "covered_branches": 0, "missing_branches": 28, "percent_branches_covered": 0.0, "percent_branches_covered_display": "0"}, "missing_lines": [97, 98, 104, 110, 139, 140, 159, 160, 177, 178, 179, 180, 183, 184, 185, 186, 187, 189, 190, 191, 200, 206, 208, 209, 233, 262, 263, 269, 270, 276, 277, 284, 287, 309, 310, 316, 322, 323, 324, 325, 327, 328, 329, 330, 331, 340, 341, 342, 344, 345, 346, 347, 352, 354, 369, 379], "excluded_lines": [], "executed_branches": [], "missing_branches": [[97, 98], [97, 104], [139, 140], [139, 147], [159, 160], [159, 167], [178, 179], [178, 183], [185, 186], [185, 208], [190, 191], [190, 200], [262, 263], [262, 269], [269, 270], [269, 276], [309, 310], [309, 316], [327, 328], [327, 354], [328, 327], [328, 329], [340, 341], [340, 344], [344, 345], [344, 346], [346, 347], [346, 352]], "functions": {"get_manifest": {"executed_lines": [83, 85], "summary": {"covered_lines": 2, "num_statements": 6, "percent_covered": 25.0, "percent_covered_display": "25", "missing_lines": 4, "excluded_lines": 0, "percent_statements_covered": 33.333333333333336, "percent_statements_covered_display": "33", "num_branches": 2, "num_partial_branches": 0, "covered_branches": 0, "missing_branches": 2, "percent_branches_covered": 0.0, "percent_branches_covered_display": "0"}, "missing_lines": [97, 98, 104, 110], "excluded_lines": [], "start_line": 77, "executed_branches": [], "missing_branches": [[97, 98], [97, 104]]}, "generate_manifest": {"executed_lines": [129, 132, 147, 167, 218, 231], "summary": {"covered_lines": 6, "num_statements": 27, "percent_covered": 16.216216216216218, "percent_covered_display": "16", "missing_lines": 21, "excluded_lines": 0, "percent_statements_covered": 22.22222222222222, "percent_statements_covered_display": "22", "num_branches": 10, "num_partial_branches": 0, "covered_branches": 0, "missing_branches": 10, "percent_branches_covered": 0.0, "percent_branches_covered_display": "0"}, "missing_lines": [139, 140, 159, 160, 177, 178, 179, 180, 183, 184, 185, 186, 187, 189, 190, 191, 200, 206, 208, 209, 233], "excluded_lines": [], "start_line": 122, "executed_branches": [], "missing_branches": [[139, 140], [139, 147], [159, 160], [159, 167], [178, 179], [178, 183], [185, 186], [185, 208], [190, 191], [190, 200]]}, "lock_manifest": {"executed_lines": [250, 252], "summary": {"covered_lines": 2, "num_statements": 10, "percent_covered": 14.285714285714286, "percent_covered_display": "14", "missing_lines": 8, "excluded_lines": 0, "percent_statements_covered": 20.0, "percent_statements_covered_display": "20", "num_branches": 4, "num_partial_branches": 0, "covered_branches": 0, "missing_branches": 4, "percent_branches_covered": 0.0, "percent_branches_covered_display": "0"}, "missing_lines": [262, 263, 269, 270, 276, 277, 284, 287], "excluded_lines": [], "start_line": 244, "executed_branches": [], "missing_branches": [[262, 263], [262, 269], [269, 270], [269, 276]]}, "validate_manifest": {"executed_lines": [297, 299, 333], "summary": {"covered_lines": 3, "num_statements": 24, "percent_covered": 8.333333333333334, "percent_covered_display": "8", "missing_lines": 21, "excluded_lines": 0, "percent_statements_covered": 12.5, "percent_statements_covered_display": "12", "num_branches": 12, "num_partial_branches": 0, "covered_branches": 0, "missing_branches": 12, "percent_branches_covered": 0.0, "percent_branches_covered_display": "0"}, "missing_lines": [309, 310, 316, 322, 323, 324, 325, 327, 328, 329, 330, 331, 340, 341, 342, 344, 345, 346, 347, 352, 354], "excluded_lines": [], "start_line": 291, "executed_branches": [], "missing_branches": [[309, 310], [309, 316], [327, 328], [327, 354], [328, 327], [328, 329], [340, 341], [340, 344], [344, 345], [344, 346], [346, 347], [346, 352]]}, "_asset_type_to_layer": {"executed_lines": [], "summary": {"covered_lines": 0, "num_statements": 2, "percent_covered": 0.0, "percent_covered_display": "0", "missing_lines": 2, "excluded_lines": 0, "percent_statements_covered": 0.0, "percent_statements_covered_display": "0", "num_branches": 0, "num_partial_branches": 0, "covered_branches": 0, "missing_branches": 0, "percent_branches_covered": 100.0, "percent_branches_covered_display": "100"}, "missing_lines": [369, 379], "excluded_lines": [], "start_line": 367, "executed_branches": [], "missing_branches": []}, "": {"executed_lines": [12, 14, 15, 16, 17, 19, 20, 21, 23, 24, 26, 28, 35, 36, 37, 38, 39, 40, 43, 44, 45, 46, 47, 50, 51, 52, 53, 54, 55, 56, 57, 60, 61, 64, 65, 66, 67, 68, 69, 76, 77, 121, 122, 243, 244, 290, 291, 367], "summary": {"covered_lines": 48, "num_statements": 48, "percent_covered": 100.0, "percent_covered_display": "100", "missing_lines": 0, "excluded_lines": 0, "percent_statements_covered": 100.0, "percent_statements_covered_display": "100", "num_branches": 0, "num_partial_branches": 0, "covered_branches": 0, "missing_branches": 0, "percent_branches_covered": 100.0, "percent_branches_covered_display": "100"}, "missing_lines": [], "excluded_lines": [], "start_line": 1, "executed_branches": [], "missing_branches": []}}, "classes": {"ManifestTimelineLayer": {"executed_lines": [], "summary": {"covered_lines": 0, "num_statements": 0, "percent_covered": 100.0, "percent_covered_display": "100", "missing_lines": 0, "excluded_lines": 0, "percent_statements_covered": 100.0, "percent_statements_covered_display": "100", "num_branches": 0, "num_partial_branches": 0, "covered_branches": 0, "missing_branches": 0, "percent_branches_covered": 100.0, "percent_branches_covered_display": "100"}, "missing_lines": [], "excluded_lines": [], "start_line": 35, "executed_branches": [], "missing_branches": []}, "ManifestScene": {"executed_lines": [], "summary": {"covered_lines": 0, "num_statements": 0, "percent_covered": 100.0, "percent_covered_display": "100", "missing_lines": 0, "excluded_lines": 0, "percent_statements_covered": 100.0, "percent_statements_covered_display": "100", "num_branches": 0, "num_partial_branches": 0, "covered_branches": 0, "missing_branches": 0, "percent_branches_covered": 100.0, "percent_branches_covered_display": "100"}, "missing_lines": [], "excluded_lines": [], "start_line": 43, "executed_branches": [], "missing_branches": []}, "ManifestResponse": {"executed_lines": [], "summary": {"covered_lines": 0, "num_statements": 0, "percent_covered": 100.0, "percent_covered_display": "100", "missing_lines": 0, "excluded_lines": 0, "percent_statements_covered": 100.0, "percent_statements_covered_display": "100", "num_branches": 0, "num_partial_branches": 0, "covered_branches": 0, "missing_branches": 0, "percent_branches_covered": 100.0, "percent_branches_covered_display": "100"}, "missing_lines": [], "excluded_lines": [], "start_line": 50, "executed_branches": [], "missing_branches": []}, "ManifestGenerateRequest": {"executed_lines": [], "summary": {"covered_lines": 0, "num_statements": 0, "percent_covered": 100.0, "percent_covered_display": "100", "missing_lines": 0, "excluded_lines": 0, "percent_statements_covered": 100.0, "percent_statements_covered_display": "100", "num_branches": 0, "num_partial_branches": 0, "covered_branches": 0, "missing_branches": 0, "percent_branches_covered": 100.0, "percent_branches_covered_display": "100"}, "missing_lines": [], "excluded_lines": [], "start_line": 60, "executed_branches": [], "missing_branches": []}, "ManifestValidationResult": {"executed_lines": [], "summary": {"covered_lines": 0, "num_statements": 0, "percent_covered": 100.0, "percent_covered_display": "100", "missing_lines": 0, "excluded_lines": 0, "percent_statements_covered": 100.0, "percent_statements_covered_display": "100", "num_branches": 0, "num_partial_branches": 0, "covered_branches": 0, "missing_branches": 0, "percent_branches_covered": 100.0, "percent_branches_covered_display": "100"}, "missing_lines": [], "excluded_lines": [], "start_line": 64, "executed_branches": [], "missing_branches": []}, "": {"executed_lines": [12, 14, 15, 16, 17, 19, 20, 21, 23, 24, 26, 28, 35, 36, 37, 38, 39, 40, 43, 44, 45, 46, 47, 50, 51, 52, 53, 54, 55, 56, 57, 60, 61, 64, 65, 66, 67, 68, 69, 76, 77, 83, 85, 121, 122, 129, 132, 147, 167, 218, 231, 243, 244, 250, 252, 290, 291, 297, 299, 333, 367], "summary": {"covered_lines": 61, "num_statements": 117, "percent_covered": 42.06896551724138, "percent_covered_display": "42", "missing_lines": 56, "excluded_lines": 0, "percent_statements_covered": 52.136752136752136, "percent_statements_covered_display": "52", "num_branches": 28, "num_partial_branches": 0, "covered_branches": 0, "missing_branches": 28, "percent_branches_covered": 0.0, "percent_branches_covered_display": "0"}, "missing_lines": [97, 98, 104, 110, 139, 140, 159, 160, 177, 178, 179, 180, 183, 184, 185, 186, 187, 189, 190, 191, 200, 206, 208, 209, 233, 262, 263, 269, 270, 276, 277, 284, 287, 309, 310, 316, 322, 323, 324, 325, 327, 328, 329, 330, 331, 340, 341, 342, 344, 345, 346, 347, 352, 354, 369, 379], "excluded_lines": [], "start_line": 1, "executed_branches": [], "missing_branches": [[97, 98], [97, 104], [139, 140], [139, 147], [159, 160], [159, 167], [178, 179], [178, 183], [185, 186], [185, 208], [190, 191], [190, 200], [262, 263], [262, 269], [269, 270], [269, 276], [309, 310], [309, 316], [327, 328], [327, 354], [328, 327], [328, 329], [340, 341], [340, 344], [344, 345], [344, 346], [346, 347], [346, 352]]}}}, "app/api/v1/nodes.py": {"executed_lines": [10, 12, 14, 15, 17, 19, 22, 68, 69, 77, 78, 79, 92, 95, 96, 101, 102, 103, 107], "summary": {"covered_lines": 19, "num_statements": 19, "percent_covered": 100.0, "percent_covered_display": "100", "missing_lines": 0, "excluded_lines": 0, "percent_statements_covered": 100.0, "percent_statements_covered_display": "100", "num_branches": 4, "num_partial_branches": 0, "covered_branches": 4, "missing_branches": 0, "percent_branches_covered": 100.0, "percent_branches_covered_display": "100"}, "missing_lines": [], "excluded_lines": [], "executed_branches": [[78, 79], [78, 92], [102, 103], [102, 107]], "missing_branches": [], "functions": {"list_nodes": {"executed_lines": [77, 78, 79, 92], "summary": {"covered_lines": 4, "num_statements": 4, "percent_covered": 100.0, "percent_covered_display": "100", "missing_lines": 0, "excluded_lines": 0, "percent_statements_covered": 100.0, "percent_statements_covered_display": "100", "num_branches": 2, "num_partial_branches": 0, "covered_branches": 2, "missing_branches": 0, "percent_branches_covered": 100.0, "percent_branches_covered_display": "100"}, "missing_lines": [], "excluded_lines": [], "start_line": 69, "executed_branches": [[78, 79], [78, 92]], "missing_branches": []}, "get_node": {"executed_lines": [101, 102, 103, 107], "summary": {"covered_lines": 4, "num_statements": 4, "percent_covered": 100.0, "percent_covered_display": "100", "missing_lines": 0, "excluded_lines": 0, "percent_statements_covered": 100.0, "percent_statements_covered_display": "100", "num_branches": 2, "num_partial_branches": 0, "covered_branches": 2, "missing_branches": 0, "percent_branches_covered": 100.0, "percent_branches_covered_display": "100"}, "missing_lines": [], "excluded_lines": [], "start_line": 96, "executed_branches": [[102, 103], [102, 107]], "missing_branches": []}, "": {"executed_lines": [10, 12, 14, 15, 17, 19, 22, 68, 69, 95, 96], "summary": {"covered_lines": 11, "num_statements": 11, "percent_covered": 100.0, "percent_covered_display": "100", "missing_lines": 0, "excluded_lines": 0, "percent_statements_covered": 100.0, "percent_statements_covered_display": "100", "num_branches": 0, "num_partial_branches": 0, "covered_branches": 0, "missing_branches": 0, "percent_branches_covered": 100.0, "percent_branches_covered_display": "100"}, "missing_lines": [], "excluded_lines": [], "start_line": 1, "executed_branches": [], "missing_branches": []}}, "classes": {"": {"executed_lines": [10, 12, 14, 15, 17, 19, 22, 68, 69, 77, 78, 79, 92, 95, 96, 101, 102, 103, 107], "summary": {"covered_lines": 19, "num_statements": 19, "percent_covered": 100.0, "percent_covered_display": "100", "missing_lines": 0, "excluded_lines": 0, "percent_statements_covered": 100.0, "percent_statements_covered_display": "100", "num_branches": 4, "num_partial_branches": 0, "covered_branches": 4, "missing_branches": 0, "percent_branches_covered": 100.0, "percent_branches_covered_display": "100"}, "missing_lines": [], "excluded_lines": [], "start_line": 1, "executed_branches": [[78, 79], [78, 92], [102, 103], [102, 107]], "missing_branches": []}}}, "app/api/v1/projects.py": {"executed_lines": [13, 14, 15, 17, 18, 20, 21, 22, 23, 24, 25, 26, 27, 29, 31, 34, 39, 48, 49, 67, 73, 79, 80, 83, 88, 94, 95, 104, 109, 116, 117, 126, 131, 137, 138, 146, 151, 157, 158, 159, 173, 177], "summary": {"covered_lines": 42, "num_statements": 72, "percent_covered": 48.83720930232558, "percent_covered_display": "49", "missing_lines": 30, "excluded_lines": 0, "percent_statements_covered": 58.333333333333336, "percent_statements_covered_display": "58", "num_branches": 14, "num_partial_branches": 0, "covered_branches": 0, "missing_branches": 14, "percent_branches_covered": 0.0, "percent_branches_covered_display": "0"}, "missing_lines": [56, 57, 96, 97, 101, 118, 119, 123, 139, 140, 160, 161, 165, 166, 170, 189, 190, 191, 201, 204, 205, 206, 217, 218, 227, 228, 229, 230, 231, 233], "excluded_lines": [], "executed_branches": [], "missing_branches": [[96, 97], [96, 101], [118, 119], [118, 123], [139, -126], [139, 140], [165, 166], [165, 170], [190, 191], [190, 201], [205, 206], [205, 217], [229, 230], [229, 233]], "functions": {"list_projects": {"executed_lines": [48, 49], "summary": {"covered_lines": 2, "num_statements": 4, "percent_covered": 50.0, "percent_covered_display": "50", "missing_lines": 2, "excluded_lines": 0, "percent_statements_covered": 50.0, "percent_statements_covered_display": "50", "num_branches": 0, "num_partial_branches": 0, "covered_branches": 0, "missing_branches": 0, "percent_branches_covered": 100.0, "percent_branches_covered_display": "100"}, "missing_lines": [56, 57], "excluded_lines": [], "start_line": 39, "executed_branches": [], "missing_branches": []}, "create_project": {"executed_lines": [79, 80], "summary": {"covered_lines": 2, "num_statements": 2, "percent_covered": 100.0, "percent_covered_display": "100", "missing_lines": 0, "excluded_lines": 0, "percent_statements_covered": 100.0, "percent_statements_covered_display": "100", "num_branches": 0, "num_partial_branches": 0, "covered_branches": 0, "missing_branches": 0, "percent_branches_covered": 100.0, "percent_branches_covered_display": "100"}, "missing_lines": [], "excluded_lines": [], "start_line": 73, "executed_branches": [], "missing_branches": []}, "get_project": {"executed_lines": [94, 95], "summary": {"covered_lines": 2, "num_statements": 5, "percent_covered": 28.571428571428573, "percent_covered_display": "29", "missing_lines": 3, "excluded_lines": 0, "percent_statements_covered": 40.0, "percent_statements_covered_display": "40", "num_branches": 2, "num_partial_branches": 0, "covered_branches": 0, "missing_branches": 2, "percent_branches_covered": 0.0, "percent_branches_covered_display": "0"}, "missing_lines": [96, 97, 101], "excluded_lines": [], "start_line": 88, "executed_branches": [], "missing_branches": [[96, 97], [96, 101]]}, "update_project": {"executed_lines": [116, 117], "summary": {"covered_lines": 2, "num_statements": 5, "percent_covered": 28.571428571428573, "percent_covered_display": "29", "missing_lines": 3, "excluded_lines": 0, "percent_statements_covered": 40.0, "percent_statements_covered_display": "40", "num_branches": 2, "num_partial_branches": 0, "covered_branches": 0, "missing_branches": 2, "percent_branches_covered": 0.0, "percent_branches_covered_display": "0"}, "missing_lines": [118, 119, 123], "excluded_lines": [], "start_line": 109, "executed_branches": [], "missing_branches": [[118, 119], [118, 123]]}, "delete_project": {"executed_lines": [137, 138], "summary": {"covered_lines": 2, "num_statements": 4, "percent_covered": 33.333333333333336, "percent_covered_display": "33", "missing_lines": 2, "excluded_lines": 0, "percent_statements_covered": 50.0, "percent_statements_covered_display": "50", "num_branches": 2, "num_partial_branches": 0, "covered_branches": 0, "missing_branches": 2, "percent_branches_covered": 0.0, "percent_branches_covered_display": "0"}, "missing_lines": [139, 140], "excluded_lines": [], "start_line": 131, "executed_branches": [], "missing_branches": [[139, -126], [139, 140]]}, "trigger_pipeline": {"executed_lines": [157, 158, 159], "summary": {"covered_lines": 3, "num_statements": 8, "percent_covered": 30.0, "percent_covered_display": "30", "missing_lines": 5, "excluded_lines": 0, "percent_statements_covered": 37.5, "percent_statements_covered_display": "38", "num_branches": 2, "num_partial_branches": 0, "covered_branches": 0, "missing_branches": 2, "percent_branches_covered": 0.0, "percent_branches_covered_display": "0"}, "missing_lines": [160, 161, 165, 166, 170], "excluded_lines": [], "start_line": 151, "executed_branches": [], "missing_branches": [[165, 166], [165, 170]]}, "upload_talking_head": {"executed_lines": [], "summary": {"covered_lines": 0, "num_statements": 15, "percent_covered": 0.0, "percent_covered_display": "0", "missing_lines": 15, "excluded_lines": 0, "percent_statements_covered": 0.0, "percent_statements_covered_display": "0", "num_branches": 6, "num_partial_branches": 0, "covered_branches": 0, "missing_branches": 6, "percent_branches_covered": 0.0, "percent_branches_covered_display": "0"}, "missing_lines": [189, 190, 191, 201, 204, 205, 206, 217, 218, 227, 228, 229, 230, 231, 233], "excluded_lines": [], "start_line": 177, "executed_branches": [], "missing_branches": [[190, 191], [190, 201], [205, 206], [205, 217], [229, 230], [229, 233]]}, "": {"executed_lines": [13, 14, 15, 17, 18, 20, 21, 22, 23, 24, 25, 26, 27, 29, 31, 34, 39, 67, 73, 83, 88, 104, 109, 126, 131, 146, 151, 173, 177], "summary": {"covered_lines": 29, "num_statements": 29, "percent_covered": 100.0, "percent_covered_display": "100", "missing_lines": 0, "excluded_lines": 0, "percent_statements_covered": 100.0, "percent_statements_covered_display": "100", "num_branches": 0, "num_partial_branches": 0, "covered_branches": 0, "missing_branches": 0, "percent_branches_covered": 100.0, "percent_branches_covered_display": "100"}, "missing_lines": [], "excluded_lines": [], "start_line": 1, "executed_branches": [], "missing_branches": []}}, "classes": {"": {"executed_lines": [13, 14, 15, 17, 18, 20, 21, 22, 23, 24, 25, 26, 27, 29, 31, 34, 39, 48, 49, 67, 73, 79, 80, 83, 88, 94, 95, 104, 109, 116, 117, 126, 131, 137, 138, 146, 151, 157, 158, 159, 173, 
[...]
tements": 9, "percent_covered": 27.272727272727273, "percent_covered_display": "27", "missing_lines": 6, "excluded_lines": 0, "percent_statements_covered": 33.333333333333336, "percent_statements_covered_display": "33", "num_branches": 2, "num_partial_branches": 0, "covered_branches": 0, "missing_branches": 2, "percent_branches_covered": 0.0, "percent_branches_covered_display": "0"}, "missing_lines": [158, 159, 161, 166, 170, 177], "excluded_lines": [], "start_line": 147, "executed_branches": [], "missing_branches": [[158, 159], [158, 161]]}, "": {"executed_lines": [6, 7, 8, 9, 11, 12, 14, 15, 17, 20, 23, 26, 35, 47, 71, 100, 113, 147], "summary": {"covered_lines": 18, "num_statements": 18, "percent_covered": 100.0, "percent_covered_display": "100", "missing_lines": 0, "excluded_lines": 0, "percent_statements_covered": 100.0, "percent_statements_covered_display": "100", "num_branches": 0, "num_partial_branches": 0, "covered_branches": 0, "missing_branches": 0, "percent_branches_covered": 100.0, "percent_branches_covered_display": "100"}, "missing_lines": [], "excluded_lines": [], "start_line": 1, "executed_branches": [], "missing_branches": []}}, "classes": {"StoryboardService": {"executed_lines": [24, 28, 33, 39, 45, 57, 65, 66, 67, 68, 69, 81, 82, 83, 85, 86, 87, 89, 91, 94, 95, 96, 97, 98, 104, 105, 106, 108, 109, 110, 111, 125, 126, 127, 129, 130, 131, 132, 133, 134, 135, 136, 137, 139, 140, 141, 142, 144, 145, 157, 167, 168], "summary": {"covered_lines": 52, "num_statements": 61, "percent_covered": 79.51807228915662, "percent_covered_display": "80", "missing_lines": 9, "excluded_lines": 0, "percent_statements_covered": 85.24590163934427, "percent_statements_covered_display": "85", "num_branches": 22, "num_partial_branches": 6, "covered_branches": 14, "missing_branches": 8, "percent_branches_covered": 63.63636363636363, "percent_branches_covered_display": "64"}, "missing_lines": [88, 90, 92, 158, 159, 161, 166, 170, 177], "excluded_lines": [], "start_line": 20, "executed_branches": [[82, 83], [82, 85], [85, 86], [87, 89], [89, 91], [91, 94], [105, 106], [105, 108], [129, 130], [129, 139], [133, 134], [135, 136], [140, 141], [140, 144]], "missing_branches": [[85, 87], [87, 88], [89, 90], [91, 92], [133, 135], [135, 137], [158, 159], [158, 161]]}, "": {"executed_lines": [6, 7, 8, 9, 11, 12, 14, 15, 17, 20, 23, 26, 35, 47, 71, 100, 113, 147], "summary": {"covered_lines": 18, "num_statements": 18, "percent_covered": 100.0, "percent_covered_display": "100", "missing_lines": 0, "excluded_lines": 0, "percent_statements_covered": 100.0, "percent_statements_covered_display": "100", "num_branches": 0, "num_partial_branches": 0, "covered_branches": 0, "missing_branches": 0, "percent_branches_covered": 100.0, "percent_branches_covered_display": "100"}, "missing_lines": [], "excluded_lines": [], "start_line": 1, "executed_branches": [], "missing_branches": []}}}, "app/services/transcript_service.py": {"executed_lines": [11, 12, 13, 14, 15, 16, 18, 19, 21, 22, 23, 25, 28, 39, 51, 53, 56, 63, 66, 67, 69, 74, 79, 81, 97, 101, 103, 104, 105, 106, 107, 110, 113, 114, 119, 122, 132, 133, 136, 137, 138, 139, 140, 146, 147, 152, 155, 156, 163, 164, 166, 167, 168, 170, 174, 176, 182, 188, 190, 199, 200, 201, 203, 204, 205, 207, 208, 210, 211, 212, 213, 214, 216, 222, 223, 224, 226, 227, 228, 229, 231, 245, 246, 248, 249, 250, 251, 252, 253, 254, 255, 256, 257, 260, 261, 262, 263, 265, 268], "summary": {"covered_lines": 99, "num_statements": 118, "percent_covered": 82.43243243243244, "percent_covered_display": "82", "missing_lines": 19, "excluded_lines": 0, "percent_statements_covered": 83.89830508474576, "percent_statements_covered_display": "84", "num_branches": 30, "num_partial_branches": 1, "covered_branches": 23, "missing_branches": 7, "percent_branches_covered": 76.66666666666667, "percent_branches_covered_display": "77"}, "missing_lines": [30, 32, 33, 34, 35, 36, 41, 43, 44, 45, 46, 47, 48, 141, 142, 143, 148, 149, 206], "excluded_lines": [], "executed_branches": [[104, 105], [104, 166], [138, 139], [138, 146], [167, 168], [167, 170], [200, 201], [200, 203], [203, 204], [203, 205], [205, 207], [207, 208], [207, 210], [223, 224], [223, 226], [249, 250], [249, 260], [253, 254], [253, 255], [255, 256], [255, 257], [261, 262], [261, 265]], "missing_branches": [[34, 35], [34, 36], [45, 46], [45, 48], [46, 45], [46, 47], [205, 206]], "functions": {"extract_text_from_pdf": {"executed_lines": [], "summary": {"covered_lines": 0, "num_statements": 6, "percent_covered": 0.0, "percent_covered_display": "0", "missing_lines": 6, "excluded_lines": 0, "percent_statements_covered": 0.0, "percent_statements_covered_display": "0", "num_branches": 2, "num_partial_branches": 0, "covered_branches": 0, "missing_branches": 2, "percent_branches_covered": 0.0, "percent_branches_covered_display": "0"}, "missing_lines": [30, 32, 33, 34, 35, 36], "excluded_lines": [], "start_line": 28, "executed_branches": [], "missing_branches": [[34, 35], [34, 36]]}, "extract_text_from_docx": {"executed_lines": [], "summary": {"covered_lines": 0, "num_statements": 7, "percent_covered": 0.0, "percent_covered_display": "0", "missing_lines": 7, "excluded_lines": 0, "percent_statements_covered": 0.0, "percent_statements_covered_display": "0", "num_branches": 4, "num_partial_branches": 0, "covered_branches": 0, "missing_branches": 4, "percent_branches_covered": 0.0, "percent_branches_covered_display": "0"}, "missing_lines": [41, 43, 44, 45, 46, 47, 48], "excluded_lines": [], "start_line": 39, "executed_branches": [], "missing_branches": [[45, 46], [45, 48], [46, 45], [46, 47]]}, "extract_text_from_txt": {"executed_lines": [53], "summary": {"covered_lines": 1, "num_statements": 1, "percent_covered": 100.0, "percent_covered_display": "100", "missing_lines": 0, "excluded_lines": 0, "percent_statements_covered": 100.0, "percent_statements_covered_display": "100", "num_branches": 0, "num_partial_branches": 0, "covered_branches": 0, "missing_branches": 0, "percent_branches_covered": 100.0, "percent_branches_covered_display": "100"}, "missing_lines": [], "excluded_lines": [], "start_line": 51, "executed_branches": [], "missing_branches": []}, "TranscriptService.__init__": {"executed_lines": [67], "summary": {"covered_lines": 1, "num_statements": 1, "percent_covered": 100.0, "percent_covered_display": "100", "missing_lines": 0, "excluded_lines": 0, "percent_statements_covered": 100.0, "percent_statements_covered_display": "100", "num_branches": 0, "num_partial_branches": 0, "covered_branches": 0, "missing_branches": 0, "percent_branches_covered": 100.0, "percent_branches_covered_display": "100"}, "missing_lines": [], "excluded_lines": [], "start_line": 66, "executed_branches": [], "missing_branches": []}, "TranscriptService.list_transcripts": {"executed_lines": [74, 79], "summary": {"covered_lines": 2, "num_statements": 2, "percent_covered": 100.0, "percent_covered_display": "100", "missing_lines": 0, "excluded_lines": 0, "percent_statements_covered": 100.0, "percent_statements_covered_display": "100", "num_branches": 0, "num_partial_branches": 0, "covered_branches": 0, "missing_branches": 0, "percent_branches_covered": 100.0, "percent_branches_covered_display": "100"}, "missing_lines": [], "excluded_lines": [], "start_line": 69, "executed_branches": [], "missing_branches": []}, "TranscriptService.upload_transcripts": {"executed_lines": [97, 101, 103, 104, 105, 106, 107, 110, 113, 114, 119, 122, 132, 133, 136, 137, 138, 139, 140, 146, 147, 152, 155, 156, 163, 164, 166, 167, 168, 170, 174], "summary": {"covered_lines": 31, "num_statements": 36, "percent_covered": 88.0952380952381, "percent_covered_display": "88", "missing_lines": 5, "excluded_lines": 0, "percent_statements_covered": 86.11111111111111, "percent_statements_covered_display": "86", "num_branches": 6, "num_partial_branches": 0, "covered_branches": 6, "missing_branches": 0, "percent_branches_covered": 100.0, "percent_branches_covered_display": "100"}, "missing_lines": [141, 142, 143, 148, 149], "excluded_lines": [], "start_line": 81, "executed_branches": [[104, 105], [104, 166], [138, 139], [138, 146], [167, 168], [167, 170]], "missing_branches": []}, "TranscriptService.get_transcript": {"executed_lines": [182, 188], "summary": {"covered_lines": 2, "num_statements": 2, "percent_covered": 100.0, "percent_covered_display": "100", "missing_lines": 0, "excluded_lines": 0, "percent_statements_covered": 100.0, "percent_statements_covered_display": "100", "num_branches": 0, "num_partial_branches": 0, "covered_branches": 0, "missing_branches": 0, "percent_branches_covered": 100.0, "percent_branches_covered_display": "100"}, "missing_lines": [], "excluded_lines": [], "start_line": 176, "executed_branches": [], "missing_branches": []}, "TranscriptService.update_transcript": {"executed_lines": [199, 200, 201, 203, 204, 205, 207, 208, 210, 211, 212, 213, 214], "summary": {"covered_lines": 13, "num_statements": 14, "percent_covered": 90.9090909090909, "percent_covered_display": "91", "missing_lines": 1, "excluded_lines": 0, "percent_statements_covered": 92.85714285714286, "percent_statements_covered_display": "93", "num_branches": 8, "num_partial_branches": 1, "covered_branches": 7, "missing_branches": 1, "percent_branches_covered": 87.5, "percent_branches_covered_display": "88"}, "missing_lines": [206], "excluded_lines": [], "start_line": 190, "executed_branches": [[200, 201], [200, 203], [203, 204], [203, 205], [205, 207], [207, 208], [207, 210]], "missing_branches": [[205, 206]]}, "TranscriptService.delete_transcript": {"executed_lines": [222, 223, 224, 226, 227, 228, 229], "summary": {"covered_lines": 7, "num_statements": 7, "percent_covered": 100.0, "percent_covered_display": "100", "missing_lines": 0, "excluded_lines": 0, "percent_statements_covered": 100.0, "percent_statements_covered_display": "100", "num_branches": 2, "num_partial_branches": 0, "covered_branches": 2, "missing_branches": 0, "percent_branches_covered": 100.0, "percent_branches_covered_display": "100"}, "missing_lines": [], "excluded_lines": [], "start_line": 216, "executed_branches": [[223, 224], [223, 226]], "missing_branches": []}, "TranscriptService.reorder_transcripts": {"executed_lines": [245, 246, 248, 249, 250, 251, 252, 253, 254, 255, 256, 257, 260, 261, 262, 263, 265, 268], "summary": {"covered_lines": 18, "num_statements": 18, "percent_covered": 100.0, "percent_covered_display": "100", "missing_lines": 0, "excluded_lines": 0, "percent_statements_covered": 100.0, "percent_statements_covered_display": "100", "num_branches": 8, "num_partial_branches": 0, "covered_branches": 8, "missing_branches": 0, "percent_branches_covered": 100.0, "percent_branches_covered_display": "100"}, "missing_lines": [], "excluded_lines": [], "start_line": 231, "executed_branches": [[249, 250], [249, 260], [253, 254], [253, 255], [255, 256], [255, 257], [261, 262], [261, 265]], "missing_branches": []}, "": {"executed_lines": [11, 12, 13, 14, 15, 16, 18, 19, 21, 22, 23, 25, 28, 39, 51, 56, 63, 66, 69, 81, 176, 190, 216, 231], "summary": {"covered_lines": 24, "num_statements": 24, "percent_covered": 100.0, "percent_covered_display": "100", "missing_lines": 0, "excluded_lines": 0, "percent_statements_covered": 100.0, "percent_statements_covered_display": "100", "num_branches": 0, "num_partial_branches": 0, "covered_branches": 0, "missing_branches": 0, "percent_branches_covered": 100.0, "percent_branches_covered_display": "100"}, "missing_lines": [], "excluded_lines": [], "start_line": 1, "executed_branches": [], "missing_branches": []}}, "classes": {"TranscriptService": {"executed_lines": [67, 74, 79, 97, 101, 103, 104, 105, 106, 107, 110, 113, 114, 119, 122, 132, 133, 136, 137, 138, 139, 140, 146, 147, 152, 155, 156, 163, 164, 166, 167, 168, 170, 174, 182, 188, 199, 200, 201, 203, 204, 205, 207, 208, 210, 211, 212, 213, 214, 222, 223, 224, 226, 227, 228, 229, 245, 246, 248, 249, 250, 251, 252, 253, 254, 255, 256, 257, 260, 261, 262, 263, 265, 268], "summary": {"covered_lines": 74, "num_statements": 80, "percent_covered": 93.26923076923077, "percent_covered_display": "93", "missing_lines": 6, "excluded_lines": 0, "percent_statements_covered": 92.5, "percent_statements_covered_display": "92", "num_branches": 24, "num_partial_branches": 1, "covered_branches": 23, "missing_branches": 1, "percent_branches_covered": 95.83333333333333, "percent_branches_covered_display": "96"}, "missing_lines": [141, 142, 143, 148, 149, 206], "excluded_lines": [], "start_line": 63, "executed_branches": [[104, 105], [104, 166], [138, 139], [138, 146], [167, 168], [167, 170], [200, 201], [200, 203], [203, 204], [203, 205], [205, 207], [207, 208], [207, 210], [223, 224], [223, 226], [249, 250], [249, 260], [253, 254], [253, 255], [255, 256], [255, 257], [261, 262], [261, 265]], "missing_branches": [[205, 206]]}, "": {"executed_lines": [11, 12, 13, 14, 15, 16, 18, 19, 21, 22, 23, 25, 28, 39, 51, 53, 56, 63, 66, 69, 81, 176, 190, 216, 231], "summary": {"covered_lines": 25, "num_statements": 38, "percent_covered": 56.81818181818182, "percent_covered_display": "57", "missing_lines": 13, "excluded_lines": 0, "percent_statements_covered": 65.78947368421052, "percent_statements_covered_display": "66", "num_branches": 6, "num_partial_branches": 0, "covered_branches": 0, "missing_branches": 6, "percent_branches_covered": 0.0, "percent_branches_covered_display": "0"}, "missing_lines": [30, 32, 33, 34, 35, 36, 41, 43, 44, 45, 46, 47, 48], "excluded_lines": [], "start_line": 1, "executed_branches": [], "missing_branches": [[34, 35], [34, 36], [45, 46], [45, 48], [46, 45], [46, 47]]}}}, "app/services/user_service.py": {"executed_lines": [12, 13, 14, 16, 17, 19, 20, 22, 25, 36, 37, 38, 40, 46, 47, 48, 50, 51, 54, 56, 57, 60, 62, 63, 66, 78, 79, 82, 83, 89, 91, 94, 106, 107, 111, 113, 114, 115, 117, 118, 119, 124, 125, 126, 129, 136, 137, 138], "summary": {"covered_lines": 48, "num_statements": 48, "percent_covered": 100.0, "percent_covered_display": "100", "missing_lines": 0, "excluded_lines": 0, "percent_statements_covered": 100.0, "percent_statements_covered_display": "100", "num_branches": 8, "num_partial_branches": 0, "covered_branches": 8, "missing_branches": 0, "percent_branches_covered": 100.0, "percent_branches_covered_display": "100"}, "missing_lines": [], "excluded_lines": [], "executed_branches": [[37, 38], [37, 40], [106, 107], [106, 113], [113, 114], [113, 117], [117, 118], [117, 124]], "missing_branches": [], "functions": {"create_user": {"executed_lines": [36, 37, 38, 40, 46, 47, 48, 50, 51], "summary": {"covered_lines": 9, "num_statements": 9, "percent_covered": 100.0, "percent_covered_display": "100", "missing_lines": 0, "excluded_lines": 0, "percent_statements_covered": 100.0, "percent_statements_covered_display": "100", "num_branches": 2, "num_partial_branches": 0, "covered_branches": 2, "missing_branches": 0, "percent_branches_covered": 100.0, "percent_branches_covered_display": "100"}, "missing_lines": [], "excluded_lines": [], "start_line": 25, "executed_branches": [[37, 38], [37, 40]], "missing_branches": []}, "get_user_by_id": {"executed_lines": [56, 57], "summary": {"covered_lines": 2, "num_statements": 2, "percent_covered": 100.0, "percent_covered_display": "100", "missing_lines": 0, "excluded_lines": 0, "percent_statements_covered": 100.0, "percent_statements_covered_display": "100", "num_branches": 0, "num_partial_branches": 0, "covered_branches": 0, "missing_branches": 0, "percent_branches_covered": 100.0, "percent_branches_covered_display": "100"}, "missing_lines": [], "excluded_lines": [], "start_line": 54, "executed_branches": [], "missing_branches": []}, "get_user_by_username": {"executed_lines": [62, 63], "summary": {"covered_lines": 2, "num_statements": 2, "percent_covered": 100.0, "percent_covered_display": "100", "missing_lines": 0, "excluded_lines": 0, "percent_statements_covered": 100.0, "percent_statements_covered_display": "100", "num_branches": 0, "num_partial_branches": 0, "covered_branches": 0, "missing_branches": 0, "percent_branches_covered": 100.0, "percent_branches_covered_display": "100"}, "missing_lines": [], "excluded_lines": [], "start_line": 60, "executed_branches": [], "missing_branches": []}, "list_users": {"executed_lines": [78, 79, 82, 83, 89, 91], "summary": {"covered_lines": 6, "num_statements": 6, "percent_covered": 100.0, "percent_covered_display": "100", "missing_lines": 0, "excluded_lines": 0, "percent_statements_covered": 100.0, "percent_statements_covered_display": "100", "num_branches": 0, "num_partial_branches": 0, "covered_branches": 0, "missing_branches": 0, "percent_branches_covered": 100.0, "percent_branches_covered_display": "100"}, "missing_lines": [], "excluded_lines": [], "start_line": 66, "executed_branches": [], "missing_branches": []}, "update_user": {"executed_lines": [106, 107, 111, 113, 114, 115, 117, 118, 119, 124, 125, 126], "summary": {"covered_lines": 12, "num_statements": 12, "percent_covered": 100.0, "percent_covered_display": "100", "missing_lines": 0, "excluded_lines": 0, "percent_statements_covered": 100.0, "percent_statements_covered_display": "100", "num_branches": 6, "num_partial_branches": 0, "covered_branches": 6, "missing_branches": 0, "percent_branches_covered": 100.0, "percent_branches_covered_display": "100"}, "missing_lines": [], "excluded_lines": [], "start_line": 94, "executed_branches": [[106, 107], [106, 113], [113, 114], [113, 117], [117, 118], [117, 124]], "missing_branches": []}, "delete_user": {"executed_lines": [136, 137, 138], "summary": {"covered_lines": 3, "num_statements": 3, "percent_covered": 100.0, "percent_covered_display": "100", "missing_lines": 0, "excluded_lines": 0, "percent_statements_covered": 100.0, "percent_statements_covered_display": "100", "num_branches": 0, "num_partial_branches": 0, "covered_branches": 0, "missing_branches": 0, "percent_branches_covered": 100.0, "percent_branches_covered_display": "100"}, "missing_lines": [], "excluded_lines": [], "start_line": 129, "executed_branches": [], "missing_branches": []}, "": {"executed_lines": [12, 13, 14, 16, 17, 19, 20, 22, 25, 54, 60, 66, 94, 129], "summary": {"covered_lines": 14, "num_statements": 14, "percent_covered": 100.0, "percent_covered_display": "100", "missing_lines": 0, "excluded_lines": 0, "percent_statements_covered": 100.0, "percent_statements_covered_display": "100", "num_branches": 0, "num_partial_branches": 0, "covered_branches": 0, "missing_branches": 0, "percent_branches_covered": 100.0, "percent_branches_covered_display": "100"}, "missing_lines": [], "excluded_lines": [], "start_line": 1, "executed_branches": [], "missing_branches": []}}, "classes": {"": {"executed_lines": [12, 13, 14, 16, 17, 19, 20, 22, 25, 36, 37, 38, 40, 46, 47, 48, 50, 51, 54, 56, 57, 60, 62, 63, 66, 78, 79, 82, 83, 89, 91, 94, 106, 107, 111, 113, 114, 115, 117, 118, 119, 124, 125, 126, 129, 136, 137, 138], "summary": {"covered_lines": 48, "num_statements": 48, "percent_covered": 100.0, "percent_covered_display": "100", "missing_lines": 0, "excluded_lines": 0, "percent_statements_covered": 100.0, "percent_statements_covered_display": "100", "num_branches": 8, "num_partial_branches": 0, "covered_branches": 8, "missing_branches": 0, "percent_branches_covered": 100.0, "percent_branches_covered_display": "100"}, "missing_lines": [], "excluded_lines": [], "start_line": 1, "executed_branches": [[37, 38], [37, 40], [106, 107], [106, 113], [113, 114], [113, 117], [117, 118], [117, 124]], "missing_branches": []}}}}, "totals": {"covered_lines": 3516, "num_statements": 4209, "percent_covered": 79.64511523557006, "percent_covered_display": "80", "missing_lines": 693, "excluded_lines": 1, "percent_statements_covered": 83.53528153955808, "percent_statements_covered_display": "84", "num_branches": 694, "num_partial_branches": 75, "covered_branches": 389, "missing_branches": 305, "percent_branches_covered": 56.05187319884726, "percent_branches_covered_display": "56"}}